[2026-02-20 21-19-52] [INFO    ] discord.gateway: Shard ID None has connected to Gateway (Session ID: 295ba0d967e48eb9120103748a29a0cd).
[2026-02-20 21-19-52] [INFO    ] discord.gateway: Shard ID None has connected to Gateway (Session ID: 295ba0d967e48eb9120103748a29a0cd).
[2026-02-20 21-26-35] [INFO    ] discord: Realoded `tasks.py` | Ausgeführt von icefreestyler.luca(714361420409733171)
[2026-02-20 21-26-35] [INFO    ] discord: Realoded `tasks.py` | Ausgeführt von icefreestyler.luca(714361420409733171)
[2026-02-20 21-26-35] [INFO    ] discord: Realoded `tasks.py` | Ausgeführt von icefreestyler.luca(714361420409733171)
[2026-02-20 21-27-30] [INFO    ] discord: Realoded `tasks.py` | Ausgeführt von icefreestyler.luca(714361420409733171)
[2026-02-20 21-27-30] [INFO    ] discord: Realoded `tasks.py` | Ausgeführt von icefreestyler.luca(714361420409733171)
[2026-02-20 21-27-30] [INFO    ] discord: Realoded `tasks.py` | Ausgeführt von icefreestyler.luca(714361420409733171)
[2026-02-20 21-27-30] [INFO    ] discord: Realoded `tasks.py` | Ausgeführt von icefreestyler.luca(714361420409733171)
[2026-02-20 21-29-28] [INFO    ] discord: Realoded `tasks.py` | Ausgeführt von icefreestyler.luca(714361420409733171)
[2026-02-20 21-29-28] [INFO    ] discord: Realoded `tasks.py` | Ausgeführt von icefreestyler.luca(714361420409733171)
[2026-02-20 21-29-28] [INFO    ] discord: Realoded `tasks.py` | Ausgeführt von icefreestyler.luca(714361420409733171)
[2026-02-20 21-29-28] [INFO    ] discord: Realoded `tasks.py` | Ausgeführt von icefreestyler.luca(714361420409733171)
[2026-02-20 21-29-28] [INFO    ] discord: Realoded `tasks.py` | Ausgeführt von icefreestyler.luca(714361420409733171)
[2026-02-20 21-29-59] [INFO    ] discord: Realoded `tasks.py` | Ausgeführt von icefreestyler.luca(714361420409733171)
[2026-02-20 21-29-59] [INFO    ] discord: Realoded `tasks.py` | Ausgeführt von icefreestyler.luca(714361420409733171)
[2026-02-20 21-29-59] [INFO    ] discord: Realoded `tasks.py` | Ausgeführt von icefreestyler.luca(714361420409733171)
[2026-02-20 21-29-59] [INFO    ] discord: Realoded `tasks.py` | Ausgeführt von icefreestyler.luca(714361420409733171)
[2026-02-20 21-29-59] [INFO    ] discord: Realoded `tasks.py` | Ausgeführt von icefreestyler.luca(714361420409733171)
[2026-02-20 21-29-59] [INFO    ] discord: Realoded `tasks.py` | Ausgeführt von icefreestyler.luca(714361420409733171)
[2026-02-20 21-30-34] [INFO    ] discord: Realoded `tasks.py` | Ausgeführt von icefreestyler.luca(714361420409733171)
[2026-02-20 21-30-34] [INFO    ] discord: Realoded `tasks.py` | Ausgeführt von icefreestyler.luca(714361420409733171)
[2026-02-20 21-30-34] [INFO    ] discord: Realoded `tasks.py` | Ausgeführt von icefreestyler.luca(714361420409733171)
[2026-02-20 21-30-34] [INFO    ] discord: Realoded `tasks.py` | Ausgeführt von icefreestyler.luca(714361420409733171)
[2026-02-20 21-30-34] [INFO    ] discord: Realoded `tasks.py` | Ausgeführt von icefreestyler.luca(714361420409733171)
[2026-02-20 21-30-34] [INFO    ] discord: Realoded `tasks.py` | Ausgeführt von icefreestyler.luca(714361420409733171)
[2026-02-20 21-30-34] [INFO    ] discord: Realoded `tasks.py` | Ausgeführt von icefreestyler.luca(714361420409733171)
[2026-02-20 21-31-50] [INFO    ] discord: Realoded `tasks.py` | Ausgeführt von icefreestyler.luca(714361420409733171)
[2026-02-20 21-31-50] [INFO    ] discord: Realoded `tasks.py` | Ausgeführt von icefreestyler.luca(714361420409733171)
[2026-02-20 21-31-50] [INFO    ] discord: Realoded `tasks.py` | Ausgeführt von icefreestyler.luca(714361420409733171)
[2026-02-20 21-31-50] [INFO    ] discord: Realoded `tasks.py` | Ausgeführt von icefreestyler.luca(714361420409733171)
[2026-02-20 21-31-50] [INFO    ] discord: Realoded `tasks.py` | Ausgeführt von icefreestyler.luca(714361420409733171)
[2026-02-20 21-31-50] [INFO    ] discord: Realoded `tasks.py` | Ausgeführt von icefreestyler.luca(714361420409733171)
[2026-02-20 21-31-50] [INFO    ] discord: Realoded `tasks.py` | Ausgeführt von icefreestyler.luca(714361420409733171)
[2026-02-20 21-31-50] [INFO    ] discord: Realoded `tasks.py` | Ausgeführt von icefreestyler.luca(714361420409733171)
[2026-02-20 21-52-36] [INFO    ] discord.gateway: Shard ID None has successfully RESUMED session 295ba0d967e48eb9120103748a29a0cd.
[2026-02-20 21-52-36] [INFO    ] discord.gateway: Shard ID None has successfully RESUMED session 295ba0d967e48eb9120103748a29a0cd.
[2026-02-20 21-52-36] [INFO    ] discord.gateway: Shard ID None has successfully RESUMED session 295ba0d967e48eb9120103748a29a0cd.
[2026-02-20 21-52-36] [INFO    ] discord.gateway: Shard ID None has successfully RESUMED session 295ba0d967e48eb9120103748a29a0cd.
[2026-02-20 21-52-36] [INFO    ] discord.gateway: Shard ID None has successfully RESUMED session 295ba0d967e48eb9120103748a29a0cd.
[2026-02-20 21-52-36] [INFO    ] discord.gateway: Shard ID None has successfully RESUMED session 295ba0d967e48eb9120103748a29a0cd.
[2026-02-20 21-52-36] [INFO    ] discord.gateway: Shard ID None has successfully RESUMED session 295ba0d967e48eb9120103748a29a0cd.
[2026-02-20 21-52-36] [INFO    ] discord.gateway: Shard ID None has successfully RESUMED session 295ba0d967e48eb9120103748a29a0cd.
[2026-02-20 21-53-51] [INFO    ] discord: Realoded `tasks.py` | Ausgeführt von icefreestyler.luca(714361420409733171)
[2026-02-20 21-53-51] [INFO    ] discord: Realoded `tasks.py` | Ausgeführt von icefreestyler.luca(714361420409733171)
[2026-02-20 21-53-51] [INFO    ] discord: Realoded `tasks.py` | Ausgeführt von icefreestyler.luca(714361420409733171)
[2026-02-20 21-53-51] [INFO    ] discord: Realoded `tasks.py` | Ausgeführt von icefreestyler.luca(714361420409733171)
[2026-02-20 21-53-51] [INFO    ] discord: Realoded `tasks.py` | Ausgeführt von icefreestyler.luca(714361420409733171)
[2026-02-20 21-53-51] [INFO    ] discord: Realoded `tasks.py` | Ausgeführt von icefreestyler.luca(714361420409733171)
[2026-02-20 21-53-51] [INFO    ] discord: Realoded `tasks.py` | Ausgeführt von icefreestyler.luca(714361420409733171)
[2026-02-20 21-53-51] [INFO    ] discord: Realoded `tasks.py` | Ausgeführt von icefreestyler.luca(714361420409733171)
[2026-02-20 21-53-51] [INFO    ] discord: Realoded `tasks.py` | Ausgeführt von icefreestyler.luca(714361420409733171)
[2026-02-20 21-55-09] [INFO    ] discord: Realoded `tasks.py` | Ausgeführt von icefreestyler.luca(714361420409733171)
[2026-02-20 21-55-09] [INFO    ] discord: Realoded `tasks.py` | Ausgeführt von icefreestyler.luca(714361420409733171)
[2026-02-20 21-55-09] [INFO    ] discord: Realoded `tasks.py` | Ausgeführt von icefreestyler.luca(714361420409733171)
[2026-02-20 21-55-09] [INFO    ] discord: Realoded `tasks.py` | Ausgeführt von icefreestyler.luca(714361420409733171)
[2026-02-20 21-55-09] [INFO    ] discord: Realoded `tasks.py` | Ausgeführt von icefreestyler.luca(714361420409733171)
[2026-02-20 21-55-09] [INFO    ] discord: Realoded `tasks.py` | Ausgeführt von icefreestyler.luca(714361420409733171)
[2026-02-20 21-55-09] [INFO    ] discord: Realoded `tasks.py` | Ausgeführt von icefreestyler.luca(714361420409733171)
[2026-02-20 21-55-09] [INFO    ] discord: Realoded `tasks.py` | Ausgeführt von icefreestyler.luca(714361420409733171)
[2026-02-20 21-55-09] [INFO    ] discord: Realoded `tasks.py` | Ausgeführt von icefreestyler.luca(714361420409733171)
[2026-02-20 21-55-09] [INFO    ] discord: Realoded `tasks.py` | Ausgeführt von icefreestyler.luca(714361420409733171)
[2026-02-20 21-55-17] [ERROR   ] discord.ui.view: Ignoring exception in view <TaskView timeout=None children=0> for item <Select placeholder='Select a Task to delete' min_values=1 max_values=1 disabled=False id=None>
Traceback (most recent call last):
  File "/usr/local/python/3.12.1/lib/python3.12/site-packages/discord/ui/view.py", line 553, in _scheduled_task
    await item.callback(interaction)
  File "/workspaces/Nexory/datein/tasks.py", line 242, in delete_sc
    self._build()
  File "/workspaces/Nexory/datein/tasks.py", line 260, in _build
    container.add_item(discord.ui.TextDisplay(f"### Are you sure you want to delete the task: `{value}`?"))
                                                                                                ^^^^^
NameError: name 'value' is not defined. Did you mean: 'False'?
[2026-02-20 21-55-17] [ERROR   ] discord.ui.view: Ignoring exception in view <TaskView timeout=None children=0> for item <Select placeholder='Select a Task to delete' min_values=1 max_values=1 disabled=False id=None>
Traceback (most recent call last):
  File "/usr/local/python/3.12.1/lib/python3.12/site-packages/discord/ui/view.py", line 553, in _scheduled_task
    await item.callback(interaction)
  File "/workspaces/Nexory/datein/tasks.py", line 242, in delete_sc
    self._build()
  File "/workspaces/Nexory/datein/tasks.py", line 260, in _build
    container.add_item(discord.ui.TextDisplay(f"### Are you sure you want to delete the task: `{value}`?"))
                                                                                                ^^^^^
NameError: name 'value' is not defined. Did you mean: 'False'?
[2026-02-20 21-55-17] [ERROR   ] discord.ui.view: Ignoring exception in view <TaskView timeout=None children=0> for item <Select placeholder='Select a Task to delete' min_values=1 max_values=1 disabled=False id=None>
Traceback (most recent call last):
  File "/usr/local/python/3.12.1/lib/python3.12/site-packages/discord/ui/view.py", line 553, in _scheduled_task
    await item.callback(interaction)
  File "/workspaces/Nexory/datein/tasks.py", line 242, in delete_sc
    self._build()
  File "/workspaces/Nexory/datein/tasks.py", line 260, in _build
    container.add_item(discord.ui.TextDisplay(f"### Are you sure you want to delete the task: `{value}`?"))
                                                                                                ^^^^^
NameError: name 'value' is not defined. Did you mean: 'False'?
[2026-02-20 21-55-17] [ERROR   ] discord.ui.view: Ignoring exception in view <TaskView timeout=None children=0> for item <Select placeholder='Select a Task to delete' min_values=1 max_values=1 disabled=False id=None>
Traceback (most recent call last):
  File "/usr/local/python/3.12.1/lib/python3.12/site-packages/discord/ui/view.py", line 553, in _scheduled_task
    await item.callback(interaction)
  File "/workspaces/Nexory/datein/tasks.py", line 242, in delete_sc
    self._build()
  File "/workspaces/Nexory/datein/tasks.py", line 260, in _build
    container.add_item(discord.ui.TextDisplay(f"### Are you sure you want to delete the task: `{value}`?"))
                                                                                                ^^^^^
NameError: name 'value' is not defined. Did you mean: 'False'?
[2026-02-20 21-55-17] [ERROR   ] discord.ui.view: Ignoring exception in view <TaskView timeout=None children=0> for item <Select placeholder='Select a Task to delete' min_values=1 max_values=1 disabled=False id=None>
Traceback (most recent call last):
  File "/usr/local/python/3.12.1/lib/python3.12/site-packages/discord/ui/view.py", line 553, in _scheduled_task
    await item.callback(interaction)
  File "/workspaces/Nexory/datein/tasks.py", line 242, in delete_sc
    self._build()
  File "/workspaces/Nexory/datein/tasks.py", line 260, in _build
    container.add_item(discord.ui.TextDisplay(f"### Are you sure you want to delete the task: `{value}`?"))
                                                                                                ^^^^^
NameError: name 'value' is not defined. Did you mean: 'False'?
[2026-02-20 21-55-17] [ERROR   ] discord.ui.view: Ignoring exception in view <TaskView timeout=None children=0> for item <Select placeholder='Select a Task to delete' min_values=1 max_values=1 disabled=False id=None>
Traceback (most recent call last):
  File "/usr/local/python/3.12.1/lib/python3.12/site-packages/discord/ui/view.py", line 553, in _scheduled_task
    await item.callback(interaction)
  File "/workspaces/Nexory/datein/tasks.py", line 242, in delete_sc
    self._build()
  File "/workspaces/Nexory/datein/tasks.py", line 260, in _build
    container.add_item(discord.ui.TextDisplay(f"### Are you sure you want to delete the task: `{value}`?"))
                                                                                                ^^^^^
NameError: name 'value' is not defined. Did you mean: 'False'?
[2026-02-20 21-55-17] [ERROR   ] discord.ui.view: Ignoring exception in view <TaskView timeout=None children=0> for item <Select placeholder='Select a Task to delete' min_values=1 max_values=1 disabled=False id=None>
Traceback (most recent call last):
  File "/usr/local/python/3.12.1/lib/python3.12/site-packages/discord/ui/view.py", line 553, in _scheduled_task
    await item.callback(interaction)
  File "/workspaces/Nexory/datein/tasks.py", line 242, in delete_sc
    self._build()
  File "/workspaces/Nexory/datein/tasks.py", line 260, in _build
    container.add_item(discord.ui.TextDisplay(f"### Are you sure you want to delete the task: `{value}`?"))
                                                                                                ^^^^^
NameError: name 'value' is not defined. Did you mean: 'False'?
[2026-02-20 21-55-17] [ERROR   ] discord.ui.view: Ignoring exception in view <TaskView timeout=None children=0> for item <Select placeholder='Select a Task to delete' min_values=1 max_values=1 disabled=False id=None>
Traceback (most recent call last):
  File "/usr/local/python/3.12.1/lib/python3.12/site-packages/discord/ui/view.py", line 553, in _scheduled_task
    await item.callback(interaction)
  File "/workspaces/Nexory/datein/tasks.py", line 242, in delete_sc
    self._build()
  File "/workspaces/Nexory/datein/tasks.py", line 260, in _build
    container.add_item(discord.ui.TextDisplay(f"### Are you sure you want to delete the task: `{value}`?"))
                                                                                                ^^^^^
NameError: name 'value' is not defined. Did you mean: 'False'?
[2026-02-20 21-55-17] [ERROR   ] discord.ui.view: Ignoring exception in view <TaskView timeout=None children=0> for item <Select placeholder='Select a Task to delete' min_values=1 max_values=1 disabled=False id=None>
Traceback (most recent call last):
  File "/usr/local/python/3.12.1/lib/python3.12/site-packages/discord/ui/view.py", line 553, in _scheduled_task
    await item.callback(interaction)
  File "/workspaces/Nexory/datein/tasks.py", line 242, in delete_sc
    self._build()
  File "/workspaces/Nexory/datein/tasks.py", line 260, in _build
    container.add_item(discord.ui.TextDisplay(f"### Are you sure you want to delete the task: `{value}`?"))
                                                                                                ^^^^^
NameError: name 'value' is not defined. Did you mean: 'False'?
[2026-02-20 21-55-17] [ERROR   ] discord.ui.view: Ignoring exception in view <TaskView timeout=None children=0> for item <Select placeholder='Select a Task to delete' min_values=1 max_values=1 disabled=False id=None>
Traceback (most recent call last):
  File "/usr/local/python/3.12.1/lib/python3.12/site-packages/discord/ui/view.py", line 553, in _scheduled_task
    await item.callback(interaction)
  File "/workspaces/Nexory/datein/tasks.py", line 242, in delete_sc
    self._build()
  File "/workspaces/Nexory/datein/tasks.py", line 260, in _build
    container.add_item(discord.ui.TextDisplay(f"### Are you sure you want to delete the task: `{value}`?"))
                                                                                                ^^^^^
NameError: name 'value' is not defined. Did you mean: 'False'?
[2026-02-20 21-58-11] [INFO    ] discord: Realoded `tasks.py` | Ausgeführt von icefreestyler.luca(714361420409733171)
[2026-02-20 21-58-11] [INFO    ] discord: Realoded `tasks.py` | Ausgeführt von icefreestyler.luca(714361420409733171)
[2026-02-20 21-58-11] [INFO    ] discord: Realoded `tasks.py` | Ausgeführt von icefreestyler.luca(714361420409733171)
[2026-02-20 21-58-11] [INFO    ] discord: Realoded `tasks.py` | Ausgeführt von icefreestyler.luca(714361420409733171)
[2026-02-20 21-58-11] [INFO    ] discord: Realoded `tasks.py` | Ausgeführt von icefreestyler.luca(714361420409733171)
[2026-02-20 21-58-11] [INFO    ] discord: Realoded `tasks.py` | Ausgeführt von icefreestyler.luca(714361420409733171)
[2026-02-20 21-58-11] [INFO    ] discord: Realoded `tasks.py` | Ausgeführt von icefreestyler.luca(714361420409733171)
[2026-02-20 21-58-11] [INFO    ] discord: Realoded `tasks.py` | Ausgeführt von icefreestyler.luca(714361420409733171)
[2026-02-20 21-58-11] [INFO    ] discord: Realoded `tasks.py` | Ausgeführt von icefreestyler.luca(714361420409733171)
[2026-02-20 21-58-11] [INFO    ] discord: Realoded `tasks.py` | Ausgeführt von icefreestyler.luca(714361420409733171)
[2026-02-20 21-58-11] [INFO    ] discord: Realoded `tasks.py` | Ausgeführt von icefreestyler.luca(714361420409733171)
[2026-02-20 21-58-41] [ERROR   ] discord.ui.view: Ignoring exception in view <TaskView timeout=None children=0> for item <Button style=<ButtonStyle.danger: 4> url=None disabled=False label='Cancel' emoji=None row=None sku_id=None id=8>
Traceback (most recent call last):
  File "/usr/local/python/3.12.1/lib/python3.12/site-packages/discord/ui/view.py", line 553, in _scheduled_task
    await item.callback(interaction)
  File "/workspaces/Nexory/datein/tasks.py", line 277, in cancel_cb
    self._build()
  File "/workspaces/Nexory/datein/tasks.py", line 286, in _build
    self.add_item(container)
                  ^^^^^^^^^
UnboundLocalError: cannot access local variable 'container' where it is not associated with a value
[2026-02-20 21-58-41] [ERROR   ] discord.ui.view: Ignoring exception in view <TaskView timeout=None children=0> for item <Button style=<ButtonStyle.danger: 4> url=None disabled=False label='Cancel' emoji=None row=None sku_id=None id=8>
Traceback (most recent call last):
  File "/usr/local/python/3.12.1/lib/python3.12/site-packages/discord/ui/view.py", line 553, in _scheduled_task
    await item.callback(interaction)
  File "/workspaces/Nexory/datein/tasks.py", line 277, in cancel_cb
    self._build()
  File "/workspaces/Nexory/datein/tasks.py", line 286, in _build
    self.add_item(container)
                  ^^^^^^^^^
UnboundLocalError: cannot access local variable 'container' where it is not associated with a value
[2026-02-20 21-58-41] [ERROR   ] discord.ui.view: Ignoring exception in view <TaskView timeout=None children=0> for item <Button style=<ButtonStyle.danger: 4> url=None disabled=False label='Cancel' emoji=None row=None sku_id=None id=8>
Traceback (most recent call last):
  File "/usr/local/python/3.12.1/lib/python3.12/site-packages/discord/ui/view.py", line 553, in _scheduled_task
    await item.callback(interaction)
  File "/workspaces/Nexory/datein/tasks.py", line 277, in cancel_cb
    self._build()
  File "/workspaces/Nexory/datein/tasks.py", line 286, in _build
    self.add_item(container)
                  ^^^^^^^^^
UnboundLocalError: cannot access local variable 'container' where it is not associated with a value
[2026-02-20 21-58-41] [ERROR   ] discord.ui.view: Ignoring exception in view <TaskView timeout=None children=0> for item <Button style=<ButtonStyle.danger: 4> url=None disabled=False label='Cancel' emoji=None row=None sku_id=None id=8>
Traceback (most recent call last):
  File "/usr/local/python/3.12.1/lib/python3.12/site-packages/discord/ui/view.py", line 553, in _scheduled_task
    await item.callback(interaction)
  File "/workspaces/Nexory/datein/tasks.py", line 277, in cancel_cb
    self._build()
  File "/workspaces/Nexory/datein/tasks.py", line 286, in _build
    self.add_item(container)
                  ^^^^^^^^^
UnboundLocalError: cannot access local variable 'container' where it is not associated with a value
[2026-02-20 21-58-41] [ERROR   ] discord.ui.view: Ignoring exception in view <TaskView timeout=None children=0> for item <Button style=<ButtonStyle.danger: 4> url=None disabled=False label='Cancel' emoji=None row=None sku_id=None id=8>
Traceback (most recent call last):
  File "/usr/local/python/3.12.1/lib/python3.12/site-packages/discord/ui/view.py", line 553, in _scheduled_task
    await item.callback(interaction)
  File "/workspaces/Nexory/datein/tasks.py", line 277, in cancel_cb
    self._build()
  File "/workspaces/Nexory/datein/tasks.py", line 286, in _build
    self.add_item(container)
                  ^^^^^^^^^
UnboundLocalError: cannot access local variable 'container' where it is not associated with a value
[2026-02-20 21-58-41] [ERROR   ] discord.ui.view: Ignoring exception in view <TaskView timeout=None children=0> for item <Button style=<ButtonStyle.danger: 4> url=None disabled=False label='Cancel' emoji=None row=None sku_id=None id=8>
Traceback (most recent call last):
  File "/usr/local/python/3.12.1/lib/python3.12/site-packages/discord/ui/view.py", line 553, in _scheduled_task
    await item.callback(interaction)
  File "/workspaces/Nexory/datein/tasks.py", line 277, in cancel_cb
    self._build()
  File "/workspaces/Nexory/datein/tasks.py", line 286, in _build
    self.add_item(container)
                  ^^^^^^^^^
UnboundLocalError: cannot access local variable 'container' where it is not associated with a value
[2026-02-20 21-58-41] [ERROR   ] discord.ui.view: Ignoring exception in view <TaskView timeout=None children=0> for item <Button style=<ButtonStyle.danger: 4> url=None disabled=False label='Cancel' emoji=None row=None sku_id=None id=8>
Traceback (most recent call last):
  File "/usr/local/python/3.12.1/lib/python3.12/site-packages/discord/ui/view.py", line 553, in _scheduled_task
    await item.callback(interaction)
  File "/workspaces/Nexory/datein/tasks.py", line 277, in cancel_cb
    self._build()
  File "/workspaces/Nexory/datein/tasks.py", line 286, in _build
    self.add_item(container)
                  ^^^^^^^^^
UnboundLocalError: cannot access local variable 'container' where it is not associated with a value
[2026-02-20 21-58-41] [ERROR   ] discord.ui.view: Ignoring exception in view <TaskView timeout=None children=0> for item <Button style=<ButtonStyle.danger: 4> url=None disabled=False label='Cancel' emoji=None row=None sku_id=None id=8>
Traceback (most recent call last):
  File "/usr/local/python/3.12.1/lib/python3.12/site-packages/discord/ui/view.py", line 553, in _scheduled_task
    await item.callback(interaction)
  File "/workspaces/Nexory/datein/tasks.py", line 277, in cancel_cb
    self._build()
  File "/workspaces/Nexory/datein/tasks.py", line 286, in _build
    self.add_item(container)
                  ^^^^^^^^^
UnboundLocalError: cannot access local variable 'container' where it is not associated with a value
[2026-02-20 21-58-41] [ERROR   ] discord.ui.view: Ignoring exception in view <TaskView timeout=None children=0> for item <Button style=<ButtonStyle.danger: 4> url=None disabled=False label='Cancel' emoji=None row=None sku_id=None id=8>
Traceback (most recent call last):
  File "/usr/local/python/3.12.1/lib/python3.12/site-packages/discord/ui/view.py", line 553, in _scheduled_task
    await item.callback(interaction)
  File "/workspaces/Nexory/datein/tasks.py", line 277, in cancel_cb
    self._build()
  File "/workspaces/Nexory/datein/tasks.py", line 286, in _build
    self.add_item(container)
                  ^^^^^^^^^
UnboundLocalError: cannot access local variable 'container' where it is not associated with a value
[2026-02-20 21-58-41] [ERROR   ] discord.ui.view: Ignoring exception in view <TaskView timeout=None children=0> for item <Button style=<ButtonStyle.danger: 4> url=None disabled=False label='Cancel' emoji=None row=None sku_id=None id=8>
Traceback (most recent call last):
  File "/usr/local/python/3.12.1/lib/python3.12/site-packages/discord/ui/view.py", line 553, in _scheduled_task
    await item.callback(interaction)
  File "/workspaces/Nexory/datein/tasks.py", line 277, in cancel_cb
    self._build()
  File "/workspaces/Nexory/datein/tasks.py", line 286, in _build
    self.add_item(container)
                  ^^^^^^^^^
UnboundLocalError: cannot access local variable 'container' where it is not associated with a value
[2026-02-20 21-58-41] [ERROR   ] discord.ui.view: Ignoring exception in view <TaskView timeout=None children=0> for item <Button style=<ButtonStyle.danger: 4> url=None disabled=False label='Cancel' emoji=None row=None sku_id=None id=8>
Traceback (most recent call last):
  File "/usr/local/python/3.12.1/lib/python3.12/site-packages/discord/ui/view.py", line 553, in _scheduled_task
    await item.callback(interaction)
  File "/workspaces/Nexory/datein/tasks.py", line 277, in cancel_cb
    self._build()
  File "/workspaces/Nexory/datein/tasks.py", line 286, in _build
    self.add_item(container)
                  ^^^^^^^^^
UnboundLocalError: cannot access local variable 'container' where it is not associated with a value
[2026-02-20 21-58-45] [INFO    ] discord: Realoded `tasks.py` | Ausgeführt von icefreestyler.luca(714361420409733171)
[2026-02-20 21-58-45] [INFO    ] discord: Realoded `tasks.py` | Ausgeführt von icefreestyler.luca(714361420409733171)
[2026-02-20 21-58-45] [INFO    ] discord: Realoded `tasks.py` | Ausgeführt von icefreestyler.luca(714361420409733171)
[2026-02-20 21-58-45] [INFO    ] discord: Realoded `tasks.py` | Ausgeführt von icefreestyler.luca(714361420409733171)
[2026-02-20 21-58-45] [INFO    ] discord: Realoded `tasks.py` | Ausgeführt von icefreestyler.luca(714361420409733171)
[2026-02-20 21-58-45] [INFO    ] discord: Realoded `tasks.py` | Ausgeführt von icefreestyler.luca(714361420409733171)
[2026-02-20 21-58-45] [INFO    ] discord: Realoded `tasks.py` | Ausgeführt von icefreestyler.luca(714361420409733171)
[2026-02-20 21-58-45] [INFO    ] discord: Realoded `tasks.py` | Ausgeführt von icefreestyler.luca(714361420409733171)
[2026-02-20 21-58-45] [INFO    ] discord: Realoded `tasks.py` | Ausgeführt von icefreestyler.luca(714361420409733171)
[2026-02-20 21-58-45] [INFO    ] discord: Realoded `tasks.py` | Ausgeführt von icefreestyler.luca(714361420409733171)
[2026-02-20 21-58-45] [INFO    ] discord: Realoded `tasks.py` | Ausgeführt von icefreestyler.luca(714361420409733171)
[2026-02-20 21-58-45] [INFO    ] discord: Realoded `tasks.py` | Ausgeführt von icefreestyler.luca(714361420409733171)
[2026-02-20 21-58-59] [INFO    ] discord: Realoded `tasks.py` | Ausgeführt von icefreestyler.luca(714361420409733171)
[2026-02-20 21-58-59] [INFO    ] discord: Realoded `tasks.py` | Ausgeführt von icefreestyler.luca(714361420409733171)
[2026-02-20 21-58-59] [INFO    ] discord: Realoded `tasks.py` | Ausgeführt von icefreestyler.luca(714361420409733171)
[2026-02-20 21-58-59] [INFO    ] discord: Realoded `tasks.py` | Ausgeführt von icefreestyler.luca(714361420409733171)
[2026-02-20 21-58-59] [INFO    ] discord: Realoded `tasks.py` | Ausgeführt von icefreestyler.luca(714361420409733171)
[2026-02-20 21-58-59] [INFO    ] discord: Realoded `tasks.py` | Ausgeführt von icefreestyler.luca(714361420409733171)
[2026-02-20 21-58-59] [INFO    ] discord: Realoded `tasks.py` | Ausgeführt von icefreestyler.luca(714361420409733171)
[2026-02-20 21-58-59] [INFO    ] discord: Realoded `tasks.py` | Ausgeführt von icefreestyler.luca(714361420409733171)
[2026-02-20 21-58-59] [INFO    ] discord: Realoded `tasks.py` | Ausgeführt von icefreestyler.luca(714361420409733171)
[2026-02-20 21-58-59] [INFO    ] discord: Realoded `tasks.py` | Ausgeführt von icefreestyler.luca(714361420409733171)
[2026-02-20 21-58-59] [INFO    ] discord: Realoded `tasks.py` | Ausgeführt von icefreestyler.luca(714361420409733171)
[2026-02-20 21-58-59] [INFO    ] discord: Realoded `tasks.py` | Ausgeführt von icefreestyler.luca(714361420409733171)
[2026-02-20 21-58-59] [INFO    ] discord: Realoded `tasks.py` | Ausgeführt von icefreestyler.luca(714361420409733171)
[2026-02-20 22-00-22] [INFO    ] discord: Realoded `tasks.py` | Ausgeführt von icefreestyler.luca(714361420409733171)
[2026-02-20 22-00-22] [INFO    ] discord: Realoded `tasks.py` | Ausgeführt von icefreestyler.luca(714361420409733171)
[2026-02-20 22-00-22] [INFO    ] discord: Realoded `tasks.py` | Ausgeführt von icefreestyler.luca(714361420409733171)
[2026-02-20 22-00-22] [INFO    ] discord: Realoded `tasks.py` | Ausgeführt von icefreestyler.luca(714361420409733171)
[2026-02-20 22-00-22] [INFO    ] discord: Realoded `tasks.py` | Ausgeführt von icefreestyler.luca(714361420409733171)
[2026-02-20 22-00-22] [INFO    ] discord: Realoded `tasks.py` | Ausgeführt von icefreestyler.luca(714361420409733171)
[2026-02-20 22-00-22] [INFO    ] discord: Realoded `tasks.py` | Ausgeführt von icefreestyler.luca(714361420409733171)
[2026-02-20 22-00-22] [INFO    ] discord: Realoded `tasks.py` | Ausgeführt von icefreestyler.luca(714361420409733171)
[2026-02-20 22-00-22] [INFO    ] discord: Realoded `tasks.py` | Ausgeführt von icefreestyler.luca(714361420409733171)
[2026-02-20 22-00-22] [INFO    ] discord: Realoded `tasks.py` | Ausgeführt von icefreestyler.luca(714361420409733171)
[2026-02-20 22-00-22] [INFO    ] discord: Realoded `tasks.py` | Ausgeführt von icefreestyler.luca(714361420409733171)
[2026-02-20 22-00-22] [INFO    ] discord: Realoded `tasks.py` | Ausgeführt von icefreestyler.luca(714361420409733171)
[2026-02-20 22-00-22] [INFO    ] discord: Realoded `tasks.py` | Ausgeführt von icefreestyler.luca(714361420409733171)
[2026-02-20 22-00-22] [INFO    ] discord: Realoded `tasks.py` | Ausgeführt von icefreestyler.luca(714361420409733171)
[2026-02-20 22-08-54] [INFO    ] discord: Realoded `tasks.py` | Ausgeführt von icefreestyler.luca(714361420409733171)
[2026-02-20 22-08-54] [INFO    ] discord: Realoded `tasks.py` | Ausgeführt von icefreestyler.luca(714361420409733171)
[2026-02-20 22-08-54] [INFO    ] discord: Realoded `tasks.py` | Ausgeführt von icefreestyler.luca(714361420409733171)
[2026-02-20 22-08-54] [INFO    ] discord: Realoded `tasks.py` | Ausgeführt von icefreestyler.luca(714361420409733171)
[2026-02-20 22-08-54] [INFO    ] discord: Realoded `tasks.py` | Ausgeführt von icefreestyler.luca(714361420409733171)
[2026-02-20 22-08-54] [INFO    ] discord: Realoded `tasks.py` | Ausgeführt von icefreestyler.luca(714361420409733171)
[2026-02-20 22-08-54] [INFO    ] discord: Realoded `tasks.py` | Ausgeführt von icefreestyler.luca(714361420409733171)
[2026-02-20 22-08-54] [INFO    ] discord: Realoded `tasks.py` | Ausgeführt von icefreestyler.luca(714361420409733171)
[2026-02-20 22-08-54] [INFO    ] discord: Realoded `tasks.py` | Ausgeführt von icefreestyler.luca(714361420409733171)
[2026-02-20 22-08-54] [INFO    ] discord: Realoded `tasks.py` | Ausgeführt von icefreestyler.luca(714361420409733171)
[2026-02-20 22-08-54] [INFO    ] discord: Realoded `tasks.py` | Ausgeführt von icefreestyler.luca(714361420409733171)
[2026-02-20 22-08-54] [INFO    ] discord: Realoded `tasks.py` | Ausgeführt von icefreestyler.luca(714361420409733171)
[2026-02-20 22-08-54] [INFO    ] discord: Realoded `tasks.py` | Ausgeführt von icefreestyler.luca(714361420409733171)
[2026-02-20 22-08-54] [INFO    ] discord: Realoded `tasks.py` | Ausgeführt von icefreestyler.luca(714361420409733171)
[2026-02-20 22-08-54] [INFO    ] discord: Realoded `tasks.py` | Ausgeführt von icefreestyler.luca(714361420409733171)
[2026-02-20 22-10-19] [ERROR   ] discord.app_commands.tree: Ignoring exception in command 'user'
Traceback (most recent call last):
  File "/usr/local/python/3.12.1/lib/python3.12/site-packages/aiomysql/connection.py", line 657, in _read_bytes
    data = await self._reader.readexactly(num_bytes)
           ^^^^^^^^^^^^^^^^^^^^^^^^^^^^^^^^^^^^^^^^^
  File "/usr/local/python/3.12.1/lib/python3.12/asyncio/streams.py", line 749, in readexactly
    await self._wait_for_data('readexactly')
  File "/usr/local/python/3.12.1/lib/python3.12/asyncio/streams.py", line 542, in _wait_for_data
    await self._waiter
  File "/usr/local/python/3.12.1/lib/python3.12/asyncio/selector_events.py", line 1009, in _read_ready__data_received
    data = self._sock.recv(self.max_size)
           ^^^^^^^^^^^^^^^^^^^^^^^^^^^^^^
TimeoutError: [Errno 110] Connection timed out

The above exception was the direct cause of the following exception:

Traceback (most recent call last):
  File "/usr/local/python/3.12.1/lib/python3.12/site-packages/discord/app_commands/commands.py", line 858, in _do_call
    return await self._callback(self.binding, interaction, **params)  # type: ignore
           ^^^^^^^^^^^^^^^^^^^^^^^^^^^^^^^^^^^^^^^^^^^^^^^^^^^^^^^^^
  File "/workspaces/Nexory/datein/tasks.py", line 301, in create_user
  File "/workspaces/Nexory/datein/tasks.py", line 154, in setup
    await self.load_tasks()
  File "/workspaces/Nexory/datein/tasks.py", line 161, in load_tasks
    await cur.execute(
  File "/usr/local/python/3.12.1/lib/python3.12/site-packages/aiomysql/cursors.py", line 239, in execute
    await self._query(query)
  File "/usr/local/python/3.12.1/lib/python3.12/site-packages/aiomysql/cursors.py", line 457, in _query
    await conn.query(q)
  File "/usr/local/python/3.12.1/lib/python3.12/site-packages/aiomysql/connection.py", line 469, in query
    await self._read_query_result(unbuffered=unbuffered)
  File "/usr/local/python/3.12.1/lib/python3.12/site-packages/aiomysql/connection.py", line 683, in _read_query_result
    await result.read()
  File "/usr/local/python/3.12.1/lib/python3.12/site-packages/aiomysql/connection.py", line 1164, in read
    first_packet = await self.connection._read_packet()
                   ^^^^^^^^^^^^^^^^^^^^^^^^^^^^^^^^^^^^
  File "/usr/local/python/3.12.1/lib/python3.12/site-packages/aiomysql/connection.py", line 609, in _read_packet
    packet_header = await self._read_bytes(4)
                    ^^^^^^^^^^^^^^^^^^^^^^^^^
  File "/usr/local/python/3.12.1/lib/python3.12/site-packages/aiomysql/connection.py", line 665, in _read_bytes
    raise OperationalError(CR.CR_SERVER_LOST, msg) from e
pymysql.err.OperationalError: (2013, 'Lost connection to MySQL server during query ([Errno 110] Connection timed out)')

The above exception was the direct cause of the following exception:

Traceback (most recent call last):
  File "/usr/local/python/3.12.1/lib/python3.12/site-packages/discord/app_commands/tree.py", line 1297, in _call
    await command._invoke_with_namespace(interaction, namespace)
  File "/usr/local/python/3.12.1/lib/python3.12/site-packages/discord/app_commands/commands.py", line 884, in _invoke_with_namespace
    return await self._do_call(interaction, transformed_values)
           ^^^^^^^^^^^^^^^^^^^^^^^^^^^^^^^^^^^^^^^^^^^^^^^^^^^^
  File "/usr/local/python/3.12.1/lib/python3.12/site-packages/discord/app_commands/commands.py", line 877, in _do_call
    raise CommandInvokeError(self, e) from e
discord.app_commands.errors.CommandInvokeError: Command 'user' raised an exception: OperationalError: (2013, 'Lost connection to MySQL server during query ([Errno 110] Connection timed out)')
[2026-02-20 22-10-19] [ERROR   ] discord.app_commands.tree: Ignoring exception in command 'user'
Traceback (most recent call last):
  File "/usr/local/python/3.12.1/lib/python3.12/site-packages/aiomysql/connection.py", line 657, in _read_bytes
    data = await self._reader.readexactly(num_bytes)
           ^^^^^^^^^^^^^^^^^^^^^^^^^^^^^^^^^^^^^^^^^
  File "/usr/local/python/3.12.1/lib/python3.12/asyncio/streams.py", line 749, in readexactly
    await self._wait_for_data('readexactly')
  File "/usr/local/python/3.12.1/lib/python3.12/asyncio/streams.py", line 542, in _wait_for_data
    await self._waiter
  File "/usr/local/python/3.12.1/lib/python3.12/asyncio/selector_events.py", line 1009, in _read_ready__data_received
    data = self._sock.recv(self.max_size)
           ^^^^^^^^^^^^^^^^^^^^^^^^^^^^^^
TimeoutError: [Errno 110] Connection timed out

The above exception was the direct cause of the following exception:

Traceback (most recent call last):
  File "/usr/local/python/3.12.1/lib/python3.12/site-packages/discord/app_commands/commands.py", line 858, in _do_call
    return await self._callback(self.binding, interaction, **params)  # type: ignore
           ^^^^^^^^^^^^^^^^^^^^^^^^^^^^^^^^^^^^^^^^^^^^^^^^^^^^^^^^^
  File "/workspaces/Nexory/datein/tasks.py", line 301, in create_user
  File "/workspaces/Nexory/datein/tasks.py", line 154, in setup
    await self.load_tasks()
  File "/workspaces/Nexory/datein/tasks.py", line 161, in load_tasks
    await cur.execute(
  File "/usr/local/python/3.12.1/lib/python3.12/site-packages/aiomysql/cursors.py", line 239, in execute
    await self._query(query)
  File "/usr/local/python/3.12.1/lib/python3.12/site-packages/aiomysql/cursors.py", line 457, in _query
    await conn.query(q)
  File "/usr/local/python/3.12.1/lib/python3.12/site-packages/aiomysql/connection.py", line 469, in query
    await self._read_query_result(unbuffered=unbuffered)
  File "/usr/local/python/3.12.1/lib/python3.12/site-packages/aiomysql/connection.py", line 683, in _read_query_result
    await result.read()
  File "/usr/local/python/3.12.1/lib/python3.12/site-packages/aiomysql/connection.py", line 1164, in read
    first_packet = await self.connection._read_packet()
                   ^^^^^^^^^^^^^^^^^^^^^^^^^^^^^^^^^^^^
  File "/usr/local/python/3.12.1/lib/python3.12/site-packages/aiomysql/connection.py", line 609, in _read_packet
    packet_header = await self._read_bytes(4)
                    ^^^^^^^^^^^^^^^^^^^^^^^^^
  File "/usr/local/python/3.12.1/lib/python3.12/site-packages/aiomysql/connection.py", line 665, in _read_bytes
    raise OperationalError(CR.CR_SERVER_LOST, msg) from e
pymysql.err.OperationalError: (2013, 'Lost connection to MySQL server during query ([Errno 110] Connection timed out)')

The above exception was the direct cause of the following exception:

Traceback (most recent call last):
  File "/usr/local/python/3.12.1/lib/python3.12/site-packages/discord/app_commands/tree.py", line 1297, in _call
    await command._invoke_with_namespace(interaction, namespace)
  File "/usr/local/python/3.12.1/lib/python3.12/site-packages/discord/app_commands/commands.py", line 884, in _invoke_with_namespace
    return await self._do_call(interaction, transformed_values)
           ^^^^^^^^^^^^^^^^^^^^^^^^^^^^^^^^^^^^^^^^^^^^^^^^^^^^
  File "/usr/local/python/3.12.1/lib/python3.12/site-packages/discord/app_commands/commands.py", line 877, in _do_call
    raise CommandInvokeError(self, e) from e
discord.app_commands.errors.CommandInvokeError: Command 'user' raised an exception: OperationalError: (2013, 'Lost connection to MySQL server during query ([Errno 110] Connection timed out)')
[2026-02-20 22-10-19] [ERROR   ] discord.app_commands.tree: Ignoring exception in command 'user'
Traceback (most recent call last):
  File "/usr/local/python/3.12.1/lib/python3.12/site-packages/aiomysql/connection.py", line 657, in _read_bytes
    data = await self._reader.readexactly(num_bytes)
           ^^^^^^^^^^^^^^^^^^^^^^^^^^^^^^^^^^^^^^^^^
  File "/usr/local/python/3.12.1/lib/python3.12/asyncio/streams.py", line 749, in readexactly
    await self._wait_for_data('readexactly')
  File "/usr/local/python/3.12.1/lib/python3.12/asyncio/streams.py", line 542, in _wait_for_data
    await self._waiter
  File "/usr/local/python/3.12.1/lib/python3.12/asyncio/selector_events.py", line 1009, in _read_ready__data_received
    data = self._sock.recv(self.max_size)
           ^^^^^^^^^^^^^^^^^^^^^^^^^^^^^^
TimeoutError: [Errno 110] Connection timed out

The above exception was the direct cause of the following exception:

Traceback (most recent call last):
  File "/usr/local/python/3.12.1/lib/python3.12/site-packages/discord/app_commands/commands.py", line 858, in _do_call
    return await self._callback(self.binding, interaction, **params)  # type: ignore
           ^^^^^^^^^^^^^^^^^^^^^^^^^^^^^^^^^^^^^^^^^^^^^^^^^^^^^^^^^
  File "/workspaces/Nexory/datein/tasks.py", line 301, in create_user
  File "/workspaces/Nexory/datein/tasks.py", line 154, in setup
    await self.load_tasks()
  File "/workspaces/Nexory/datein/tasks.py", line 161, in load_tasks
    await cur.execute(
  File "/usr/local/python/3.12.1/lib/python3.12/site-packages/aiomysql/cursors.py", line 239, in execute
    await self._query(query)
  File "/usr/local/python/3.12.1/lib/python3.12/site-packages/aiomysql/cursors.py", line 457, in _query
    await conn.query(q)
  File "/usr/local/python/3.12.1/lib/python3.12/site-packages/aiomysql/connection.py", line 469, in query
    await self._read_query_result(unbuffered=unbuffered)
  File "/usr/local/python/3.12.1/lib/python3.12/site-packages/aiomysql/connection.py", line 683, in _read_query_result
    await result.read()
  File "/usr/local/python/3.12.1/lib/python3.12/site-packages/aiomysql/connection.py", line 1164, in read
    first_packet = await self.connection._read_packet()
                   ^^^^^^^^^^^^^^^^^^^^^^^^^^^^^^^^^^^^
  File "/usr/local/python/3.12.1/lib/python3.12/site-packages/aiomysql/connection.py", line 609, in _read_packet
    packet_header = await self._read_bytes(4)
                    ^^^^^^^^^^^^^^^^^^^^^^^^^
  File "/usr/local/python/3.12.1/lib/python3.12/site-packages/aiomysql/connection.py", line 665, in _read_bytes
    raise OperationalError(CR.CR_SERVER_LOST, msg) from e
pymysql.err.OperationalError: (2013, 'Lost connection to MySQL server during query ([Errno 110] Connection timed out)')

The above exception was the direct cause of the following exception:

Traceback (most recent call last):
  File "/usr/local/python/3.12.1/lib/python3.12/site-packages/discord/app_commands/tree.py", line 1297, in _call
    await command._invoke_with_namespace(interaction, namespace)
  File "/usr/local/python/3.12.1/lib/python3.12/site-packages/discord/app_commands/commands.py", line 884, in _invoke_with_namespace
    return await self._do_call(interaction, transformed_values)
           ^^^^^^^^^^^^^^^^^^^^^^^^^^^^^^^^^^^^^^^^^^^^^^^^^^^^
  File "/usr/local/python/3.12.1/lib/python3.12/site-packages/discord/app_commands/commands.py", line 877, in _do_call
    raise CommandInvokeError(self, e) from e
discord.app_commands.errors.CommandInvokeError: Command 'user' raised an exception: OperationalError: (2013, 'Lost connection to MySQL server during query ([Errno 110] Connection timed out)')
[2026-02-20 22-10-19] [ERROR   ] discord.app_commands.tree: Ignoring exception in command 'user'
Traceback (most recent call last):
  File "/usr/local/python/3.12.1/lib/python3.12/site-packages/aiomysql/connection.py", line 657, in _read_bytes
    data = await self._reader.readexactly(num_bytes)
           ^^^^^^^^^^^^^^^^^^^^^^^^^^^^^^^^^^^^^^^^^
  File "/usr/local/python/3.12.1/lib/python3.12/asyncio/streams.py", line 749, in readexactly
    await self._wait_for_data('readexactly')
  File "/usr/local/python/3.12.1/lib/python3.12/asyncio/streams.py", line 542, in _wait_for_data
    await self._waiter
  File "/usr/local/python/3.12.1/lib/python3.12/asyncio/selector_events.py", line 1009, in _read_ready__data_received
    data = self._sock.recv(self.max_size)
           ^^^^^^^^^^^^^^^^^^^^^^^^^^^^^^
TimeoutError: [Errno 110] Connection timed out

The above exception was the direct cause of the following exception:

Traceback (most recent call last):
  File "/usr/local/python/3.12.1/lib/python3.12/site-packages/discord/app_commands/commands.py", line 858, in _do_call
    return await self._callback(self.binding, interaction, **params)  # type: ignore
           ^^^^^^^^^^^^^^^^^^^^^^^^^^^^^^^^^^^^^^^^^^^^^^^^^^^^^^^^^
  File "/workspaces/Nexory/datein/tasks.py", line 301, in create_user
  File "/workspaces/Nexory/datein/tasks.py", line 154, in setup
    await self.load_tasks()
  File "/workspaces/Nexory/datein/tasks.py", line 161, in load_tasks
    await cur.execute(
  File "/usr/local/python/3.12.1/lib/python3.12/site-packages/aiomysql/cursors.py", line 239, in execute
    await self._query(query)
  File "/usr/local/python/3.12.1/lib/python3.12/site-packages/aiomysql/cursors.py", line 457, in _query
    await conn.query(q)
  File "/usr/local/python/3.12.1/lib/python3.12/site-packages/aiomysql/connection.py", line 469, in query
    await self._read_query_result(unbuffered=unbuffered)
  File "/usr/local/python/3.12.1/lib/python3.12/site-packages/aiomysql/connection.py", line 683, in _read_query_result
    await result.read()
  File "/usr/local/python/3.12.1/lib/python3.12/site-packages/aiomysql/connection.py", line 1164, in read
    first_packet = await self.connection._read_packet()
                   ^^^^^^^^^^^^^^^^^^^^^^^^^^^^^^^^^^^^
  File "/usr/local/python/3.12.1/lib/python3.12/site-packages/aiomysql/connection.py", line 609, in _read_packet
    packet_header = await self._read_bytes(4)
                    ^^^^^^^^^^^^^^^^^^^^^^^^^
  File "/usr/local/python/3.12.1/lib/python3.12/site-packages/aiomysql/connection.py", line 665, in _read_bytes
    raise OperationalError(CR.CR_SERVER_LOST, msg) from e
pymysql.err.OperationalError: (2013, 'Lost connection to MySQL server during query ([Errno 110] Connection timed out)')

The above exception was the direct cause of the following exception:

Traceback (most recent call last):
  File "/usr/local/python/3.12.1/lib/python3.12/site-packages/discord/app_commands/tree.py", line 1297, in _call
    await command._invoke_with_namespace(interaction, namespace)
  File "/usr/local/python/3.12.1/lib/python3.12/site-packages/discord/app_commands/commands.py", line 884, in _invoke_with_namespace
    return await self._do_call(interaction, transformed_values)
           ^^^^^^^^^^^^^^^^^^^^^^^^^^^^^^^^^^^^^^^^^^^^^^^^^^^^
  File "/usr/local/python/3.12.1/lib/python3.12/site-packages/discord/app_commands/commands.py", line 877, in _do_call
    raise CommandInvokeError(self, e) from e
discord.app_commands.errors.CommandInvokeError: Command 'user' raised an exception: OperationalError: (2013, 'Lost connection to MySQL server during query ([Errno 110] Connection timed out)')
[2026-02-20 22-10-19] [ERROR   ] discord.app_commands.tree: Ignoring exception in command 'user'
Traceback (most recent call last):
  File "/usr/local/python/3.12.1/lib/python3.12/site-packages/aiomysql/connection.py", line 657, in _read_bytes
    data = await self._reader.readexactly(num_bytes)
           ^^^^^^^^^^^^^^^^^^^^^^^^^^^^^^^^^^^^^^^^^
  File "/usr/local/python/3.12.1/lib/python3.12/asyncio/streams.py", line 749, in readexactly
    await self._wait_for_data('readexactly')
  File "/usr/local/python/3.12.1/lib/python3.12/asyncio/streams.py", line 542, in _wait_for_data
    await self._waiter
  File "/usr/local/python/3.12.1/lib/python3.12/asyncio/selector_events.py", line 1009, in _read_ready__data_received
    data = self._sock.recv(self.max_size)
           ^^^^^^^^^^^^^^^^^^^^^^^^^^^^^^
TimeoutError: [Errno 110] Connection timed out

The above exception was the direct cause of the following exception:

Traceback (most recent call last):
  File "/usr/local/python/3.12.1/lib/python3.12/site-packages/discord/app_commands/commands.py", line 858, in _do_call
    return await self._callback(self.binding, interaction, **params)  # type: ignore
           ^^^^^^^^^^^^^^^^^^^^^^^^^^^^^^^^^^^^^^^^^^^^^^^^^^^^^^^^^
  File "/workspaces/Nexory/datein/tasks.py", line 301, in create_user
  File "/workspaces/Nexory/datein/tasks.py", line 154, in setup
    await self.load_tasks()
  File "/workspaces/Nexory/datein/tasks.py", line 161, in load_tasks
    await cur.execute(
  File "/usr/local/python/3.12.1/lib/python3.12/site-packages/aiomysql/cursors.py", line 239, in execute
    await self._query(query)
  File "/usr/local/python/3.12.1/lib/python3.12/site-packages/aiomysql/cursors.py", line 457, in _query
    await conn.query(q)
  File "/usr/local/python/3.12.1/lib/python3.12/site-packages/aiomysql/connection.py", line 469, in query
    await self._read_query_result(unbuffered=unbuffered)
  File "/usr/local/python/3.12.1/lib/python3.12/site-packages/aiomysql/connection.py", line 683, in _read_query_result
    await result.read()
  File "/usr/local/python/3.12.1/lib/python3.12/site-packages/aiomysql/connection.py", line 1164, in read
    first_packet = await self.connection._read_packet()
                   ^^^^^^^^^^^^^^^^^^^^^^^^^^^^^^^^^^^^
  File "/usr/local/python/3.12.1/lib/python3.12/site-packages/aiomysql/connection.py", line 609, in _read_packet
    packet_header = await self._read_bytes(4)
                    ^^^^^^^^^^^^^^^^^^^^^^^^^
  File "/usr/local/python/3.12.1/lib/python3.12/site-packages/aiomysql/connection.py", line 665, in _read_bytes
    raise OperationalError(CR.CR_SERVER_LOST, msg) from e
pymysql.err.OperationalError: (2013, 'Lost connection to MySQL server during query ([Errno 110] Connection timed out)')

The above exception was the direct cause of the following exception:

Traceback (most recent call last):
  File "/usr/local/python/3.12.1/lib/python3.12/site-packages/discord/app_commands/tree.py", line 1297, in _call
    await command._invoke_with_namespace(interaction, namespace)
  File "/usr/local/python/3.12.1/lib/python3.12/site-packages/discord/app_commands/commands.py", line 884, in _invoke_with_namespace
    return await self._do_call(interaction, transformed_values)
           ^^^^^^^^^^^^^^^^^^^^^^^^^^^^^^^^^^^^^^^^^^^^^^^^^^^^
  File "/usr/local/python/3.12.1/lib/python3.12/site-packages/discord/app_commands/commands.py", line 877, in _do_call
    raise CommandInvokeError(self, e) from e
discord.app_commands.errors.CommandInvokeError: Command 'user' raised an exception: OperationalError: (2013, 'Lost connection to MySQL server during query ([Errno 110] Connection timed out)')
[2026-02-20 22-10-19] [ERROR   ] discord.app_commands.tree: Ignoring exception in command 'user'
Traceback (most recent call last):
  File "/usr/local/python/3.12.1/lib/python3.12/site-packages/aiomysql/connection.py", line 657, in _read_bytes
    data = await self._reader.readexactly(num_bytes)
           ^^^^^^^^^^^^^^^^^^^^^^^^^^^^^^^^^^^^^^^^^
  File "/usr/local/python/3.12.1/lib/python3.12/asyncio/streams.py", line 749, in readexactly
    await self._wait_for_data('readexactly')
  File "/usr/local/python/3.12.1/lib/python3.12/asyncio/streams.py", line 542, in _wait_for_data
    await self._waiter
  File "/usr/local/python/3.12.1/lib/python3.12/asyncio/selector_events.py", line 1009, in _read_ready__data_received
    data = self._sock.recv(self.max_size)
           ^^^^^^^^^^^^^^^^^^^^^^^^^^^^^^
TimeoutError: [Errno 110] Connection timed out

The above exception was the direct cause of the following exception:

Traceback (most recent call last):
  File "/usr/local/python/3.12.1/lib/python3.12/site-packages/discord/app_commands/commands.py", line 858, in _do_call
    return await self._callback(self.binding, interaction, **params)  # type: ignore
           ^^^^^^^^^^^^^^^^^^^^^^^^^^^^^^^^^^^^^^^^^^^^^^^^^^^^^^^^^
  File "/workspaces/Nexory/datein/tasks.py", line 301, in create_user
  File "/workspaces/Nexory/datein/tasks.py", line 154, in setup
    await self.load_tasks()
  File "/workspaces/Nexory/datein/tasks.py", line 161, in load_tasks
    await cur.execute(
  File "/usr/local/python/3.12.1/lib/python3.12/site-packages/aiomysql/cursors.py", line 239, in execute
    await self._query(query)
  File "/usr/local/python/3.12.1/lib/python3.12/site-packages/aiomysql/cursors.py", line 457, in _query
    await conn.query(q)
  File "/usr/local/python/3.12.1/lib/python3.12/site-packages/aiomysql/connection.py", line 469, in query
    await self._read_query_result(unbuffered=unbuffered)
  File "/usr/local/python/3.12.1/lib/python3.12/site-packages/aiomysql/connection.py", line 683, in _read_query_result
    await result.read()
  File "/usr/local/python/3.12.1/lib/python3.12/site-packages/aiomysql/connection.py", line 1164, in read
    first_packet = await self.connection._read_packet()
                   ^^^^^^^^^^^^^^^^^^^^^^^^^^^^^^^^^^^^
  File "/usr/local/python/3.12.1/lib/python3.12/site-packages/aiomysql/connection.py", line 609, in _read_packet
    packet_header = await self._read_bytes(4)
                    ^^^^^^^^^^^^^^^^^^^^^^^^^
  File "/usr/local/python/3.12.1/lib/python3.12/site-packages/aiomysql/connection.py", line 665, in _read_bytes
    raise OperationalError(CR.CR_SERVER_LOST, msg) from e
pymysql.err.OperationalError: (2013, 'Lost connection to MySQL server during query ([Errno 110] Connection timed out)')

The above exception was the direct cause of the following exception:

Traceback (most recent call last):
  File "/usr/local/python/3.12.1/lib/python3.12/site-packages/discord/app_commands/tree.py", line 1297, in _call
    await command._invoke_with_namespace(interaction, namespace)
  File "/usr/local/python/3.12.1/lib/python3.12/site-packages/discord/app_commands/commands.py", line 884, in _invoke_with_namespace
    return await self._do_call(interaction, transformed_values)
           ^^^^^^^^^^^^^^^^^^^^^^^^^^^^^^^^^^^^^^^^^^^^^^^^^^^^
  File "/usr/local/python/3.12.1/lib/python3.12/site-packages/discord/app_commands/commands.py", line 877, in _do_call
    raise CommandInvokeError(self, e) from e
discord.app_commands.errors.CommandInvokeError: Command 'user' raised an exception: OperationalError: (2013, 'Lost connection to MySQL server during query ([Errno 110] Connection timed out)')
[2026-02-20 22-10-19] [ERROR   ] discord.app_commands.tree: Ignoring exception in command 'user'
Traceback (most recent call last):
  File "/usr/local/python/3.12.1/lib/python3.12/site-packages/aiomysql/connection.py", line 657, in _read_bytes
    data = await self._reader.readexactly(num_bytes)
           ^^^^^^^^^^^^^^^^^^^^^^^^^^^^^^^^^^^^^^^^^
  File "/usr/local/python/3.12.1/lib/python3.12/asyncio/streams.py", line 749, in readexactly
    await self._wait_for_data('readexactly')
  File "/usr/local/python/3.12.1/lib/python3.12/asyncio/streams.py", line 542, in _wait_for_data
    await self._waiter
  File "/usr/local/python/3.12.1/lib/python3.12/asyncio/selector_events.py", line 1009, in _read_ready__data_received
    data = self._sock.recv(self.max_size)
           ^^^^^^^^^^^^^^^^^^^^^^^^^^^^^^
TimeoutError: [Errno 110] Connection timed out

The above exception was the direct cause of the following exception:

Traceback (most recent call last):
  File "/usr/local/python/3.12.1/lib/python3.12/site-packages/discord/app_commands/commands.py", line 858, in _do_call
    return await self._callback(self.binding, interaction, **params)  # type: ignore
           ^^^^^^^^^^^^^^^^^^^^^^^^^^^^^^^^^^^^^^^^^^^^^^^^^^^^^^^^^
  File "/workspaces/Nexory/datein/tasks.py", line 301, in create_user
  File "/workspaces/Nexory/datein/tasks.py", line 154, in setup
    await self.load_tasks()
  File "/workspaces/Nexory/datein/tasks.py", line 161, in load_tasks
    await cur.execute(
  File "/usr/local/python/3.12.1/lib/python3.12/site-packages/aiomysql/cursors.py", line 239, in execute
    await self._query(query)
  File "/usr/local/python/3.12.1/lib/python3.12/site-packages/aiomysql/cursors.py", line 457, in _query
    await conn.query(q)
  File "/usr/local/python/3.12.1/lib/python3.12/site-packages/aiomysql/connection.py", line 469, in query
    await self._read_query_result(unbuffered=unbuffered)
  File "/usr/local/python/3.12.1/lib/python3.12/site-packages/aiomysql/connection.py", line 683, in _read_query_result
    await result.read()
  File "/usr/local/python/3.12.1/lib/python3.12/site-packages/aiomysql/connection.py", line 1164, in read
    first_packet = await self.connection._read_packet()
                   ^^^^^^^^^^^^^^^^^^^^^^^^^^^^^^^^^^^^
  File "/usr/local/python/3.12.1/lib/python3.12/site-packages/aiomysql/connection.py", line 609, in _read_packet
    packet_header = await self._read_bytes(4)
                    ^^^^^^^^^^^^^^^^^^^^^^^^^
  File "/usr/local/python/3.12.1/lib/python3.12/site-packages/aiomysql/connection.py", line 665, in _read_bytes
    raise OperationalError(CR.CR_SERVER_LOST, msg) from e
pymysql.err.OperationalError: (2013, 'Lost connection to MySQL server during query ([Errno 110] Connection timed out)')

The above exception was the direct cause of the following exception:

Traceback (most recent call last):
  File "/usr/local/python/3.12.1/lib/python3.12/site-packages/discord/app_commands/tree.py", line 1297, in _call
    await command._invoke_with_namespace(interaction, namespace)
  File "/usr/local/python/3.12.1/lib/python3.12/site-packages/discord/app_commands/commands.py", line 884, in _invoke_with_namespace
    return await self._do_call(interaction, transformed_values)
           ^^^^^^^^^^^^^^^^^^^^^^^^^^^^^^^^^^^^^^^^^^^^^^^^^^^^
  File "/usr/local/python/3.12.1/lib/python3.12/site-packages/discord/app_commands/commands.py", line 877, in _do_call
    raise CommandInvokeError(self, e) from e
discord.app_commands.errors.CommandInvokeError: Command 'user' raised an exception: OperationalError: (2013, 'Lost connection to MySQL server during query ([Errno 110] Connection timed out)')
[2026-02-20 22-10-19] [ERROR   ] discord.app_commands.tree: Ignoring exception in command 'user'
Traceback (most recent call last):
  File "/usr/local/python/3.12.1/lib/python3.12/site-packages/aiomysql/connection.py", line 657, in _read_bytes
    data = await self._reader.readexactly(num_bytes)
           ^^^^^^^^^^^^^^^^^^^^^^^^^^^^^^^^^^^^^^^^^
  File "/usr/local/python/3.12.1/lib/python3.12/asyncio/streams.py", line 749, in readexactly
    await self._wait_for_data('readexactly')
  File "/usr/local/python/3.12.1/lib/python3.12/asyncio/streams.py", line 542, in _wait_for_data
    await self._waiter
  File "/usr/local/python/3.12.1/lib/python3.12/asyncio/selector_events.py", line 1009, in _read_ready__data_received
    data = self._sock.recv(self.max_size)
           ^^^^^^^^^^^^^^^^^^^^^^^^^^^^^^
TimeoutError: [Errno 110] Connection timed out

The above exception was the direct cause of the following exception:

Traceback (most recent call last):
  File "/usr/local/python/3.12.1/lib/python3.12/site-packages/discord/app_commands/commands.py", line 858, in _do_call
    return await self._callback(self.binding, interaction, **params)  # type: ignore
           ^^^^^^^^^^^^^^^^^^^^^^^^^^^^^^^^^^^^^^^^^^^^^^^^^^^^^^^^^
  File "/workspaces/Nexory/datein/tasks.py", line 301, in create_user
  File "/workspaces/Nexory/datein/tasks.py", line 154, in setup
    await self.load_tasks()
  File "/workspaces/Nexory/datein/tasks.py", line 161, in load_tasks
    await cur.execute(
  File "/usr/local/python/3.12.1/lib/python3.12/site-packages/aiomysql/cursors.py", line 239, in execute
    await self._query(query)
  File "/usr/local/python/3.12.1/lib/python3.12/site-packages/aiomysql/cursors.py", line 457, in _query
    await conn.query(q)
  File "/usr/local/python/3.12.1/lib/python3.12/site-packages/aiomysql/connection.py", line 469, in query
    await self._read_query_result(unbuffered=unbuffered)
  File "/usr/local/python/3.12.1/lib/python3.12/site-packages/aiomysql/connection.py", line 683, in _read_query_result
    await result.read()
  File "/usr/local/python/3.12.1/lib/python3.12/site-packages/aiomysql/connection.py", line 1164, in read
    first_packet = await self.connection._read_packet()
                   ^^^^^^^^^^^^^^^^^^^^^^^^^^^^^^^^^^^^
  File "/usr/local/python/3.12.1/lib/python3.12/site-packages/aiomysql/connection.py", line 609, in _read_packet
    packet_header = await self._read_bytes(4)
                    ^^^^^^^^^^^^^^^^^^^^^^^^^
  File "/usr/local/python/3.12.1/lib/python3.12/site-packages/aiomysql/connection.py", line 665, in _read_bytes
    raise OperationalError(CR.CR_SERVER_LOST, msg) from e
pymysql.err.OperationalError: (2013, 'Lost connection to MySQL server during query ([Errno 110] Connection timed out)')

The above exception was the direct cause of the following exception:

Traceback (most recent call last):
  File "/usr/local/python/3.12.1/lib/python3.12/site-packages/discord/app_commands/tree.py", line 1297, in _call
    await command._invoke_with_namespace(interaction, namespace)
  File "/usr/local/python/3.12.1/lib/python3.12/site-packages/discord/app_commands/commands.py", line 884, in _invoke_with_namespace
    return await self._do_call(interaction, transformed_values)
           ^^^^^^^^^^^^^^^^^^^^^^^^^^^^^^^^^^^^^^^^^^^^^^^^^^^^
  File "/usr/local/python/3.12.1/lib/python3.12/site-packages/discord/app_commands/commands.py", line 877, in _do_call
    raise CommandInvokeError(self, e) from e
discord.app_commands.errors.CommandInvokeError: Command 'user' raised an exception: OperationalError: (2013, 'Lost connection to MySQL server during query ([Errno 110] Connection timed out)')
[2026-02-20 22-10-19] [ERROR   ] discord.app_commands.tree: Ignoring exception in command 'user'
Traceback (most recent call last):
  File "/usr/local/python/3.12.1/lib/python3.12/site-packages/aiomysql/connection.py", line 657, in _read_bytes
    data = await self._reader.readexactly(num_bytes)
           ^^^^^^^^^^^^^^^^^^^^^^^^^^^^^^^^^^^^^^^^^
  File "/usr/local/python/3.12.1/lib/python3.12/asyncio/streams.py", line 749, in readexactly
    await self._wait_for_data('readexactly')
  File "/usr/local/python/3.12.1/lib/python3.12/asyncio/streams.py", line 542, in _wait_for_data
    await self._waiter
  File "/usr/local/python/3.12.1/lib/python3.12/asyncio/selector_events.py", line 1009, in _read_ready__data_received
    data = self._sock.recv(self.max_size)
           ^^^^^^^^^^^^^^^^^^^^^^^^^^^^^^
TimeoutError: [Errno 110] Connection timed out

The above exception was the direct cause of the following exception:

Traceback (most recent call last):
  File "/usr/local/python/3.12.1/lib/python3.12/site-packages/discord/app_commands/commands.py", line 858, in _do_call
    return await self._callback(self.binding, interaction, **params)  # type: ignore
           ^^^^^^^^^^^^^^^^^^^^^^^^^^^^^^^^^^^^^^^^^^^^^^^^^^^^^^^^^
  File "/workspaces/Nexory/datein/tasks.py", line 301, in create_user
  File "/workspaces/Nexory/datein/tasks.py", line 154, in setup
    await self.load_tasks()
  File "/workspaces/Nexory/datein/tasks.py", line 161, in load_tasks
    await cur.execute(
  File "/usr/local/python/3.12.1/lib/python3.12/site-packages/aiomysql/cursors.py", line 239, in execute
    await self._query(query)
  File "/usr/local/python/3.12.1/lib/python3.12/site-packages/aiomysql/cursors.py", line 457, in _query
    await conn.query(q)
  File "/usr/local/python/3.12.1/lib/python3.12/site-packages/aiomysql/connection.py", line 469, in query
    await self._read_query_result(unbuffered=unbuffered)
  File "/usr/local/python/3.12.1/lib/python3.12/site-packages/aiomysql/connection.py", line 683, in _read_query_result
    await result.read()
  File "/usr/local/python/3.12.1/lib/python3.12/site-packages/aiomysql/connection.py", line 1164, in read
    first_packet = await self.connection._read_packet()
                   ^^^^^^^^^^^^^^^^^^^^^^^^^^^^^^^^^^^^
  File "/usr/local/python/3.12.1/lib/python3.12/site-packages/aiomysql/connection.py", line 609, in _read_packet
    packet_header = await self._read_bytes(4)
                    ^^^^^^^^^^^^^^^^^^^^^^^^^
  File "/usr/local/python/3.12.1/lib/python3.12/site-packages/aiomysql/connection.py", line 665, in _read_bytes
    raise OperationalError(CR.CR_SERVER_LOST, msg) from e
pymysql.err.OperationalError: (2013, 'Lost connection to MySQL server during query ([Errno 110] Connection timed out)')

The above exception was the direct cause of the following exception:

Traceback (most recent call last):
  File "/usr/local/python/3.12.1/lib/python3.12/site-packages/discord/app_commands/tree.py", line 1297, in _call
    await command._invoke_with_namespace(interaction, namespace)
  File "/usr/local/python/3.12.1/lib/python3.12/site-packages/discord/app_commands/commands.py", line 884, in _invoke_with_namespace
    return await self._do_call(interaction, transformed_values)
           ^^^^^^^^^^^^^^^^^^^^^^^^^^^^^^^^^^^^^^^^^^^^^^^^^^^^
  File "/usr/local/python/3.12.1/lib/python3.12/site-packages/discord/app_commands/commands.py", line 877, in _do_call
    raise CommandInvokeError(self, e) from e
discord.app_commands.errors.CommandInvokeError: Command 'user' raised an exception: OperationalError: (2013, 'Lost connection to MySQL server during query ([Errno 110] Connection timed out)')
[2026-02-20 22-10-19] [ERROR   ] discord.app_commands.tree: Ignoring exception in command 'user'
Traceback (most recent call last):
  File "/usr/local/python/3.12.1/lib/python3.12/site-packages/aiomysql/connection.py", line 657, in _read_bytes
    data = await self._reader.readexactly(num_bytes)
           ^^^^^^^^^^^^^^^^^^^^^^^^^^^^^^^^^^^^^^^^^
  File "/usr/local/python/3.12.1/lib/python3.12/asyncio/streams.py", line 749, in readexactly
    await self._wait_for_data('readexactly')
  File "/usr/local/python/3.12.1/lib/python3.12/asyncio/streams.py", line 542, in _wait_for_data
    await self._waiter
  File "/usr/local/python/3.12.1/lib/python3.12/asyncio/selector_events.py", line 1009, in _read_ready__data_received
    data = self._sock.recv(self.max_size)
           ^^^^^^^^^^^^^^^^^^^^^^^^^^^^^^
TimeoutError: [Errno 110] Connection timed out

The above exception was the direct cause of the following exception:

Traceback (most recent call last):
  File "/usr/local/python/3.12.1/lib/python3.12/site-packages/discord/app_commands/commands.py", line 858, in _do_call
    return await self._callback(self.binding, interaction, **params)  # type: ignore
           ^^^^^^^^^^^^^^^^^^^^^^^^^^^^^^^^^^^^^^^^^^^^^^^^^^^^^^^^^
  File "/workspaces/Nexory/datein/tasks.py", line 301, in create_user
  File "/workspaces/Nexory/datein/tasks.py", line 154, in setup
    await self.load_tasks()
  File "/workspaces/Nexory/datein/tasks.py", line 161, in load_tasks
    await cur.execute(
  File "/usr/local/python/3.12.1/lib/python3.12/site-packages/aiomysql/cursors.py", line 239, in execute
    await self._query(query)
  File "/usr/local/python/3.12.1/lib/python3.12/site-packages/aiomysql/cursors.py", line 457, in _query
    await conn.query(q)
  File "/usr/local/python/3.12.1/lib/python3.12/site-packages/aiomysql/connection.py", line 469, in query
    await self._read_query_result(unbuffered=unbuffered)
  File "/usr/local/python/3.12.1/lib/python3.12/site-packages/aiomysql/connection.py", line 683, in _read_query_result
    await result.read()
  File "/usr/local/python/3.12.1/lib/python3.12/site-packages/aiomysql/connection.py", line 1164, in read
    first_packet = await self.connection._read_packet()
                   ^^^^^^^^^^^^^^^^^^^^^^^^^^^^^^^^^^^^
  File "/usr/local/python/3.12.1/lib/python3.12/site-packages/aiomysql/connection.py", line 609, in _read_packet
    packet_header = await self._read_bytes(4)
                    ^^^^^^^^^^^^^^^^^^^^^^^^^
  File "/usr/local/python/3.12.1/lib/python3.12/site-packages/aiomysql/connection.py", line 665, in _read_bytes
    raise OperationalError(CR.CR_SERVER_LOST, msg) from e
pymysql.err.OperationalError: (2013, 'Lost connection to MySQL server during query ([Errno 110] Connection timed out)')

The above exception was the direct cause of the following exception:

Traceback (most recent call last):
  File "/usr/local/python/3.12.1/lib/python3.12/site-packages/discord/app_commands/tree.py", line 1297, in _call
    await command._invoke_with_namespace(interaction, namespace)
  File "/usr/local/python/3.12.1/lib/python3.12/site-packages/discord/app_commands/commands.py", line 884, in _invoke_with_namespace
    return await self._do_call(interaction, transformed_values)
           ^^^^^^^^^^^^^^^^^^^^^^^^^^^^^^^^^^^^^^^^^^^^^^^^^^^^
  File "/usr/local/python/3.12.1/lib/python3.12/site-packages/discord/app_commands/commands.py", line 877, in _do_call
    raise CommandInvokeError(self, e) from e
discord.app_commands.errors.CommandInvokeError: Command 'user' raised an exception: OperationalError: (2013, 'Lost connection to MySQL server during query ([Errno 110] Connection timed out)')
[2026-02-20 22-10-19] [ERROR   ] discord.app_commands.tree: Ignoring exception in command 'user'
Traceback (most recent call last):
  File "/usr/local/python/3.12.1/lib/python3.12/site-packages/aiomysql/connection.py", line 657, in _read_bytes
    data = await self._reader.readexactly(num_bytes)
           ^^^^^^^^^^^^^^^^^^^^^^^^^^^^^^^^^^^^^^^^^
  File "/usr/local/python/3.12.1/lib/python3.12/asyncio/streams.py", line 749, in readexactly
    await self._wait_for_data('readexactly')
  File "/usr/local/python/3.12.1/lib/python3.12/asyncio/streams.py", line 542, in _wait_for_data
    await self._waiter
  File "/usr/local/python/3.12.1/lib/python3.12/asyncio/selector_events.py", line 1009, in _read_ready__data_received
    data = self._sock.recv(self.max_size)
           ^^^^^^^^^^^^^^^^^^^^^^^^^^^^^^
TimeoutError: [Errno 110] Connection timed out

The above exception was the direct cause of the following exception:

Traceback (most recent call last):
  File "/usr/local/python/3.12.1/lib/python3.12/site-packages/discord/app_commands/commands.py", line 858, in _do_call
    return await self._callback(self.binding, interaction, **params)  # type: ignore
           ^^^^^^^^^^^^^^^^^^^^^^^^^^^^^^^^^^^^^^^^^^^^^^^^^^^^^^^^^
  File "/workspaces/Nexory/datein/tasks.py", line 301, in create_user
  File "/workspaces/Nexory/datein/tasks.py", line 154, in setup
    await self.load_tasks()
  File "/workspaces/Nexory/datein/tasks.py", line 161, in load_tasks
    await cur.execute(
  File "/usr/local/python/3.12.1/lib/python3.12/site-packages/aiomysql/cursors.py", line 239, in execute
    await self._query(query)
  File "/usr/local/python/3.12.1/lib/python3.12/site-packages/aiomysql/cursors.py", line 457, in _query
    await conn.query(q)
  File "/usr/local/python/3.12.1/lib/python3.12/site-packages/aiomysql/connection.py", line 469, in query
    await self._read_query_result(unbuffered=unbuffered)
  File "/usr/local/python/3.12.1/lib/python3.12/site-packages/aiomysql/connection.py", line 683, in _read_query_result
    await result.read()
  File "/usr/local/python/3.12.1/lib/python3.12/site-packages/aiomysql/connection.py", line 1164, in read
    first_packet = await self.connection._read_packet()
                   ^^^^^^^^^^^^^^^^^^^^^^^^^^^^^^^^^^^^
  File "/usr/local/python/3.12.1/lib/python3.12/site-packages/aiomysql/connection.py", line 609, in _read_packet
    packet_header = await self._read_bytes(4)
                    ^^^^^^^^^^^^^^^^^^^^^^^^^
  File "/usr/local/python/3.12.1/lib/python3.12/site-packages/aiomysql/connection.py", line 665, in _read_bytes
    raise OperationalError(CR.CR_SERVER_LOST, msg) from e
pymysql.err.OperationalError: (2013, 'Lost connection to MySQL server during query ([Errno 110] Connection timed out)')

The above exception was the direct cause of the following exception:

Traceback (most recent call last):
  File "/usr/local/python/3.12.1/lib/python3.12/site-packages/discord/app_commands/tree.py", line 1297, in _call
    await command._invoke_with_namespace(interaction, namespace)
  File "/usr/local/python/3.12.1/lib/python3.12/site-packages/discord/app_commands/commands.py", line 884, in _invoke_with_namespace
    return await self._do_call(interaction, transformed_values)
           ^^^^^^^^^^^^^^^^^^^^^^^^^^^^^^^^^^^^^^^^^^^^^^^^^^^^
  File "/usr/local/python/3.12.1/lib/python3.12/site-packages/discord/app_commands/commands.py", line 877, in _do_call
    raise CommandInvokeError(self, e) from e
discord.app_commands.errors.CommandInvokeError: Command 'user' raised an exception: OperationalError: (2013, 'Lost connection to MySQL server during query ([Errno 110] Connection timed out)')
[2026-02-20 22-10-19] [ERROR   ] discord.app_commands.tree: Ignoring exception in command 'user'
Traceback (most recent call last):
  File "/usr/local/python/3.12.1/lib/python3.12/site-packages/aiomysql/connection.py", line 657, in _read_bytes
    data = await self._reader.readexactly(num_bytes)
           ^^^^^^^^^^^^^^^^^^^^^^^^^^^^^^^^^^^^^^^^^
  File "/usr/local/python/3.12.1/lib/python3.12/asyncio/streams.py", line 749, in readexactly
    await self._wait_for_data('readexactly')
  File "/usr/local/python/3.12.1/lib/python3.12/asyncio/streams.py", line 542, in _wait_for_data
    await self._waiter
  File "/usr/local/python/3.12.1/lib/python3.12/asyncio/selector_events.py", line 1009, in _read_ready__data_received
    data = self._sock.recv(self.max_size)
           ^^^^^^^^^^^^^^^^^^^^^^^^^^^^^^
TimeoutError: [Errno 110] Connection timed out

The above exception was the direct cause of the following exception:

Traceback (most recent call last):
  File "/usr/local/python/3.12.1/lib/python3.12/site-packages/discord/app_commands/commands.py", line 858, in _do_call
    return await self._callback(self.binding, interaction, **params)  # type: ignore
           ^^^^^^^^^^^^^^^^^^^^^^^^^^^^^^^^^^^^^^^^^^^^^^^^^^^^^^^^^
  File "/workspaces/Nexory/datein/tasks.py", line 301, in create_user
  File "/workspaces/Nexory/datein/tasks.py", line 154, in setup
    await self.load_tasks()
  File "/workspaces/Nexory/datein/tasks.py", line 161, in load_tasks
    await cur.execute(
  File "/usr/local/python/3.12.1/lib/python3.12/site-packages/aiomysql/cursors.py", line 239, in execute
    await self._query(query)
  File "/usr/local/python/3.12.1/lib/python3.12/site-packages/aiomysql/cursors.py", line 457, in _query
    await conn.query(q)
  File "/usr/local/python/3.12.1/lib/python3.12/site-packages/aiomysql/connection.py", line 469, in query
    await self._read_query_result(unbuffered=unbuffered)
  File "/usr/local/python/3.12.1/lib/python3.12/site-packages/aiomysql/connection.py", line 683, in _read_query_result
    await result.read()
  File "/usr/local/python/3.12.1/lib/python3.12/site-packages/aiomysql/connection.py", line 1164, in read
    first_packet = await self.connection._read_packet()
                   ^^^^^^^^^^^^^^^^^^^^^^^^^^^^^^^^^^^^
  File "/usr/local/python/3.12.1/lib/python3.12/site-packages/aiomysql/connection.py", line 609, in _read_packet
    packet_header = await self._read_bytes(4)
                    ^^^^^^^^^^^^^^^^^^^^^^^^^
  File "/usr/local/python/3.12.1/lib/python3.12/site-packages/aiomysql/connection.py", line 665, in _read_bytes
    raise OperationalError(CR.CR_SERVER_LOST, msg) from e
pymysql.err.OperationalError: (2013, 'Lost connection to MySQL server during query ([Errno 110] Connection timed out)')

The above exception was the direct cause of the following exception:

Traceback (most recent call last):
  File "/usr/local/python/3.12.1/lib/python3.12/site-packages/discord/app_commands/tree.py", line 1297, in _call
    await command._invoke_with_namespace(interaction, namespace)
  File "/usr/local/python/3.12.1/lib/python3.12/site-packages/discord/app_commands/commands.py", line 884, in _invoke_with_namespace
    return await self._do_call(interaction, transformed_values)
           ^^^^^^^^^^^^^^^^^^^^^^^^^^^^^^^^^^^^^^^^^^^^^^^^^^^^
  File "/usr/local/python/3.12.1/lib/python3.12/site-packages/discord/app_commands/commands.py", line 877, in _do_call
    raise CommandInvokeError(self, e) from e
discord.app_commands.errors.CommandInvokeError: Command 'user' raised an exception: OperationalError: (2013, 'Lost connection to MySQL server during query ([Errno 110] Connection timed out)')
[2026-02-20 22-10-19] [ERROR   ] discord.app_commands.tree: Ignoring exception in command 'user'
Traceback (most recent call last):
  File "/usr/local/python/3.12.1/lib/python3.12/site-packages/aiomysql/connection.py", line 657, in _read_bytes
    data = await self._reader.readexactly(num_bytes)
           ^^^^^^^^^^^^^^^^^^^^^^^^^^^^^^^^^^^^^^^^^
  File "/usr/local/python/3.12.1/lib/python3.12/asyncio/streams.py", line 749, in readexactly
    await self._wait_for_data('readexactly')
  File "/usr/local/python/3.12.1/lib/python3.12/asyncio/streams.py", line 542, in _wait_for_data
    await self._waiter
  File "/usr/local/python/3.12.1/lib/python3.12/asyncio/selector_events.py", line 1009, in _read_ready__data_received
    data = self._sock.recv(self.max_size)
           ^^^^^^^^^^^^^^^^^^^^^^^^^^^^^^
TimeoutError: [Errno 110] Connection timed out

The above exception was the direct cause of the following exception:

Traceback (most recent call last):
  File "/usr/local/python/3.12.1/lib/python3.12/site-packages/discord/app_commands/commands.py", line 858, in _do_call
    return await self._callback(self.binding, interaction, **params)  # type: ignore
           ^^^^^^^^^^^^^^^^^^^^^^^^^^^^^^^^^^^^^^^^^^^^^^^^^^^^^^^^^
  File "/workspaces/Nexory/datein/tasks.py", line 301, in create_user
  File "/workspaces/Nexory/datein/tasks.py", line 154, in setup
    await self.load_tasks()
  File "/workspaces/Nexory/datein/tasks.py", line 161, in load_tasks
    await cur.execute(
  File "/usr/local/python/3.12.1/lib/python3.12/site-packages/aiomysql/cursors.py", line 239, in execute
    await self._query(query)
  File "/usr/local/python/3.12.1/lib/python3.12/site-packages/aiomysql/cursors.py", line 457, in _query
    await conn.query(q)
  File "/usr/local/python/3.12.1/lib/python3.12/site-packages/aiomysql/connection.py", line 469, in query
    await self._read_query_result(unbuffered=unbuffered)
  File "/usr/local/python/3.12.1/lib/python3.12/site-packages/aiomysql/connection.py", line 683, in _read_query_result
    await result.read()
  File "/usr/local/python/3.12.1/lib/python3.12/site-packages/aiomysql/connection.py", line 1164, in read
    first_packet = await self.connection._read_packet()
                   ^^^^^^^^^^^^^^^^^^^^^^^^^^^^^^^^^^^^
  File "/usr/local/python/3.12.1/lib/python3.12/site-packages/aiomysql/connection.py", line 609, in _read_packet
    packet_header = await self._read_bytes(4)
                    ^^^^^^^^^^^^^^^^^^^^^^^^^
  File "/usr/local/python/3.12.1/lib/python3.12/site-packages/aiomysql/connection.py", line 665, in _read_bytes
    raise OperationalError(CR.CR_SERVER_LOST, msg) from e
pymysql.err.OperationalError: (2013, 'Lost connection to MySQL server during query ([Errno 110] Connection timed out)')

The above exception was the direct cause of the following exception:

Traceback (most recent call last):
  File "/usr/local/python/3.12.1/lib/python3.12/site-packages/discord/app_commands/tree.py", line 1297, in _call
    await command._invoke_with_namespace(interaction, namespace)
  File "/usr/local/python/3.12.1/lib/python3.12/site-packages/discord/app_commands/commands.py", line 884, in _invoke_with_namespace
    return await self._do_call(interaction, transformed_values)
           ^^^^^^^^^^^^^^^^^^^^^^^^^^^^^^^^^^^^^^^^^^^^^^^^^^^^
  File "/usr/local/python/3.12.1/lib/python3.12/site-packages/discord/app_commands/commands.py", line 877, in _do_call
    raise CommandInvokeError(self, e) from e
discord.app_commands.errors.CommandInvokeError: Command 'user' raised an exception: OperationalError: (2013, 'Lost connection to MySQL server during query ([Errno 110] Connection timed out)')
[2026-02-20 22-10-19] [ERROR   ] discord.app_commands.tree: Ignoring exception in command 'user'
Traceback (most recent call last):
  File "/usr/local/python/3.12.1/lib/python3.12/site-packages/aiomysql/connection.py", line 657, in _read_bytes
    data = await self._reader.readexactly(num_bytes)
           ^^^^^^^^^^^^^^^^^^^^^^^^^^^^^^^^^^^^^^^^^
  File "/usr/local/python/3.12.1/lib/python3.12/asyncio/streams.py", line 749, in readexactly
    await self._wait_for_data('readexactly')
  File "/usr/local/python/3.12.1/lib/python3.12/asyncio/streams.py", line 542, in _wait_for_data
    await self._waiter
  File "/usr/local/python/3.12.1/lib/python3.12/asyncio/selector_events.py", line 1009, in _read_ready__data_received
    data = self._sock.recv(self.max_size)
           ^^^^^^^^^^^^^^^^^^^^^^^^^^^^^^
TimeoutError: [Errno 110] Connection timed out

The above exception was the direct cause of the following exception:

Traceback (most recent call last):
  File "/usr/local/python/3.12.1/lib/python3.12/site-packages/discord/app_commands/commands.py", line 858, in _do_call
    return await self._callback(self.binding, interaction, **params)  # type: ignore
           ^^^^^^^^^^^^^^^^^^^^^^^^^^^^^^^^^^^^^^^^^^^^^^^^^^^^^^^^^
  File "/workspaces/Nexory/datein/tasks.py", line 301, in create_user
  File "/workspaces/Nexory/datein/tasks.py", line 154, in setup
    await self.load_tasks()
  File "/workspaces/Nexory/datein/tasks.py", line 161, in load_tasks
    await cur.execute(
  File "/usr/local/python/3.12.1/lib/python3.12/site-packages/aiomysql/cursors.py", line 239, in execute
    await self._query(query)
  File "/usr/local/python/3.12.1/lib/python3.12/site-packages/aiomysql/cursors.py", line 457, in _query
    await conn.query(q)
  File "/usr/local/python/3.12.1/lib/python3.12/site-packages/aiomysql/connection.py", line 469, in query
    await self._read_query_result(unbuffered=unbuffered)
  File "/usr/local/python/3.12.1/lib/python3.12/site-packages/aiomysql/connection.py", line 683, in _read_query_result
    await result.read()
  File "/usr/local/python/3.12.1/lib/python3.12/site-packages/aiomysql/connection.py", line 1164, in read
    first_packet = await self.connection._read_packet()
                   ^^^^^^^^^^^^^^^^^^^^^^^^^^^^^^^^^^^^
  File "/usr/local/python/3.12.1/lib/python3.12/site-packages/aiomysql/connection.py", line 609, in _read_packet
    packet_header = await self._read_bytes(4)
                    ^^^^^^^^^^^^^^^^^^^^^^^^^
  File "/usr/local/python/3.12.1/lib/python3.12/site-packages/aiomysql/connection.py", line 665, in _read_bytes
    raise OperationalError(CR.CR_SERVER_LOST, msg) from e
pymysql.err.OperationalError: (2013, 'Lost connection to MySQL server during query ([Errno 110] Connection timed out)')

The above exception was the direct cause of the following exception:

Traceback (most recent call last):
  File "/usr/local/python/3.12.1/lib/python3.12/site-packages/discord/app_commands/tree.py", line 1297, in _call
    await command._invoke_with_namespace(interaction, namespace)
  File "/usr/local/python/3.12.1/lib/python3.12/site-packages/discord/app_commands/commands.py", line 884, in _invoke_with_namespace
    return await self._do_call(interaction, transformed_values)
           ^^^^^^^^^^^^^^^^^^^^^^^^^^^^^^^^^^^^^^^^^^^^^^^^^^^^
  File "/usr/local/python/3.12.1/lib/python3.12/site-packages/discord/app_commands/commands.py", line 877, in _do_call
    raise CommandInvokeError(self, e) from e
discord.app_commands.errors.CommandInvokeError: Command 'user' raised an exception: OperationalError: (2013, 'Lost connection to MySQL server during query ([Errno 110] Connection timed out)')
[2026-02-20 22-10-19] [ERROR   ] discord.app_commands.tree: Ignoring exception in command 'user'
Traceback (most recent call last):
  File "/usr/local/python/3.12.1/lib/python3.12/site-packages/aiomysql/connection.py", line 657, in _read_bytes
    data = await self._reader.readexactly(num_bytes)
           ^^^^^^^^^^^^^^^^^^^^^^^^^^^^^^^^^^^^^^^^^
  File "/usr/local/python/3.12.1/lib/python3.12/asyncio/streams.py", line 749, in readexactly
    await self._wait_for_data('readexactly')
  File "/usr/local/python/3.12.1/lib/python3.12/asyncio/streams.py", line 542, in _wait_for_data
    await self._waiter
  File "/usr/local/python/3.12.1/lib/python3.12/asyncio/selector_events.py", line 1009, in _read_ready__data_received
    data = self._sock.recv(self.max_size)
           ^^^^^^^^^^^^^^^^^^^^^^^^^^^^^^
TimeoutError: [Errno 110] Connection timed out

The above exception was the direct cause of the following exception:

Traceback (most recent call last):
  File "/usr/local/python/3.12.1/lib/python3.12/site-packages/discord/app_commands/commands.py", line 858, in _do_call
    return await self._callback(self.binding, interaction, **params)  # type: ignore
           ^^^^^^^^^^^^^^^^^^^^^^^^^^^^^^^^^^^^^^^^^^^^^^^^^^^^^^^^^
  File "/workspaces/Nexory/datein/tasks.py", line 301, in create_user
  File "/workspaces/Nexory/datein/tasks.py", line 154, in setup
    await self.load_tasks()
  File "/workspaces/Nexory/datein/tasks.py", line 161, in load_tasks
    await cur.execute(
  File "/usr/local/python/3.12.1/lib/python3.12/site-packages/aiomysql/cursors.py", line 239, in execute
    await self._query(query)
  File "/usr/local/python/3.12.1/lib/python3.12/site-packages/aiomysql/cursors.py", line 457, in _query
    await conn.query(q)
  File "/usr/local/python/3.12.1/lib/python3.12/site-packages/aiomysql/connection.py", line 469, in query
    await self._read_query_result(unbuffered=unbuffered)
  File "/usr/local/python/3.12.1/lib/python3.12/site-packages/aiomysql/connection.py", line 683, in _read_query_result
    await result.read()
  File "/usr/local/python/3.12.1/lib/python3.12/site-packages/aiomysql/connection.py", line 1164, in read
    first_packet = await self.connection._read_packet()
                   ^^^^^^^^^^^^^^^^^^^^^^^^^^^^^^^^^^^^
  File "/usr/local/python/3.12.1/lib/python3.12/site-packages/aiomysql/connection.py", line 609, in _read_packet
    packet_header = await self._read_bytes(4)
                    ^^^^^^^^^^^^^^^^^^^^^^^^^
  File "/usr/local/python/3.12.1/lib/python3.12/site-packages/aiomysql/connection.py", line 665, in _read_bytes
    raise OperationalError(CR.CR_SERVER_LOST, msg) from e
pymysql.err.OperationalError: (2013, 'Lost connection to MySQL server during query ([Errno 110] Connection timed out)')

The above exception was the direct cause of the following exception:

Traceback (most recent call last):
  File "/usr/local/python/3.12.1/lib/python3.12/site-packages/discord/app_commands/tree.py", line 1297, in _call
    await command._invoke_with_namespace(interaction, namespace)
  File "/usr/local/python/3.12.1/lib/python3.12/site-packages/discord/app_commands/commands.py", line 884, in _invoke_with_namespace
    return await self._do_call(interaction, transformed_values)
           ^^^^^^^^^^^^^^^^^^^^^^^^^^^^^^^^^^^^^^^^^^^^^^^^^^^^
  File "/usr/local/python/3.12.1/lib/python3.12/site-packages/discord/app_commands/commands.py", line 877, in _do_call
    raise CommandInvokeError(self, e) from e
discord.app_commands.errors.CommandInvokeError: Command 'user' raised an exception: OperationalError: (2013, 'Lost connection to MySQL server during query ([Errno 110] Connection timed out)')
[2026-02-20 22-11-49] [INFO    ] discord.gateway: Shard ID None has successfully RESUMED session 295ba0d967e48eb9120103748a29a0cd.
[2026-02-20 22-11-49] [INFO    ] discord.gateway: Shard ID None has successfully RESUMED session 295ba0d967e48eb9120103748a29a0cd.
[2026-02-20 22-11-49] [INFO    ] discord.gateway: Shard ID None has successfully RESUMED session 295ba0d967e48eb9120103748a29a0cd.
[2026-02-20 22-11-49] [INFO    ] discord.gateway: Shard ID None has successfully RESUMED session 295ba0d967e48eb9120103748a29a0cd.
[2026-02-20 22-11-49] [INFO    ] discord.gateway: Shard ID None has successfully RESUMED session 295ba0d967e48eb9120103748a29a0cd.
[2026-02-20 22-11-49] [INFO    ] discord.gateway: Shard ID None has successfully RESUMED session 295ba0d967e48eb9120103748a29a0cd.
[2026-02-20 22-11-49] [INFO    ] discord.gateway: Shard ID None has successfully RESUMED session 295ba0d967e48eb9120103748a29a0cd.
[2026-02-20 22-11-49] [INFO    ] discord.gateway: Shard ID None has successfully RESUMED session 295ba0d967e48eb9120103748a29a0cd.
[2026-02-20 22-11-49] [INFO    ] discord.gateway: Shard ID None has successfully RESUMED session 295ba0d967e48eb9120103748a29a0cd.
[2026-02-20 22-11-49] [INFO    ] discord.gateway: Shard ID None has successfully RESUMED session 295ba0d967e48eb9120103748a29a0cd.
[2026-02-20 22-11-49] [INFO    ] discord.gateway: Shard ID None has successfully RESUMED session 295ba0d967e48eb9120103748a29a0cd.
[2026-02-20 22-11-49] [INFO    ] discord.gateway: Shard ID None has successfully RESUMED session 295ba0d967e48eb9120103748a29a0cd.
[2026-02-20 22-11-49] [INFO    ] discord.gateway: Shard ID None has successfully RESUMED session 295ba0d967e48eb9120103748a29a0cd.
[2026-02-20 22-11-49] [INFO    ] discord.gateway: Shard ID None has successfully RESUMED session 295ba0d967e48eb9120103748a29a0cd.
[2026-02-20 22-11-49] [INFO    ] discord.gateway: Shard ID None has successfully RESUMED session 295ba0d967e48eb9120103748a29a0cd.
[2026-02-20 22-11-54] [INFO    ] discord: Realoded `tasks.py` | Ausgeführt von icefreestyler.luca(714361420409733171)
[2026-02-20 22-11-54] [INFO    ] discord: Realoded `tasks.py` | Ausgeführt von icefreestyler.luca(714361420409733171)
[2026-02-20 22-11-54] [INFO    ] discord: Realoded `tasks.py` | Ausgeführt von icefreestyler.luca(714361420409733171)
[2026-02-20 22-11-54] [INFO    ] discord: Realoded `tasks.py` | Ausgeführt von icefreestyler.luca(714361420409733171)
[2026-02-20 22-11-54] [INFO    ] discord: Realoded `tasks.py` | Ausgeführt von icefreestyler.luca(714361420409733171)
[2026-02-20 22-11-54] [INFO    ] discord: Realoded `tasks.py` | Ausgeführt von icefreestyler.luca(714361420409733171)
[2026-02-20 22-11-54] [INFO    ] discord: Realoded `tasks.py` | Ausgeführt von icefreestyler.luca(714361420409733171)
[2026-02-20 22-11-54] [INFO    ] discord: Realoded `tasks.py` | Ausgeführt von icefreestyler.luca(714361420409733171)
[2026-02-20 22-11-54] [INFO    ] discord: Realoded `tasks.py` | Ausgeführt von icefreestyler.luca(714361420409733171)
[2026-02-20 22-11-54] [INFO    ] discord: Realoded `tasks.py` | Ausgeführt von icefreestyler.luca(714361420409733171)
[2026-02-20 22-11-54] [INFO    ] discord: Realoded `tasks.py` | Ausgeführt von icefreestyler.luca(714361420409733171)
[2026-02-20 22-11-54] [INFO    ] discord: Realoded `tasks.py` | Ausgeführt von icefreestyler.luca(714361420409733171)
[2026-02-20 22-11-54] [INFO    ] discord: Realoded `tasks.py` | Ausgeführt von icefreestyler.luca(714361420409733171)
[2026-02-20 22-11-54] [INFO    ] discord: Realoded `tasks.py` | Ausgeführt von icefreestyler.luca(714361420409733171)
[2026-02-20 22-11-54] [INFO    ] discord: Realoded `tasks.py` | Ausgeführt von icefreestyler.luca(714361420409733171)
[2026-02-20 22-11-54] [INFO    ] discord: Realoded `tasks.py` | Ausgeführt von icefreestyler.luca(714361420409733171)
[2026-02-20 22-12-26] [ERROR   ] discord.app_commands.tree: Ignoring exception in command 'user'
Traceback (most recent call last):
  File "/usr/local/python/3.12.1/lib/python3.12/site-packages/aiomysql/connection.py", line 527, in _connect
    self._reader, self._writer = await \
                                 ^^^^^^^
  File "/usr/local/python/3.12.1/lib/python3.12/asyncio/tasks.py", line 520, in wait_for
    return await fut
           ^^^^^^^^^
  File "/usr/local/python/3.12.1/lib/python3.12/site-packages/aiomysql/connection.py", line 87, in _open_connection
    transport, _ = await loop.create_connection(
                   ^^^^^^^^^^^^^^^^^^^^^^^^^^^^^
  File "/usr/local/python/3.12.1/lib/python3.12/asyncio/base_events.py", line 1119, in create_connection
    raise exceptions[0]
  File "/usr/local/python/3.12.1/lib/python3.12/asyncio/base_events.py", line 1101, in create_connection
    sock = await self._connect_sock(
           ^^^^^^^^^^^^^^^^^^^^^^^^^
  File "/usr/local/python/3.12.1/lib/python3.12/asyncio/base_events.py", line 1004, in _connect_sock
    await self.sock_connect(sock, address)
  File "/usr/local/python/3.12.1/lib/python3.12/asyncio/selector_events.py", line 647, in sock_connect
    return await fut
           ^^^^^^^^^
  File "/usr/local/python/3.12.1/lib/python3.12/asyncio/selector_events.py", line 687, in _sock_connect_cb
    raise OSError(err, f'Connect call failed {address}')
TimeoutError: [Errno 110] Connect call failed ('84.247.143.94', 3306)

The above exception was the direct cause of the following exception:

Traceback (most recent call last):
  File "/usr/local/python/3.12.1/lib/python3.12/site-packages/discord/app_commands/commands.py", line 858, in _do_call
    return await self._callback(self.binding, interaction, **params)  # type: ignore
           ^^^^^^^^^^^^^^^^^^^^^^^^^^^^^^^^^^^^^^^^^^^^^^^^^^^^^^^^^
  File "/workspaces/Nexory/datein/tasks.py", line 319, in create_user
    (self.guild_id, self.value)
    ^^^^^^^^^^^^^^^^^^
  File "/workspaces/Nexory/datein/tasks.py", line 154, in setup
    await self.load_tasks()
  File "/workspaces/Nexory/datein/tasks.py", line 158, in load_tasks
    async with self.bot.pool.acquire() as conn:
  File "/usr/local/python/3.12.1/lib/python3.12/site-packages/aiomysql/utils.py", line 134, in __aenter__
    self._conn = await self._coro
                 ^^^^^^^^^^^^^^^^
  File "/usr/local/python/3.12.1/lib/python3.12/site-packages/aiomysql/pool.py", line 142, in _acquire
    await self._fill_free_pool(True)
  File "/usr/local/python/3.12.1/lib/python3.12/site-packages/aiomysql/pool.py", line 195, in _fill_free_pool
    conn = await connect(echo=self._echo, loop=self._loop,
           ^^^^^^^^^^^^^^^^^^^^^^^^^^^^^^^^^^^^^^^^^^^^^^^
  File "/usr/local/python/3.12.1/lib/python3.12/site-packages/aiomysql/connection.py", line 74, in _connect
    await conn._connect()
  File "/usr/local/python/3.12.1/lib/python3.12/site-packages/aiomysql/connection.py", line 563, in _connect
    raise OperationalError(
pymysql.err.OperationalError: (2003, "Can't connect to MySQL server on 'panel.karlo-hosting.com'")

The above exception was the direct cause of the following exception:

Traceback (most recent call last):
  File "/usr/local/python/3.12.1/lib/python3.12/site-packages/discord/app_commands/tree.py", line 1297, in _call
    await command._invoke_with_namespace(interaction, namespace)
  File "/usr/local/python/3.12.1/lib/python3.12/site-packages/discord/app_commands/commands.py", line 884, in _invoke_with_namespace
    return await self._do_call(interaction, transformed_values)
           ^^^^^^^^^^^^^^^^^^^^^^^^^^^^^^^^^^^^^^^^^^^^^^^^^^^^
  File "/usr/local/python/3.12.1/lib/python3.12/site-packages/discord/app_commands/commands.py", line 877, in _do_call
    raise CommandInvokeError(self, e) from e
discord.app_commands.errors.CommandInvokeError: Command 'user' raised an exception: OperationalError: (2003, "Can't connect to MySQL server on 'panel.karlo-hosting.com'")
[2026-02-20 22-12-26] [ERROR   ] discord.app_commands.tree: Ignoring exception in command 'user'
Traceback (most recent call last):
  File "/usr/local/python/3.12.1/lib/python3.12/site-packages/aiomysql/connection.py", line 527, in _connect
    self._reader, self._writer = await \
                                 ^^^^^^^
  File "/usr/local/python/3.12.1/lib/python3.12/asyncio/tasks.py", line 520, in wait_for
    return await fut
           ^^^^^^^^^
  File "/usr/local/python/3.12.1/lib/python3.12/site-packages/aiomysql/connection.py", line 87, in _open_connection
    transport, _ = await loop.create_connection(
                   ^^^^^^^^^^^^^^^^^^^^^^^^^^^^^
  File "/usr/local/python/3.12.1/lib/python3.12/asyncio/base_events.py", line 1119, in create_connection
    raise exceptions[0]
  File "/usr/local/python/3.12.1/lib/python3.12/asyncio/base_events.py", line 1101, in create_connection
    sock = await self._connect_sock(
           ^^^^^^^^^^^^^^^^^^^^^^^^^
  File "/usr/local/python/3.12.1/lib/python3.12/asyncio/base_events.py", line 1004, in _connect_sock
    await self.sock_connect(sock, address)
  File "/usr/local/python/3.12.1/lib/python3.12/asyncio/selector_events.py", line 647, in sock_connect
    return await fut
           ^^^^^^^^^
  File "/usr/local/python/3.12.1/lib/python3.12/asyncio/selector_events.py", line 687, in _sock_connect_cb
    raise OSError(err, f'Connect call failed {address}')
TimeoutError: [Errno 110] Connect call failed ('84.247.143.94', 3306)

The above exception was the direct cause of the following exception:

Traceback (most recent call last):
  File "/usr/local/python/3.12.1/lib/python3.12/site-packages/discord/app_commands/commands.py", line 858, in _do_call
    return await self._callback(self.binding, interaction, **params)  # type: ignore
           ^^^^^^^^^^^^^^^^^^^^^^^^^^^^^^^^^^^^^^^^^^^^^^^^^^^^^^^^^
  File "/workspaces/Nexory/datein/tasks.py", line 319, in create_user
    (self.guild_id, self.value)
    ^^^^^^^^^^^^^^^^^^
  File "/workspaces/Nexory/datein/tasks.py", line 154, in setup
    await self.load_tasks()
  File "/workspaces/Nexory/datein/tasks.py", line 158, in load_tasks
    async with self.bot.pool.acquire() as conn:
  File "/usr/local/python/3.12.1/lib/python3.12/site-packages/aiomysql/utils.py", line 134, in __aenter__
    self._conn = await self._coro
                 ^^^^^^^^^^^^^^^^
  File "/usr/local/python/3.12.1/lib/python3.12/site-packages/aiomysql/pool.py", line 142, in _acquire
    await self._fill_free_pool(True)
  File "/usr/local/python/3.12.1/lib/python3.12/site-packages/aiomysql/pool.py", line 195, in _fill_free_pool
    conn = await connect(echo=self._echo, loop=self._loop,
           ^^^^^^^^^^^^^^^^^^^^^^^^^^^^^^^^^^^^^^^^^^^^^^^
  File "/usr/local/python/3.12.1/lib/python3.12/site-packages/aiomysql/connection.py", line 74, in _connect
    await conn._connect()
  File "/usr/local/python/3.12.1/lib/python3.12/site-packages/aiomysql/connection.py", line 563, in _connect
    raise OperationalError(
pymysql.err.OperationalError: (2003, "Can't connect to MySQL server on 'panel.karlo-hosting.com'")

The above exception was the direct cause of the following exception:

Traceback (most recent call last):
  File "/usr/local/python/3.12.1/lib/python3.12/site-packages/discord/app_commands/tree.py", line 1297, in _call
    await command._invoke_with_namespace(interaction, namespace)
  File "/usr/local/python/3.12.1/lib/python3.12/site-packages/discord/app_commands/commands.py", line 884, in _invoke_with_namespace
    return await self._do_call(interaction, transformed_values)
           ^^^^^^^^^^^^^^^^^^^^^^^^^^^^^^^^^^^^^^^^^^^^^^^^^^^^
  File "/usr/local/python/3.12.1/lib/python3.12/site-packages/discord/app_commands/commands.py", line 877, in _do_call
    raise CommandInvokeError(self, e) from e
discord.app_commands.errors.CommandInvokeError: Command 'user' raised an exception: OperationalError: (2003, "Can't connect to MySQL server on 'panel.karlo-hosting.com'")
[2026-02-20 22-12-26] [ERROR   ] discord.app_commands.tree: Ignoring exception in command 'user'
Traceback (most recent call last):
  File "/usr/local/python/3.12.1/lib/python3.12/site-packages/aiomysql/connection.py", line 527, in _connect
    self._reader, self._writer = await \
                                 ^^^^^^^
  File "/usr/local/python/3.12.1/lib/python3.12/asyncio/tasks.py", line 520, in wait_for
    return await fut
           ^^^^^^^^^
  File "/usr/local/python/3.12.1/lib/python3.12/site-packages/aiomysql/connection.py", line 87, in _open_connection
    transport, _ = await loop.create_connection(
                   ^^^^^^^^^^^^^^^^^^^^^^^^^^^^^
  File "/usr/local/python/3.12.1/lib/python3.12/asyncio/base_events.py", line 1119, in create_connection
    raise exceptions[0]
  File "/usr/local/python/3.12.1/lib/python3.12/asyncio/base_events.py", line 1101, in create_connection
    sock = await self._connect_sock(
           ^^^^^^^^^^^^^^^^^^^^^^^^^
  File "/usr/local/python/3.12.1/lib/python3.12/asyncio/base_events.py", line 1004, in _connect_sock
    await self.sock_connect(sock, address)
  File "/usr/local/python/3.12.1/lib/python3.12/asyncio/selector_events.py", line 647, in sock_connect
    return await fut
           ^^^^^^^^^
  File "/usr/local/python/3.12.1/lib/python3.12/asyncio/selector_events.py", line 687, in _sock_connect_cb
    raise OSError(err, f'Connect call failed {address}')
TimeoutError: [Errno 110] Connect call failed ('84.247.143.94', 3306)

The above exception was the direct cause of the following exception:

Traceback (most recent call last):
  File "/usr/local/python/3.12.1/lib/python3.12/site-packages/discord/app_commands/commands.py", line 858, in _do_call
    return await self._callback(self.binding, interaction, **params)  # type: ignore
           ^^^^^^^^^^^^^^^^^^^^^^^^^^^^^^^^^^^^^^^^^^^^^^^^^^^^^^^^^
  File "/workspaces/Nexory/datein/tasks.py", line 319, in create_user
    (self.guild_id, self.value)
    ^^^^^^^^^^^^^^^^^^
  File "/workspaces/Nexory/datein/tasks.py", line 154, in setup
    await self.load_tasks()
  File "/workspaces/Nexory/datein/tasks.py", line 158, in load_tasks
    async with self.bot.pool.acquire() as conn:
  File "/usr/local/python/3.12.1/lib/python3.12/site-packages/aiomysql/utils.py", line 134, in __aenter__
    self._conn = await self._coro
                 ^^^^^^^^^^^^^^^^
  File "/usr/local/python/3.12.1/lib/python3.12/site-packages/aiomysql/pool.py", line 142, in _acquire
    await self._fill_free_pool(True)
  File "/usr/local/python/3.12.1/lib/python3.12/site-packages/aiomysql/pool.py", line 195, in _fill_free_pool
    conn = await connect(echo=self._echo, loop=self._loop,
           ^^^^^^^^^^^^^^^^^^^^^^^^^^^^^^^^^^^^^^^^^^^^^^^
  File "/usr/local/python/3.12.1/lib/python3.12/site-packages/aiomysql/connection.py", line 74, in _connect
    await conn._connect()
  File "/usr/local/python/3.12.1/lib/python3.12/site-packages/aiomysql/connection.py", line 563, in _connect
    raise OperationalError(
pymysql.err.OperationalError: (2003, "Can't connect to MySQL server on 'panel.karlo-hosting.com'")

The above exception was the direct cause of the following exception:

Traceback (most recent call last):
  File "/usr/local/python/3.12.1/lib/python3.12/site-packages/discord/app_commands/tree.py", line 1297, in _call
    await command._invoke_with_namespace(interaction, namespace)
  File "/usr/local/python/3.12.1/lib/python3.12/site-packages/discord/app_commands/commands.py", line 884, in _invoke_with_namespace
    return await self._do_call(interaction, transformed_values)
           ^^^^^^^^^^^^^^^^^^^^^^^^^^^^^^^^^^^^^^^^^^^^^^^^^^^^
  File "/usr/local/python/3.12.1/lib/python3.12/site-packages/discord/app_commands/commands.py", line 877, in _do_call
    raise CommandInvokeError(self, e) from e
discord.app_commands.errors.CommandInvokeError: Command 'user' raised an exception: OperationalError: (2003, "Can't connect to MySQL server on 'panel.karlo-hosting.com'")
[2026-02-20 22-12-26] [ERROR   ] discord.app_commands.tree: Ignoring exception in command 'user'
Traceback (most recent call last):
  File "/usr/local/python/3.12.1/lib/python3.12/site-packages/aiomysql/connection.py", line 527, in _connect
    self._reader, self._writer = await \
                                 ^^^^^^^
  File "/usr/local/python/3.12.1/lib/python3.12/asyncio/tasks.py", line 520, in wait_for
    return await fut
           ^^^^^^^^^
  File "/usr/local/python/3.12.1/lib/python3.12/site-packages/aiomysql/connection.py", line 87, in _open_connection
    transport, _ = await loop.create_connection(
                   ^^^^^^^^^^^^^^^^^^^^^^^^^^^^^
  File "/usr/local/python/3.12.1/lib/python3.12/asyncio/base_events.py", line 1119, in create_connection
    raise exceptions[0]
  File "/usr/local/python/3.12.1/lib/python3.12/asyncio/base_events.py", line 1101, in create_connection
    sock = await self._connect_sock(
           ^^^^^^^^^^^^^^^^^^^^^^^^^
  File "/usr/local/python/3.12.1/lib/python3.12/asyncio/base_events.py", line 1004, in _connect_sock
    await self.sock_connect(sock, address)
  File "/usr/local/python/3.12.1/lib/python3.12/asyncio/selector_events.py", line 647, in sock_connect
    return await fut
           ^^^^^^^^^
  File "/usr/local/python/3.12.1/lib/python3.12/asyncio/selector_events.py", line 687, in _sock_connect_cb
    raise OSError(err, f'Connect call failed {address}')
TimeoutError: [Errno 110] Connect call failed ('84.247.143.94', 3306)

The above exception was the direct cause of the following exception:

Traceback (most recent call last):
  File "/usr/local/python/3.12.1/lib/python3.12/site-packages/discord/app_commands/commands.py", line 858, in _do_call
    return await self._callback(self.binding, interaction, **params)  # type: ignore
           ^^^^^^^^^^^^^^^^^^^^^^^^^^^^^^^^^^^^^^^^^^^^^^^^^^^^^^^^^
  File "/workspaces/Nexory/datein/tasks.py", line 319, in create_user
    (self.guild_id, self.value)
    ^^^^^^^^^^^^^^^^^^
  File "/workspaces/Nexory/datein/tasks.py", line 154, in setup
    await self.load_tasks()
  File "/workspaces/Nexory/datein/tasks.py", line 158, in load_tasks
    async with self.bot.pool.acquire() as conn:
  File "/usr/local/python/3.12.1/lib/python3.12/site-packages/aiomysql/utils.py", line 134, in __aenter__
    self._conn = await self._coro
                 ^^^^^^^^^^^^^^^^
  File "/usr/local/python/3.12.1/lib/python3.12/site-packages/aiomysql/pool.py", line 142, in _acquire
    await self._fill_free_pool(True)
  File "/usr/local/python/3.12.1/lib/python3.12/site-packages/aiomysql/pool.py", line 195, in _fill_free_pool
    conn = await connect(echo=self._echo, loop=self._loop,
           ^^^^^^^^^^^^^^^^^^^^^^^^^^^^^^^^^^^^^^^^^^^^^^^
  File "/usr/local/python/3.12.1/lib/python3.12/site-packages/aiomysql/connection.py", line 74, in _connect
    await conn._connect()
  File "/usr/local/python/3.12.1/lib/python3.12/site-packages/aiomysql/connection.py", line 563, in _connect
    raise OperationalError(
pymysql.err.OperationalError: (2003, "Can't connect to MySQL server on 'panel.karlo-hosting.com'")

The above exception was the direct cause of the following exception:

Traceback (most recent call last):
  File "/usr/local/python/3.12.1/lib/python3.12/site-packages/discord/app_commands/tree.py", line 1297, in _call
    await command._invoke_with_namespace(interaction, namespace)
  File "/usr/local/python/3.12.1/lib/python3.12/site-packages/discord/app_commands/commands.py", line 884, in _invoke_with_namespace
    return await self._do_call(interaction, transformed_values)
           ^^^^^^^^^^^^^^^^^^^^^^^^^^^^^^^^^^^^^^^^^^^^^^^^^^^^
  File "/usr/local/python/3.12.1/lib/python3.12/site-packages/discord/app_commands/commands.py", line 877, in _do_call
    raise CommandInvokeError(self, e) from e
discord.app_commands.errors.CommandInvokeError: Command 'user' raised an exception: OperationalError: (2003, "Can't connect to MySQL server on 'panel.karlo-hosting.com'")
[2026-02-20 22-12-26] [ERROR   ] discord.app_commands.tree: Ignoring exception in command 'user'
Traceback (most recent call last):
  File "/usr/local/python/3.12.1/lib/python3.12/site-packages/aiomysql/connection.py", line 527, in _connect
    self._reader, self._writer = await \
                                 ^^^^^^^
  File "/usr/local/python/3.12.1/lib/python3.12/asyncio/tasks.py", line 520, in wait_for
    return await fut
           ^^^^^^^^^
  File "/usr/local/python/3.12.1/lib/python3.12/site-packages/aiomysql/connection.py", line 87, in _open_connection
    transport, _ = await loop.create_connection(
                   ^^^^^^^^^^^^^^^^^^^^^^^^^^^^^
  File "/usr/local/python/3.12.1/lib/python3.12/asyncio/base_events.py", line 1119, in create_connection
    raise exceptions[0]
  File "/usr/local/python/3.12.1/lib/python3.12/asyncio/base_events.py", line 1101, in create_connection
    sock = await self._connect_sock(
           ^^^^^^^^^^^^^^^^^^^^^^^^^
  File "/usr/local/python/3.12.1/lib/python3.12/asyncio/base_events.py", line 1004, in _connect_sock
    await self.sock_connect(sock, address)
  File "/usr/local/python/3.12.1/lib/python3.12/asyncio/selector_events.py", line 647, in sock_connect
    return await fut
           ^^^^^^^^^
  File "/usr/local/python/3.12.1/lib/python3.12/asyncio/selector_events.py", line 687, in _sock_connect_cb
    raise OSError(err, f'Connect call failed {address}')
TimeoutError: [Errno 110] Connect call failed ('84.247.143.94', 3306)

The above exception was the direct cause of the following exception:

Traceback (most recent call last):
  File "/usr/local/python/3.12.1/lib/python3.12/site-packages/discord/app_commands/commands.py", line 858, in _do_call
    return await self._callback(self.binding, interaction, **params)  # type: ignore
           ^^^^^^^^^^^^^^^^^^^^^^^^^^^^^^^^^^^^^^^^^^^^^^^^^^^^^^^^^
  File "/workspaces/Nexory/datein/tasks.py", line 319, in create_user
    (self.guild_id, self.value)
    ^^^^^^^^^^^^^^^^^^
  File "/workspaces/Nexory/datein/tasks.py", line 154, in setup
    await self.load_tasks()
  File "/workspaces/Nexory/datein/tasks.py", line 158, in load_tasks
    async with self.bot.pool.acquire() as conn:
  File "/usr/local/python/3.12.1/lib/python3.12/site-packages/aiomysql/utils.py", line 134, in __aenter__
    self._conn = await self._coro
                 ^^^^^^^^^^^^^^^^
  File "/usr/local/python/3.12.1/lib/python3.12/site-packages/aiomysql/pool.py", line 142, in _acquire
    await self._fill_free_pool(True)
  File "/usr/local/python/3.12.1/lib/python3.12/site-packages/aiomysql/pool.py", line 195, in _fill_free_pool
    conn = await connect(echo=self._echo, loop=self._loop,
           ^^^^^^^^^^^^^^^^^^^^^^^^^^^^^^^^^^^^^^^^^^^^^^^
  File "/usr/local/python/3.12.1/lib/python3.12/site-packages/aiomysql/connection.py", line 74, in _connect
    await conn._connect()
  File "/usr/local/python/3.12.1/lib/python3.12/site-packages/aiomysql/connection.py", line 563, in _connect
    raise OperationalError(
pymysql.err.OperationalError: (2003, "Can't connect to MySQL server on 'panel.karlo-hosting.com'")

The above exception was the direct cause of the following exception:

Traceback (most recent call last):
  File "/usr/local/python/3.12.1/lib/python3.12/site-packages/discord/app_commands/tree.py", line 1297, in _call
    await command._invoke_with_namespace(interaction, namespace)
  File "/usr/local/python/3.12.1/lib/python3.12/site-packages/discord/app_commands/commands.py", line 884, in _invoke_with_namespace
    return await self._do_call(interaction, transformed_values)
           ^^^^^^^^^^^^^^^^^^^^^^^^^^^^^^^^^^^^^^^^^^^^^^^^^^^^
  File "/usr/local/python/3.12.1/lib/python3.12/site-packages/discord/app_commands/commands.py", line 877, in _do_call
    raise CommandInvokeError(self, e) from e
discord.app_commands.errors.CommandInvokeError: Command 'user' raised an exception: OperationalError: (2003, "Can't connect to MySQL server on 'panel.karlo-hosting.com'")
[2026-02-20 22-12-26] [ERROR   ] discord.app_commands.tree: Ignoring exception in command 'user'
Traceback (most recent call last):
  File "/usr/local/python/3.12.1/lib/python3.12/site-packages/aiomysql/connection.py", line 527, in _connect
    self._reader, self._writer = await \
                                 ^^^^^^^
  File "/usr/local/python/3.12.1/lib/python3.12/asyncio/tasks.py", line 520, in wait_for
    return await fut
           ^^^^^^^^^
  File "/usr/local/python/3.12.1/lib/python3.12/site-packages/aiomysql/connection.py", line 87, in _open_connection
    transport, _ = await loop.create_connection(
                   ^^^^^^^^^^^^^^^^^^^^^^^^^^^^^
  File "/usr/local/python/3.12.1/lib/python3.12/asyncio/base_events.py", line 1119, in create_connection
    raise exceptions[0]
  File "/usr/local/python/3.12.1/lib/python3.12/asyncio/base_events.py", line 1101, in create_connection
    sock = await self._connect_sock(
           ^^^^^^^^^^^^^^^^^^^^^^^^^
  File "/usr/local/python/3.12.1/lib/python3.12/asyncio/base_events.py", line 1004, in _connect_sock
    await self.sock_connect(sock, address)
  File "/usr/local/python/3.12.1/lib/python3.12/asyncio/selector_events.py", line 647, in sock_connect
    return await fut
           ^^^^^^^^^
  File "/usr/local/python/3.12.1/lib/python3.12/asyncio/selector_events.py", line 687, in _sock_connect_cb
    raise OSError(err, f'Connect call failed {address}')
TimeoutError: [Errno 110] Connect call failed ('84.247.143.94', 3306)

The above exception was the direct cause of the following exception:

Traceback (most recent call last):
  File "/usr/local/python/3.12.1/lib/python3.12/site-packages/discord/app_commands/commands.py", line 858, in _do_call
    return await self._callback(self.binding, interaction, **params)  # type: ignore
           ^^^^^^^^^^^^^^^^^^^^^^^^^^^^^^^^^^^^^^^^^^^^^^^^^^^^^^^^^
  File "/workspaces/Nexory/datein/tasks.py", line 319, in create_user
    (self.guild_id, self.value)
    ^^^^^^^^^^^^^^^^^^
  File "/workspaces/Nexory/datein/tasks.py", line 154, in setup
    await self.load_tasks()
  File "/workspaces/Nexory/datein/tasks.py", line 158, in load_tasks
    async with self.bot.pool.acquire() as conn:
  File "/usr/local/python/3.12.1/lib/python3.12/site-packages/aiomysql/utils.py", line 134, in __aenter__
    self._conn = await self._coro
                 ^^^^^^^^^^^^^^^^
  File "/usr/local/python/3.12.1/lib/python3.12/site-packages/aiomysql/pool.py", line 142, in _acquire
    await self._fill_free_pool(True)
  File "/usr/local/python/3.12.1/lib/python3.12/site-packages/aiomysql/pool.py", line 195, in _fill_free_pool
    conn = await connect(echo=self._echo, loop=self._loop,
           ^^^^^^^^^^^^^^^^^^^^^^^^^^^^^^^^^^^^^^^^^^^^^^^
  File "/usr/local/python/3.12.1/lib/python3.12/site-packages/aiomysql/connection.py", line 74, in _connect
    await conn._connect()
  File "/usr/local/python/3.12.1/lib/python3.12/site-packages/aiomysql/connection.py", line 563, in _connect
    raise OperationalError(
pymysql.err.OperationalError: (2003, "Can't connect to MySQL server on 'panel.karlo-hosting.com'")

The above exception was the direct cause of the following exception:

Traceback (most recent call last):
  File "/usr/local/python/3.12.1/lib/python3.12/site-packages/discord/app_commands/tree.py", line 1297, in _call
    await command._invoke_with_namespace(interaction, namespace)
  File "/usr/local/python/3.12.1/lib/python3.12/site-packages/discord/app_commands/commands.py", line 884, in _invoke_with_namespace
    return await self._do_call(interaction, transformed_values)
           ^^^^^^^^^^^^^^^^^^^^^^^^^^^^^^^^^^^^^^^^^^^^^^^^^^^^
  File "/usr/local/python/3.12.1/lib/python3.12/site-packages/discord/app_commands/commands.py", line 877, in _do_call
    raise CommandInvokeError(self, e) from e
discord.app_commands.errors.CommandInvokeError: Command 'user' raised an exception: OperationalError: (2003, "Can't connect to MySQL server on 'panel.karlo-hosting.com'")
[2026-02-20 22-12-26] [ERROR   ] discord.app_commands.tree: Ignoring exception in command 'user'
Traceback (most recent call last):
  File "/usr/local/python/3.12.1/lib/python3.12/site-packages/aiomysql/connection.py", line 527, in _connect
    self._reader, self._writer = await \
                                 ^^^^^^^
  File "/usr/local/python/3.12.1/lib/python3.12/asyncio/tasks.py", line 520, in wait_for
    return await fut
           ^^^^^^^^^
  File "/usr/local/python/3.12.1/lib/python3.12/site-packages/aiomysql/connection.py", line 87, in _open_connection
    transport, _ = await loop.create_connection(
                   ^^^^^^^^^^^^^^^^^^^^^^^^^^^^^
  File "/usr/local/python/3.12.1/lib/python3.12/asyncio/base_events.py", line 1119, in create_connection
    raise exceptions[0]
  File "/usr/local/python/3.12.1/lib/python3.12/asyncio/base_events.py", line 1101, in create_connection
    sock = await self._connect_sock(
           ^^^^^^^^^^^^^^^^^^^^^^^^^
  File "/usr/local/python/3.12.1/lib/python3.12/asyncio/base_events.py", line 1004, in _connect_sock
    await self.sock_connect(sock, address)
  File "/usr/local/python/3.12.1/lib/python3.12/asyncio/selector_events.py", line 647, in sock_connect
    return await fut
           ^^^^^^^^^
  File "/usr/local/python/3.12.1/lib/python3.12/asyncio/selector_events.py", line 687, in _sock_connect_cb
    raise OSError(err, f'Connect call failed {address}')
TimeoutError: [Errno 110] Connect call failed ('84.247.143.94', 3306)

The above exception was the direct cause of the following exception:

Traceback (most recent call last):
  File "/usr/local/python/3.12.1/lib/python3.12/site-packages/discord/app_commands/commands.py", line 858, in _do_call
    return await self._callback(self.binding, interaction, **params)  # type: ignore
           ^^^^^^^^^^^^^^^^^^^^^^^^^^^^^^^^^^^^^^^^^^^^^^^^^^^^^^^^^
  File "/workspaces/Nexory/datein/tasks.py", line 319, in create_user
    (self.guild_id, self.value)
    ^^^^^^^^^^^^^^^^^^
  File "/workspaces/Nexory/datein/tasks.py", line 154, in setup
    await self.load_tasks()
  File "/workspaces/Nexory/datein/tasks.py", line 158, in load_tasks
    async with self.bot.pool.acquire() as conn:
  File "/usr/local/python/3.12.1/lib/python3.12/site-packages/aiomysql/utils.py", line 134, in __aenter__
    self._conn = await self._coro
                 ^^^^^^^^^^^^^^^^
  File "/usr/local/python/3.12.1/lib/python3.12/site-packages/aiomysql/pool.py", line 142, in _acquire
    await self._fill_free_pool(True)
  File "/usr/local/python/3.12.1/lib/python3.12/site-packages/aiomysql/pool.py", line 195, in _fill_free_pool
    conn = await connect(echo=self._echo, loop=self._loop,
           ^^^^^^^^^^^^^^^^^^^^^^^^^^^^^^^^^^^^^^^^^^^^^^^
  File "/usr/local/python/3.12.1/lib/python3.12/site-packages/aiomysql/connection.py", line 74, in _connect
    await conn._connect()
  File "/usr/local/python/3.12.1/lib/python3.12/site-packages/aiomysql/connection.py", line 563, in _connect
    raise OperationalError(
pymysql.err.OperationalError: (2003, "Can't connect to MySQL server on 'panel.karlo-hosting.com'")

The above exception was the direct cause of the following exception:

Traceback (most recent call last):
  File "/usr/local/python/3.12.1/lib/python3.12/site-packages/discord/app_commands/tree.py", line 1297, in _call
    await command._invoke_with_namespace(interaction, namespace)
  File "/usr/local/python/3.12.1/lib/python3.12/site-packages/discord/app_commands/commands.py", line 884, in _invoke_with_namespace
    return await self._do_call(interaction, transformed_values)
           ^^^^^^^^^^^^^^^^^^^^^^^^^^^^^^^^^^^^^^^^^^^^^^^^^^^^
  File "/usr/local/python/3.12.1/lib/python3.12/site-packages/discord/app_commands/commands.py", line 877, in _do_call
    raise CommandInvokeError(self, e) from e
discord.app_commands.errors.CommandInvokeError: Command 'user' raised an exception: OperationalError: (2003, "Can't connect to MySQL server on 'panel.karlo-hosting.com'")
[2026-02-20 22-12-26] [ERROR   ] discord.app_commands.tree: Ignoring exception in command 'user'
Traceback (most recent call last):
  File "/usr/local/python/3.12.1/lib/python3.12/site-packages/aiomysql/connection.py", line 527, in _connect
    self._reader, self._writer = await \
                                 ^^^^^^^
  File "/usr/local/python/3.12.1/lib/python3.12/asyncio/tasks.py", line 520, in wait_for
    return await fut
           ^^^^^^^^^
  File "/usr/local/python/3.12.1/lib/python3.12/site-packages/aiomysql/connection.py", line 87, in _open_connection
    transport, _ = await loop.create_connection(
                   ^^^^^^^^^^^^^^^^^^^^^^^^^^^^^
  File "/usr/local/python/3.12.1/lib/python3.12/asyncio/base_events.py", line 1119, in create_connection
    raise exceptions[0]
  File "/usr/local/python/3.12.1/lib/python3.12/asyncio/base_events.py", line 1101, in create_connection
    sock = await self._connect_sock(
           ^^^^^^^^^^^^^^^^^^^^^^^^^
  File "/usr/local/python/3.12.1/lib/python3.12/asyncio/base_events.py", line 1004, in _connect_sock
    await self.sock_connect(sock, address)
  File "/usr/local/python/3.12.1/lib/python3.12/asyncio/selector_events.py", line 647, in sock_connect
    return await fut
           ^^^^^^^^^
  File "/usr/local/python/3.12.1/lib/python3.12/asyncio/selector_events.py", line 687, in _sock_connect_cb
    raise OSError(err, f'Connect call failed {address}')
TimeoutError: [Errno 110] Connect call failed ('84.247.143.94', 3306)

The above exception was the direct cause of the following exception:

Traceback (most recent call last):
  File "/usr/local/python/3.12.1/lib/python3.12/site-packages/discord/app_commands/commands.py", line 858, in _do_call
    return await self._callback(self.binding, interaction, **params)  # type: ignore
           ^^^^^^^^^^^^^^^^^^^^^^^^^^^^^^^^^^^^^^^^^^^^^^^^^^^^^^^^^
  File "/workspaces/Nexory/datein/tasks.py", line 319, in create_user
    (self.guild_id, self.value)
    ^^^^^^^^^^^^^^^^^^
  File "/workspaces/Nexory/datein/tasks.py", line 154, in setup
    await self.load_tasks()
  File "/workspaces/Nexory/datein/tasks.py", line 158, in load_tasks
    async with self.bot.pool.acquire() as conn:
  File "/usr/local/python/3.12.1/lib/python3.12/site-packages/aiomysql/utils.py", line 134, in __aenter__
    self._conn = await self._coro
                 ^^^^^^^^^^^^^^^^
  File "/usr/local/python/3.12.1/lib/python3.12/site-packages/aiomysql/pool.py", line 142, in _acquire
    await self._fill_free_pool(True)
  File "/usr/local/python/3.12.1/lib/python3.12/site-packages/aiomysql/pool.py", line 195, in _fill_free_pool
    conn = await connect(echo=self._echo, loop=self._loop,
           ^^^^^^^^^^^^^^^^^^^^^^^^^^^^^^^^^^^^^^^^^^^^^^^
  File "/usr/local/python/3.12.1/lib/python3.12/site-packages/aiomysql/connection.py", line 74, in _connect
    await conn._connect()
  File "/usr/local/python/3.12.1/lib/python3.12/site-packages/aiomysql/connection.py", line 563, in _connect
    raise OperationalError(
pymysql.err.OperationalError: (2003, "Can't connect to MySQL server on 'panel.karlo-hosting.com'")

The above exception was the direct cause of the following exception:

Traceback (most recent call last):
  File "/usr/local/python/3.12.1/lib/python3.12/site-packages/discord/app_commands/tree.py", line 1297, in _call
    await command._invoke_with_namespace(interaction, namespace)
  File "/usr/local/python/3.12.1/lib/python3.12/site-packages/discord/app_commands/commands.py", line 884, in _invoke_with_namespace
    return await self._do_call(interaction, transformed_values)
           ^^^^^^^^^^^^^^^^^^^^^^^^^^^^^^^^^^^^^^^^^^^^^^^^^^^^
  File "/usr/local/python/3.12.1/lib/python3.12/site-packages/discord/app_commands/commands.py", line 877, in _do_call
    raise CommandInvokeError(self, e) from e
discord.app_commands.errors.CommandInvokeError: Command 'user' raised an exception: OperationalError: (2003, "Can't connect to MySQL server on 'panel.karlo-hosting.com'")
[2026-02-20 22-12-26] [ERROR   ] discord.app_commands.tree: Ignoring exception in command 'user'
Traceback (most recent call last):
  File "/usr/local/python/3.12.1/lib/python3.12/site-packages/aiomysql/connection.py", line 527, in _connect
    self._reader, self._writer = await \
                                 ^^^^^^^
  File "/usr/local/python/3.12.1/lib/python3.12/asyncio/tasks.py", line 520, in wait_for
    return await fut
           ^^^^^^^^^
  File "/usr/local/python/3.12.1/lib/python3.12/site-packages/aiomysql/connection.py", line 87, in _open_connection
    transport, _ = await loop.create_connection(
                   ^^^^^^^^^^^^^^^^^^^^^^^^^^^^^
  File "/usr/local/python/3.12.1/lib/python3.12/asyncio/base_events.py", line 1119, in create_connection
    raise exceptions[0]
  File "/usr/local/python/3.12.1/lib/python3.12/asyncio/base_events.py", line 1101, in create_connection
    sock = await self._connect_sock(
           ^^^^^^^^^^^^^^^^^^^^^^^^^
  File "/usr/local/python/3.12.1/lib/python3.12/asyncio/base_events.py", line 1004, in _connect_sock
    await self.sock_connect(sock, address)
  File "/usr/local/python/3.12.1/lib/python3.12/asyncio/selector_events.py", line 647, in sock_connect
    return await fut
           ^^^^^^^^^
  File "/usr/local/python/3.12.1/lib/python3.12/asyncio/selector_events.py", line 687, in _sock_connect_cb
    raise OSError(err, f'Connect call failed {address}')
TimeoutError: [Errno 110] Connect call failed ('84.247.143.94', 3306)

The above exception was the direct cause of the following exception:

Traceback (most recent call last):
  File "/usr/local/python/3.12.1/lib/python3.12/site-packages/discord/app_commands/commands.py", line 858, in _do_call
    return await self._callback(self.binding, interaction, **params)  # type: ignore
           ^^^^^^^^^^^^^^^^^^^^^^^^^^^^^^^^^^^^^^^^^^^^^^^^^^^^^^^^^
  File "/workspaces/Nexory/datein/tasks.py", line 319, in create_user
    (self.guild_id, self.value)
    ^^^^^^^^^^^^^^^^^^
  File "/workspaces/Nexory/datein/tasks.py", line 154, in setup
    await self.load_tasks()
  File "/workspaces/Nexory/datein/tasks.py", line 158, in load_tasks
    async with self.bot.pool.acquire() as conn:
  File "/usr/local/python/3.12.1/lib/python3.12/site-packages/aiomysql/utils.py", line 134, in __aenter__
    self._conn = await self._coro
                 ^^^^^^^^^^^^^^^^
  File "/usr/local/python/3.12.1/lib/python3.12/site-packages/aiomysql/pool.py", line 142, in _acquire
    await self._fill_free_pool(True)
  File "/usr/local/python/3.12.1/lib/python3.12/site-packages/aiomysql/pool.py", line 195, in _fill_free_pool
    conn = await connect(echo=self._echo, loop=self._loop,
           ^^^^^^^^^^^^^^^^^^^^^^^^^^^^^^^^^^^^^^^^^^^^^^^
  File "/usr/local/python/3.12.1/lib/python3.12/site-packages/aiomysql/connection.py", line 74, in _connect
    await conn._connect()
  File "/usr/local/python/3.12.1/lib/python3.12/site-packages/aiomysql/connection.py", line 563, in _connect
    raise OperationalError(
pymysql.err.OperationalError: (2003, "Can't connect to MySQL server on 'panel.karlo-hosting.com'")

The above exception was the direct cause of the following exception:

Traceback (most recent call last):
  File "/usr/local/python/3.12.1/lib/python3.12/site-packages/discord/app_commands/tree.py", line 1297, in _call
    await command._invoke_with_namespace(interaction, namespace)
  File "/usr/local/python/3.12.1/lib/python3.12/site-packages/discord/app_commands/commands.py", line 884, in _invoke_with_namespace
    return await self._do_call(interaction, transformed_values)
           ^^^^^^^^^^^^^^^^^^^^^^^^^^^^^^^^^^^^^^^^^^^^^^^^^^^^
  File "/usr/local/python/3.12.1/lib/python3.12/site-packages/discord/app_commands/commands.py", line 877, in _do_call
    raise CommandInvokeError(self, e) from e
discord.app_commands.errors.CommandInvokeError: Command 'user' raised an exception: OperationalError: (2003, "Can't connect to MySQL server on 'panel.karlo-hosting.com'")
[2026-02-20 22-12-26] [ERROR   ] discord.app_commands.tree: Ignoring exception in command 'user'
Traceback (most recent call last):
  File "/usr/local/python/3.12.1/lib/python3.12/site-packages/aiomysql/connection.py", line 527, in _connect
    self._reader, self._writer = await \
                                 ^^^^^^^
  File "/usr/local/python/3.12.1/lib/python3.12/asyncio/tasks.py", line 520, in wait_for
    return await fut
           ^^^^^^^^^
  File "/usr/local/python/3.12.1/lib/python3.12/site-packages/aiomysql/connection.py", line 87, in _open_connection
    transport, _ = await loop.create_connection(
                   ^^^^^^^^^^^^^^^^^^^^^^^^^^^^^
  File "/usr/local/python/3.12.1/lib/python3.12/asyncio/base_events.py", line 1119, in create_connection
    raise exceptions[0]
  File "/usr/local/python/3.12.1/lib/python3.12/asyncio/base_events.py", line 1101, in create_connection
    sock = await self._connect_sock(
           ^^^^^^^^^^^^^^^^^^^^^^^^^
  File "/usr/local/python/3.12.1/lib/python3.12/asyncio/base_events.py", line 1004, in _connect_sock
    await self.sock_connect(sock, address)
  File "/usr/local/python/3.12.1/lib/python3.12/asyncio/selector_events.py", line 647, in sock_connect
    return await fut
           ^^^^^^^^^
  File "/usr/local/python/3.12.1/lib/python3.12/asyncio/selector_events.py", line 687, in _sock_connect_cb
    raise OSError(err, f'Connect call failed {address}')
TimeoutError: [Errno 110] Connect call failed ('84.247.143.94', 3306)

The above exception was the direct cause of the following exception:

Traceback (most recent call last):
  File "/usr/local/python/3.12.1/lib/python3.12/site-packages/discord/app_commands/commands.py", line 858, in _do_call
    return await self._callback(self.binding, interaction, **params)  # type: ignore
           ^^^^^^^^^^^^^^^^^^^^^^^^^^^^^^^^^^^^^^^^^^^^^^^^^^^^^^^^^
  File "/workspaces/Nexory/datein/tasks.py", line 319, in create_user
    (self.guild_id, self.value)
    ^^^^^^^^^^^^^^^^^^
  File "/workspaces/Nexory/datein/tasks.py", line 154, in setup
    await self.load_tasks()
  File "/workspaces/Nexory/datein/tasks.py", line 158, in load_tasks
    async with self.bot.pool.acquire() as conn:
  File "/usr/local/python/3.12.1/lib/python3.12/site-packages/aiomysql/utils.py", line 134, in __aenter__
    self._conn = await self._coro
                 ^^^^^^^^^^^^^^^^
  File "/usr/local/python/3.12.1/lib/python3.12/site-packages/aiomysql/pool.py", line 142, in _acquire
    await self._fill_free_pool(True)
  File "/usr/local/python/3.12.1/lib/python3.12/site-packages/aiomysql/pool.py", line 195, in _fill_free_pool
    conn = await connect(echo=self._echo, loop=self._loop,
           ^^^^^^^^^^^^^^^^^^^^^^^^^^^^^^^^^^^^^^^^^^^^^^^
  File "/usr/local/python/3.12.1/lib/python3.12/site-packages/aiomysql/connection.py", line 74, in _connect
    await conn._connect()
  File "/usr/local/python/3.12.1/lib/python3.12/site-packages/aiomysql/connection.py", line 563, in _connect
    raise OperationalError(
pymysql.err.OperationalError: (2003, "Can't connect to MySQL server on 'panel.karlo-hosting.com'")

The above exception was the direct cause of the following exception:

Traceback (most recent call last):
  File "/usr/local/python/3.12.1/lib/python3.12/site-packages/discord/app_commands/tree.py", line 1297, in _call
    await command._invoke_with_namespace(interaction, namespace)
  File "/usr/local/python/3.12.1/lib/python3.12/site-packages/discord/app_commands/commands.py", line 884, in _invoke_with_namespace
    return await self._do_call(interaction, transformed_values)
           ^^^^^^^^^^^^^^^^^^^^^^^^^^^^^^^^^^^^^^^^^^^^^^^^^^^^
  File "/usr/local/python/3.12.1/lib/python3.12/site-packages/discord/app_commands/commands.py", line 877, in _do_call
    raise CommandInvokeError(self, e) from e
discord.app_commands.errors.CommandInvokeError: Command 'user' raised an exception: OperationalError: (2003, "Can't connect to MySQL server on 'panel.karlo-hosting.com'")
[2026-02-20 22-12-26] [ERROR   ] discord.app_commands.tree: Ignoring exception in command 'user'
Traceback (most recent call last):
  File "/usr/local/python/3.12.1/lib/python3.12/site-packages/aiomysql/connection.py", line 527, in _connect
    self._reader, self._writer = await \
                                 ^^^^^^^
  File "/usr/local/python/3.12.1/lib/python3.12/asyncio/tasks.py", line 520, in wait_for
    return await fut
           ^^^^^^^^^
  File "/usr/local/python/3.12.1/lib/python3.12/site-packages/aiomysql/connection.py", line 87, in _open_connection
    transport, _ = await loop.create_connection(
                   ^^^^^^^^^^^^^^^^^^^^^^^^^^^^^
  File "/usr/local/python/3.12.1/lib/python3.12/asyncio/base_events.py", line 1119, in create_connection
    raise exceptions[0]
  File "/usr/local/python/3.12.1/lib/python3.12/asyncio/base_events.py", line 1101, in create_connection
    sock = await self._connect_sock(
           ^^^^^^^^^^^^^^^^^^^^^^^^^
  File "/usr/local/python/3.12.1/lib/python3.12/asyncio/base_events.py", line 1004, in _connect_sock
    await self.sock_connect(sock, address)
  File "/usr/local/python/3.12.1/lib/python3.12/asyncio/selector_events.py", line 647, in sock_connect
    return await fut
           ^^^^^^^^^
  File "/usr/local/python/3.12.1/lib/python3.12/asyncio/selector_events.py", line 687, in _sock_connect_cb
    raise OSError(err, f'Connect call failed {address}')
TimeoutError: [Errno 110] Connect call failed ('84.247.143.94', 3306)

The above exception was the direct cause of the following exception:

Traceback (most recent call last):
  File "/usr/local/python/3.12.1/lib/python3.12/site-packages/discord/app_commands/commands.py", line 858, in _do_call
    return await self._callback(self.binding, interaction, **params)  # type: ignore
           ^^^^^^^^^^^^^^^^^^^^^^^^^^^^^^^^^^^^^^^^^^^^^^^^^^^^^^^^^
  File "/workspaces/Nexory/datein/tasks.py", line 319, in create_user
    (self.guild_id, self.value)
    ^^^^^^^^^^^^^^^^^^
  File "/workspaces/Nexory/datein/tasks.py", line 154, in setup
    await self.load_tasks()
  File "/workspaces/Nexory/datein/tasks.py", line 158, in load_tasks
    async with self.bot.pool.acquire() as conn:
  File "/usr/local/python/3.12.1/lib/python3.12/site-packages/aiomysql/utils.py", line 134, in __aenter__
    self._conn = await self._coro
                 ^^^^^^^^^^^^^^^^
  File "/usr/local/python/3.12.1/lib/python3.12/site-packages/aiomysql/pool.py", line 142, in _acquire
    await self._fill_free_pool(True)
  File "/usr/local/python/3.12.1/lib/python3.12/site-packages/aiomysql/pool.py", line 195, in _fill_free_pool
    conn = await connect(echo=self._echo, loop=self._loop,
           ^^^^^^^^^^^^^^^^^^^^^^^^^^^^^^^^^^^^^^^^^^^^^^^
  File "/usr/local/python/3.12.1/lib/python3.12/site-packages/aiomysql/connection.py", line 74, in _connect
    await conn._connect()
  File "/usr/local/python/3.12.1/lib/python3.12/site-packages/aiomysql/connection.py", line 563, in _connect
    raise OperationalError(
pymysql.err.OperationalError: (2003, "Can't connect to MySQL server on 'panel.karlo-hosting.com'")

The above exception was the direct cause of the following exception:

Traceback (most recent call last):
  File "/usr/local/python/3.12.1/lib/python3.12/site-packages/discord/app_commands/tree.py", line 1297, in _call
    await command._invoke_with_namespace(interaction, namespace)
  File "/usr/local/python/3.12.1/lib/python3.12/site-packages/discord/app_commands/commands.py", line 884, in _invoke_with_namespace
    return await self._do_call(interaction, transformed_values)
           ^^^^^^^^^^^^^^^^^^^^^^^^^^^^^^^^^^^^^^^^^^^^^^^^^^^^
  File "/usr/local/python/3.12.1/lib/python3.12/site-packages/discord/app_commands/commands.py", line 877, in _do_call
    raise CommandInvokeError(self, e) from e
discord.app_commands.errors.CommandInvokeError: Command 'user' raised an exception: OperationalError: (2003, "Can't connect to MySQL server on 'panel.karlo-hosting.com'")
[2026-02-20 22-12-26] [ERROR   ] discord.app_commands.tree: Ignoring exception in command 'user'
Traceback (most recent call last):
  File "/usr/local/python/3.12.1/lib/python3.12/site-packages/aiomysql/connection.py", line 527, in _connect
    self._reader, self._writer = await \
                                 ^^^^^^^
  File "/usr/local/python/3.12.1/lib/python3.12/asyncio/tasks.py", line 520, in wait_for
    return await fut
           ^^^^^^^^^
  File "/usr/local/python/3.12.1/lib/python3.12/site-packages/aiomysql/connection.py", line 87, in _open_connection
    transport, _ = await loop.create_connection(
                   ^^^^^^^^^^^^^^^^^^^^^^^^^^^^^
  File "/usr/local/python/3.12.1/lib/python3.12/asyncio/base_events.py", line 1119, in create_connection
    raise exceptions[0]
  File "/usr/local/python/3.12.1/lib/python3.12/asyncio/base_events.py", line 1101, in create_connection
    sock = await self._connect_sock(
           ^^^^^^^^^^^^^^^^^^^^^^^^^
  File "/usr/local/python/3.12.1/lib/python3.12/asyncio/base_events.py", line 1004, in _connect_sock
    await self.sock_connect(sock, address)
  File "/usr/local/python/3.12.1/lib/python3.12/asyncio/selector_events.py", line 647, in sock_connect
    return await fut
           ^^^^^^^^^
  File "/usr/local/python/3.12.1/lib/python3.12/asyncio/selector_events.py", line 687, in _sock_connect_cb
    raise OSError(err, f'Connect call failed {address}')
TimeoutError: [Errno 110] Connect call failed ('84.247.143.94', 3306)

The above exception was the direct cause of the following exception:

Traceback (most recent call last):
  File "/usr/local/python/3.12.1/lib/python3.12/site-packages/discord/app_commands/commands.py", line 858, in _do_call
    return await self._callback(self.binding, interaction, **params)  # type: ignore
           ^^^^^^^^^^^^^^^^^^^^^^^^^^^^^^^^^^^^^^^^^^^^^^^^^^^^^^^^^
  File "/workspaces/Nexory/datein/tasks.py", line 319, in create_user
    (self.guild_id, self.value)
    ^^^^^^^^^^^^^^^^^^
  File "/workspaces/Nexory/datein/tasks.py", line 154, in setup
    await self.load_tasks()
  File "/workspaces/Nexory/datein/tasks.py", line 158, in load_tasks
    async with self.bot.pool.acquire() as conn:
  File "/usr/local/python/3.12.1/lib/python3.12/site-packages/aiomysql/utils.py", line 134, in __aenter__
    self._conn = await self._coro
                 ^^^^^^^^^^^^^^^^
  File "/usr/local/python/3.12.1/lib/python3.12/site-packages/aiomysql/pool.py", line 142, in _acquire
    await self._fill_free_pool(True)
  File "/usr/local/python/3.12.1/lib/python3.12/site-packages/aiomysql/pool.py", line 195, in _fill_free_pool
    conn = await connect(echo=self._echo, loop=self._loop,
           ^^^^^^^^^^^^^^^^^^^^^^^^^^^^^^^^^^^^^^^^^^^^^^^
  File "/usr/local/python/3.12.1/lib/python3.12/site-packages/aiomysql/connection.py", line 74, in _connect
    await conn._connect()
  File "/usr/local/python/3.12.1/lib/python3.12/site-packages/aiomysql/connection.py", line 563, in _connect
    raise OperationalError(
pymysql.err.OperationalError: (2003, "Can't connect to MySQL server on 'panel.karlo-hosting.com'")

The above exception was the direct cause of the following exception:

Traceback (most recent call last):
  File "/usr/local/python/3.12.1/lib/python3.12/site-packages/discord/app_commands/tree.py", line 1297, in _call
    await command._invoke_with_namespace(interaction, namespace)
  File "/usr/local/python/3.12.1/lib/python3.12/site-packages/discord/app_commands/commands.py", line 884, in _invoke_with_namespace
    return await self._do_call(interaction, transformed_values)
           ^^^^^^^^^^^^^^^^^^^^^^^^^^^^^^^^^^^^^^^^^^^^^^^^^^^^
  File "/usr/local/python/3.12.1/lib/python3.12/site-packages/discord/app_commands/commands.py", line 877, in _do_call
    raise CommandInvokeError(self, e) from e
discord.app_commands.errors.CommandInvokeError: Command 'user' raised an exception: OperationalError: (2003, "Can't connect to MySQL server on 'panel.karlo-hosting.com'")
[2026-02-20 22-12-26] [ERROR   ] discord.app_commands.tree: Ignoring exception in command 'user'
Traceback (most recent call last):
  File "/usr/local/python/3.12.1/lib/python3.12/site-packages/aiomysql/connection.py", line 527, in _connect
    self._reader, self._writer = await \
                                 ^^^^^^^
  File "/usr/local/python/3.12.1/lib/python3.12/asyncio/tasks.py", line 520, in wait_for
    return await fut
           ^^^^^^^^^
  File "/usr/local/python/3.12.1/lib/python3.12/site-packages/aiomysql/connection.py", line 87, in _open_connection
    transport, _ = await loop.create_connection(
                   ^^^^^^^^^^^^^^^^^^^^^^^^^^^^^
  File "/usr/local/python/3.12.1/lib/python3.12/asyncio/base_events.py", line 1119, in create_connection
    raise exceptions[0]
  File "/usr/local/python/3.12.1/lib/python3.12/asyncio/base_events.py", line 1101, in create_connection
    sock = await self._connect_sock(
           ^^^^^^^^^^^^^^^^^^^^^^^^^
  File "/usr/local/python/3.12.1/lib/python3.12/asyncio/base_events.py", line 1004, in _connect_sock
    await self.sock_connect(sock, address)
  File "/usr/local/python/3.12.1/lib/python3.12/asyncio/selector_events.py", line 647, in sock_connect
    return await fut
           ^^^^^^^^^
  File "/usr/local/python/3.12.1/lib/python3.12/asyncio/selector_events.py", line 687, in _sock_connect_cb
    raise OSError(err, f'Connect call failed {address}')
TimeoutError: [Errno 110] Connect call failed ('84.247.143.94', 3306)

The above exception was the direct cause of the following exception:

Traceback (most recent call last):
  File "/usr/local/python/3.12.1/lib/python3.12/site-packages/discord/app_commands/commands.py", line 858, in _do_call
    return await self._callback(self.binding, interaction, **params)  # type: ignore
           ^^^^^^^^^^^^^^^^^^^^^^^^^^^^^^^^^^^^^^^^^^^^^^^^^^^^^^^^^
  File "/workspaces/Nexory/datein/tasks.py", line 319, in create_user
    (self.guild_id, self.value)
    ^^^^^^^^^^^^^^^^^^
  File "/workspaces/Nexory/datein/tasks.py", line 154, in setup
    await self.load_tasks()
  File "/workspaces/Nexory/datein/tasks.py", line 158, in load_tasks
    async with self.bot.pool.acquire() as conn:
  File "/usr/local/python/3.12.1/lib/python3.12/site-packages/aiomysql/utils.py", line 134, in __aenter__
    self._conn = await self._coro
                 ^^^^^^^^^^^^^^^^
  File "/usr/local/python/3.12.1/lib/python3.12/site-packages/aiomysql/pool.py", line 142, in _acquire
    await self._fill_free_pool(True)
  File "/usr/local/python/3.12.1/lib/python3.12/site-packages/aiomysql/pool.py", line 195, in _fill_free_pool
    conn = await connect(echo=self._echo, loop=self._loop,
           ^^^^^^^^^^^^^^^^^^^^^^^^^^^^^^^^^^^^^^^^^^^^^^^
  File "/usr/local/python/3.12.1/lib/python3.12/site-packages/aiomysql/connection.py", line 74, in _connect
    await conn._connect()
  File "/usr/local/python/3.12.1/lib/python3.12/site-packages/aiomysql/connection.py", line 563, in _connect
    raise OperationalError(
pymysql.err.OperationalError: (2003, "Can't connect to MySQL server on 'panel.karlo-hosting.com'")

The above exception was the direct cause of the following exception:

Traceback (most recent call last):
  File "/usr/local/python/3.12.1/lib/python3.12/site-packages/discord/app_commands/tree.py", line 1297, in _call
    await command._invoke_with_namespace(interaction, namespace)
  File "/usr/local/python/3.12.1/lib/python3.12/site-packages/discord/app_commands/commands.py", line 884, in _invoke_with_namespace
    return await self._do_call(interaction, transformed_values)
           ^^^^^^^^^^^^^^^^^^^^^^^^^^^^^^^^^^^^^^^^^^^^^^^^^^^^
  File "/usr/local/python/3.12.1/lib/python3.12/site-packages/discord/app_commands/commands.py", line 877, in _do_call
    raise CommandInvokeError(self, e) from e
discord.app_commands.errors.CommandInvokeError: Command 'user' raised an exception: OperationalError: (2003, "Can't connect to MySQL server on 'panel.karlo-hosting.com'")
[2026-02-20 22-12-26] [ERROR   ] discord.app_commands.tree: Ignoring exception in command 'user'
Traceback (most recent call last):
  File "/usr/local/python/3.12.1/lib/python3.12/site-packages/aiomysql/connection.py", line 527, in _connect
    self._reader, self._writer = await \
                                 ^^^^^^^
  File "/usr/local/python/3.12.1/lib/python3.12/asyncio/tasks.py", line 520, in wait_for
    return await fut
           ^^^^^^^^^
  File "/usr/local/python/3.12.1/lib/python3.12/site-packages/aiomysql/connection.py", line 87, in _open_connection
    transport, _ = await loop.create_connection(
                   ^^^^^^^^^^^^^^^^^^^^^^^^^^^^^
  File "/usr/local/python/3.12.1/lib/python3.12/asyncio/base_events.py", line 1119, in create_connection
    raise exceptions[0]
  File "/usr/local/python/3.12.1/lib/python3.12/asyncio/base_events.py", line 1101, in create_connection
    sock = await self._connect_sock(
           ^^^^^^^^^^^^^^^^^^^^^^^^^
  File "/usr/local/python/3.12.1/lib/python3.12/asyncio/base_events.py", line 1004, in _connect_sock
    await self.sock_connect(sock, address)
  File "/usr/local/python/3.12.1/lib/python3.12/asyncio/selector_events.py", line 647, in sock_connect
    return await fut
           ^^^^^^^^^
  File "/usr/local/python/3.12.1/lib/python3.12/asyncio/selector_events.py", line 687, in _sock_connect_cb
    raise OSError(err, f'Connect call failed {address}')
TimeoutError: [Errno 110] Connect call failed ('84.247.143.94', 3306)

The above exception was the direct cause of the following exception:

Traceback (most recent call last):
  File "/usr/local/python/3.12.1/lib/python3.12/site-packages/discord/app_commands/commands.py", line 858, in _do_call
    return await self._callback(self.binding, interaction, **params)  # type: ignore
           ^^^^^^^^^^^^^^^^^^^^^^^^^^^^^^^^^^^^^^^^^^^^^^^^^^^^^^^^^
  File "/workspaces/Nexory/datein/tasks.py", line 319, in create_user
    (self.guild_id, self.value)
    ^^^^^^^^^^^^^^^^^^
  File "/workspaces/Nexory/datein/tasks.py", line 154, in setup
    await self.load_tasks()
  File "/workspaces/Nexory/datein/tasks.py", line 158, in load_tasks
    async with self.bot.pool.acquire() as conn:
  File "/usr/local/python/3.12.1/lib/python3.12/site-packages/aiomysql/utils.py", line 134, in __aenter__
    self._conn = await self._coro
                 ^^^^^^^^^^^^^^^^
  File "/usr/local/python/3.12.1/lib/python3.12/site-packages/aiomysql/pool.py", line 142, in _acquire
    await self._fill_free_pool(True)
  File "/usr/local/python/3.12.1/lib/python3.12/site-packages/aiomysql/pool.py", line 195, in _fill_free_pool
    conn = await connect(echo=self._echo, loop=self._loop,
           ^^^^^^^^^^^^^^^^^^^^^^^^^^^^^^^^^^^^^^^^^^^^^^^
  File "/usr/local/python/3.12.1/lib/python3.12/site-packages/aiomysql/connection.py", line 74, in _connect
    await conn._connect()
  File "/usr/local/python/3.12.1/lib/python3.12/site-packages/aiomysql/connection.py", line 563, in _connect
    raise OperationalError(
pymysql.err.OperationalError: (2003, "Can't connect to MySQL server on 'panel.karlo-hosting.com'")

The above exception was the direct cause of the following exception:

Traceback (most recent call last):
  File "/usr/local/python/3.12.1/lib/python3.12/site-packages/discord/app_commands/tree.py", line 1297, in _call
    await command._invoke_with_namespace(interaction, namespace)
  File "/usr/local/python/3.12.1/lib/python3.12/site-packages/discord/app_commands/commands.py", line 884, in _invoke_with_namespace
    return await self._do_call(interaction, transformed_values)
           ^^^^^^^^^^^^^^^^^^^^^^^^^^^^^^^^^^^^^^^^^^^^^^^^^^^^
  File "/usr/local/python/3.12.1/lib/python3.12/site-packages/discord/app_commands/commands.py", line 877, in _do_call
    raise CommandInvokeError(self, e) from e
discord.app_commands.errors.CommandInvokeError: Command 'user' raised an exception: OperationalError: (2003, "Can't connect to MySQL server on 'panel.karlo-hosting.com'")
[2026-02-20 22-12-26] [ERROR   ] discord.app_commands.tree: Ignoring exception in command 'user'
Traceback (most recent call last):
  File "/usr/local/python/3.12.1/lib/python3.12/site-packages/aiomysql/connection.py", line 527, in _connect
    self._reader, self._writer = await \
                                 ^^^^^^^
  File "/usr/local/python/3.12.1/lib/python3.12/asyncio/tasks.py", line 520, in wait_for
    return await fut
           ^^^^^^^^^
  File "/usr/local/python/3.12.1/lib/python3.12/site-packages/aiomysql/connection.py", line 87, in _open_connection
    transport, _ = await loop.create_connection(
                   ^^^^^^^^^^^^^^^^^^^^^^^^^^^^^
  File "/usr/local/python/3.12.1/lib/python3.12/asyncio/base_events.py", line 1119, in create_connection
    raise exceptions[0]
  File "/usr/local/python/3.12.1/lib/python3.12/asyncio/base_events.py", line 1101, in create_connection
    sock = await self._connect_sock(
           ^^^^^^^^^^^^^^^^^^^^^^^^^
  File "/usr/local/python/3.12.1/lib/python3.12/asyncio/base_events.py", line 1004, in _connect_sock
    await self.sock_connect(sock, address)
  File "/usr/local/python/3.12.1/lib/python3.12/asyncio/selector_events.py", line 647, in sock_connect
    return await fut
           ^^^^^^^^^
  File "/usr/local/python/3.12.1/lib/python3.12/asyncio/selector_events.py", line 687, in _sock_connect_cb
    raise OSError(err, f'Connect call failed {address}')
TimeoutError: [Errno 110] Connect call failed ('84.247.143.94', 3306)

The above exception was the direct cause of the following exception:

Traceback (most recent call last):
  File "/usr/local/python/3.12.1/lib/python3.12/site-packages/discord/app_commands/commands.py", line 858, in _do_call
    return await self._callback(self.binding, interaction, **params)  # type: ignore
           ^^^^^^^^^^^^^^^^^^^^^^^^^^^^^^^^^^^^^^^^^^^^^^^^^^^^^^^^^
  File "/workspaces/Nexory/datein/tasks.py", line 319, in create_user
    (self.guild_id, self.value)
    ^^^^^^^^^^^^^^^^^^
  File "/workspaces/Nexory/datein/tasks.py", line 154, in setup
    await self.load_tasks()
  File "/workspaces/Nexory/datein/tasks.py", line 158, in load_tasks
    async with self.bot.pool.acquire() as conn:
  File "/usr/local/python/3.12.1/lib/python3.12/site-packages/aiomysql/utils.py", line 134, in __aenter__
    self._conn = await self._coro
                 ^^^^^^^^^^^^^^^^
  File "/usr/local/python/3.12.1/lib/python3.12/site-packages/aiomysql/pool.py", line 142, in _acquire
    await self._fill_free_pool(True)
  File "/usr/local/python/3.12.1/lib/python3.12/site-packages/aiomysql/pool.py", line 195, in _fill_free_pool
    conn = await connect(echo=self._echo, loop=self._loop,
           ^^^^^^^^^^^^^^^^^^^^^^^^^^^^^^^^^^^^^^^^^^^^^^^
  File "/usr/local/python/3.12.1/lib/python3.12/site-packages/aiomysql/connection.py", line 74, in _connect
    await conn._connect()
  File "/usr/local/python/3.12.1/lib/python3.12/site-packages/aiomysql/connection.py", line 563, in _connect
    raise OperationalError(
pymysql.err.OperationalError: (2003, "Can't connect to MySQL server on 'panel.karlo-hosting.com'")

The above exception was the direct cause of the following exception:

Traceback (most recent call last):
  File "/usr/local/python/3.12.1/lib/python3.12/site-packages/discord/app_commands/tree.py", line 1297, in _call
    await command._invoke_with_namespace(interaction, namespace)
  File "/usr/local/python/3.12.1/lib/python3.12/site-packages/discord/app_commands/commands.py", line 884, in _invoke_with_namespace
    return await self._do_call(interaction, transformed_values)
           ^^^^^^^^^^^^^^^^^^^^^^^^^^^^^^^^^^^^^^^^^^^^^^^^^^^^
  File "/usr/local/python/3.12.1/lib/python3.12/site-packages/discord/app_commands/commands.py", line 877, in _do_call
    raise CommandInvokeError(self, e) from e
discord.app_commands.errors.CommandInvokeError: Command 'user' raised an exception: OperationalError: (2003, "Can't connect to MySQL server on 'panel.karlo-hosting.com'")
[2026-02-20 22-12-26] [ERROR   ] discord.app_commands.tree: Ignoring exception in command 'user'
Traceback (most recent call last):
  File "/usr/local/python/3.12.1/lib/python3.12/site-packages/aiomysql/connection.py", line 527, in _connect
    self._reader, self._writer = await \
                                 ^^^^^^^
  File "/usr/local/python/3.12.1/lib/python3.12/asyncio/tasks.py", line 520, in wait_for
    return await fut
           ^^^^^^^^^
  File "/usr/local/python/3.12.1/lib/python3.12/site-packages/aiomysql/connection.py", line 87, in _open_connection
    transport, _ = await loop.create_connection(
                   ^^^^^^^^^^^^^^^^^^^^^^^^^^^^^
  File "/usr/local/python/3.12.1/lib/python3.12/asyncio/base_events.py", line 1119, in create_connection
    raise exceptions[0]
  File "/usr/local/python/3.12.1/lib/python3.12/asyncio/base_events.py", line 1101, in create_connection
    sock = await self._connect_sock(
           ^^^^^^^^^^^^^^^^^^^^^^^^^
  File "/usr/local/python/3.12.1/lib/python3.12/asyncio/base_events.py", line 1004, in _connect_sock
    await self.sock_connect(sock, address)
  File "/usr/local/python/3.12.1/lib/python3.12/asyncio/selector_events.py", line 647, in sock_connect
    return await fut
           ^^^^^^^^^
  File "/usr/local/python/3.12.1/lib/python3.12/asyncio/selector_events.py", line 687, in _sock_connect_cb
    raise OSError(err, f'Connect call failed {address}')
TimeoutError: [Errno 110] Connect call failed ('84.247.143.94', 3306)

The above exception was the direct cause of the following exception:

Traceback (most recent call last):
  File "/usr/local/python/3.12.1/lib/python3.12/site-packages/discord/app_commands/commands.py", line 858, in _do_call
    return await self._callback(self.binding, interaction, **params)  # type: ignore
           ^^^^^^^^^^^^^^^^^^^^^^^^^^^^^^^^^^^^^^^^^^^^^^^^^^^^^^^^^
  File "/workspaces/Nexory/datein/tasks.py", line 319, in create_user
    (self.guild_id, self.value)
    ^^^^^^^^^^^^^^^^^^
  File "/workspaces/Nexory/datein/tasks.py", line 154, in setup
    await self.load_tasks()
  File "/workspaces/Nexory/datein/tasks.py", line 158, in load_tasks
    async with self.bot.pool.acquire() as conn:
  File "/usr/local/python/3.12.1/lib/python3.12/site-packages/aiomysql/utils.py", line 134, in __aenter__
    self._conn = await self._coro
                 ^^^^^^^^^^^^^^^^
  File "/usr/local/python/3.12.1/lib/python3.12/site-packages/aiomysql/pool.py", line 142, in _acquire
    await self._fill_free_pool(True)
  File "/usr/local/python/3.12.1/lib/python3.12/site-packages/aiomysql/pool.py", line 195, in _fill_free_pool
    conn = await connect(echo=self._echo, loop=self._loop,
           ^^^^^^^^^^^^^^^^^^^^^^^^^^^^^^^^^^^^^^^^^^^^^^^
  File "/usr/local/python/3.12.1/lib/python3.12/site-packages/aiomysql/connection.py", line 74, in _connect
    await conn._connect()
  File "/usr/local/python/3.12.1/lib/python3.12/site-packages/aiomysql/connection.py", line 563, in _connect
    raise OperationalError(
pymysql.err.OperationalError: (2003, "Can't connect to MySQL server on 'panel.karlo-hosting.com'")

The above exception was the direct cause of the following exception:

Traceback (most recent call last):
  File "/usr/local/python/3.12.1/lib/python3.12/site-packages/discord/app_commands/tree.py", line 1297, in _call
    await command._invoke_with_namespace(interaction, namespace)
  File "/usr/local/python/3.12.1/lib/python3.12/site-packages/discord/app_commands/commands.py", line 884, in _invoke_with_namespace
    return await self._do_call(interaction, transformed_values)
           ^^^^^^^^^^^^^^^^^^^^^^^^^^^^^^^^^^^^^^^^^^^^^^^^^^^^
  File "/usr/local/python/3.12.1/lib/python3.12/site-packages/discord/app_commands/commands.py", line 877, in _do_call
    raise CommandInvokeError(self, e) from e
discord.app_commands.errors.CommandInvokeError: Command 'user' raised an exception: OperationalError: (2003, "Can't connect to MySQL server on 'panel.karlo-hosting.com'")
