[2026-02-15 20-26-45] [INFO    ] discord.gateway: Shard ID None has connected to Gateway (Session ID: 9dd1da553dec31ea34e9278e8d6082f7).
[2026-02-15 20-26-45] [INFO    ] discord.gateway: Shard ID None has connected to Gateway (Session ID: 9dd1da553dec31ea34e9278e8d6082f7).
[2026-02-15 20-27-12] [INFO    ] discord: Es wurden 2 Befehle synchronisiert. | Ausgeführt von icefreestyler.luca
[2026-02-15 20-27-12] [INFO    ] discord: Es wurden 2 Befehle synchronisiert. | Ausgeführt von icefreestyler.luca
[2026-02-15 20-27-19] [ERROR   ] discord.ext.commands.bot: Ignoring exception in command sync
Traceback (most recent call last):
  File "/usr/local/python/3.12.1/lib/python3.12/site-packages/discord/ext/commands/core.py", line 266, in wrapped
    ret = await coro(*args, **kwargs)
          ^^^^^^^^^^^^^^^^^^^^^^^^^^^
  File "/workspaces/Nexory/datein/developer.py", line 48, in sync
    status_task.start(self.bot)
  File "/usr/local/python/3.12.1/lib/python3.12/site-packages/discord/ext/tasks/__init__.py", line 407, in start
    raise RuntimeError('Task is already launched and is not completed.')
RuntimeError: Task is already launched and is not completed.

The above exception was the direct cause of the following exception:

Traceback (most recent call last):
  File "/usr/local/python/3.12.1/lib/python3.12/site-packages/discord/ext/commands/bot.py", line 1376, in invoke
    await ctx.command.invoke(ctx)
  File "/usr/local/python/3.12.1/lib/python3.12/site-packages/discord/ext/commands/core.py", line 1064, in invoke
    await injected(*ctx.args, **ctx.kwargs)  # type: ignore
    ^^^^^^^^^^^^^^^^^^^^^^^^^^^^^^^^^^^^^^^
  File "/usr/local/python/3.12.1/lib/python3.12/site-packages/discord/ext/commands/core.py", line 275, in wrapped
    raise CommandInvokeError(exc) from exc
discord.ext.commands.errors.CommandInvokeError: Command raised an exception: RuntimeError: Task is already launched and is not completed.
[2026-02-15 20-27-19] [ERROR   ] discord.ext.commands.bot: Ignoring exception in command sync
Traceback (most recent call last):
  File "/usr/local/python/3.12.1/lib/python3.12/site-packages/discord/ext/commands/core.py", line 266, in wrapped
    ret = await coro(*args, **kwargs)
          ^^^^^^^^^^^^^^^^^^^^^^^^^^^
  File "/workspaces/Nexory/datein/developer.py", line 48, in sync
    status_task.start(self.bot)
  File "/usr/local/python/3.12.1/lib/python3.12/site-packages/discord/ext/tasks/__init__.py", line 407, in start
    raise RuntimeError('Task is already launched and is not completed.')
RuntimeError: Task is already launched and is not completed.

The above exception was the direct cause of the following exception:

Traceback (most recent call last):
  File "/usr/local/python/3.12.1/lib/python3.12/site-packages/discord/ext/commands/bot.py", line 1376, in invoke
    await ctx.command.invoke(ctx)
  File "/usr/local/python/3.12.1/lib/python3.12/site-packages/discord/ext/commands/core.py", line 1064, in invoke
    await injected(*ctx.args, **ctx.kwargs)  # type: ignore
    ^^^^^^^^^^^^^^^^^^^^^^^^^^^^^^^^^^^^^^^
  File "/usr/local/python/3.12.1/lib/python3.12/site-packages/discord/ext/commands/core.py", line 275, in wrapped
    raise CommandInvokeError(exc) from exc
discord.ext.commands.errors.CommandInvokeError: Command raised an exception: RuntimeError: Task is already launched and is not completed.
[2026-02-15 20-30-46] [ERROR   ] discord.ext.commands.bot: Ignoring exception in command reload
Traceback (most recent call last):
  File "/usr/local/python/3.12.1/lib/python3.12/site-packages/discord/ext/commands/bot.py", line 962, in _load_from_module_spec
    spec.loader.exec_module(lib)  # type: ignore
    ^^^^^^^^^^^^^^^^^^^^^^^^^^^^
  File "<frozen importlib._bootstrap_external>", line 994, in exec_module
  File "<frozen importlib._bootstrap>", line 488, in _call_with_frames_removed
  File "/workspaces/Nexory/datein/tasks.py", line 91, in <module>
    class tasks(commands.Cog):
  File "/workspaces/Nexory/datein/tasks.py", line 101, in tasks
    @app_commands.group(name="tasks", description="Command Group to create Tasks", guild_only=True)
     ^^^^^^^^^^^^^^^^^^
AttributeError: module 'discord.app_commands' has no attribute 'group'. Did you mean: 'Group'?

The above exception was the direct cause of the following exception:

Traceback (most recent call last):
  File "/workspaces/Nexory/datein/developer.py", line 56, in reload
    await self.bot.reload_extension(f"datein.{datei_name}")
  File "/usr/local/python/3.12.1/lib/python3.12/site-packages/discord/ext/commands/bot.py", line 1144, in reload_extension
    await self.load_extension(name)
  File "/usr/local/python/3.12.1/lib/python3.12/site-packages/discord/ext/commands/bot.py", line 1040, in load_extension
    await self._load_from_module_spec(spec, name)
  File "/usr/local/python/3.12.1/lib/python3.12/site-packages/discord/ext/commands/bot.py", line 965, in _load_from_module_spec
    raise errors.ExtensionFailed(key, e) from e
discord.ext.commands.errors.ExtensionFailed: Extension 'datein.tasks' raised an error: AttributeError: module 'discord.app_commands' has no attribute 'group'

During handling of the above exception, another exception occurred:

Traceback (most recent call last):
  File "/usr/local/python/3.12.1/lib/python3.12/site-packages/discord/ext/commands/core.py", line 266, in wrapped
    ret = await coro(*args, **kwargs)
          ^^^^^^^^^^^^^^^^^^^^^^^^^^^
  File "/workspaces/Nexory/datein/developer.py", line 59, in reload
    await self.bot.load_extension(f"datein.{datei_name}")
  File "/usr/local/python/3.12.1/lib/python3.12/site-packages/discord/ext/commands/bot.py", line 1034, in load_extension
    raise errors.ExtensionAlreadyLoaded(name)
discord.ext.commands.errors.ExtensionAlreadyLoaded: Extension 'datein.tasks' is already loaded.

The above exception was the direct cause of the following exception:

Traceback (most recent call last):
  File "/usr/local/python/3.12.1/lib/python3.12/site-packages/discord/ext/commands/bot.py", line 1376, in invoke
    await ctx.command.invoke(ctx)
  File "/usr/local/python/3.12.1/lib/python3.12/site-packages/discord/ext/commands/core.py", line 1064, in invoke
    await injected(*ctx.args, **ctx.kwargs)  # type: ignore
    ^^^^^^^^^^^^^^^^^^^^^^^^^^^^^^^^^^^^^^^
  File "/usr/local/python/3.12.1/lib/python3.12/site-packages/discord/ext/commands/core.py", line 275, in wrapped
    raise CommandInvokeError(exc) from exc
discord.ext.commands.errors.CommandInvokeError: Command raised an exception: ExtensionAlreadyLoaded: Extension 'datein.tasks' is already loaded.
[2026-02-15 20-30-46] [ERROR   ] discord.ext.commands.bot: Ignoring exception in command reload
Traceback (most recent call last):
  File "/usr/local/python/3.12.1/lib/python3.12/site-packages/discord/ext/commands/bot.py", line 962, in _load_from_module_spec
    spec.loader.exec_module(lib)  # type: ignore
    ^^^^^^^^^^^^^^^^^^^^^^^^^^^^
  File "<frozen importlib._bootstrap_external>", line 994, in exec_module
  File "<frozen importlib._bootstrap>", line 488, in _call_with_frames_removed
  File "/workspaces/Nexory/datein/tasks.py", line 91, in <module>
    class tasks(commands.Cog):
  File "/workspaces/Nexory/datein/tasks.py", line 101, in tasks
    @app_commands.group(name="tasks", description="Command Group to create Tasks", guild_only=True)
     ^^^^^^^^^^^^^^^^^^
AttributeError: module 'discord.app_commands' has no attribute 'group'. Did you mean: 'Group'?

The above exception was the direct cause of the following exception:

Traceback (most recent call last):
  File "/workspaces/Nexory/datein/developer.py", line 56, in reload
    await self.bot.reload_extension(f"datein.{datei_name}")
  File "/usr/local/python/3.12.1/lib/python3.12/site-packages/discord/ext/commands/bot.py", line 1144, in reload_extension
    await self.load_extension(name)
  File "/usr/local/python/3.12.1/lib/python3.12/site-packages/discord/ext/commands/bot.py", line 1040, in load_extension
    await self._load_from_module_spec(spec, name)
  File "/usr/local/python/3.12.1/lib/python3.12/site-packages/discord/ext/commands/bot.py", line 965, in _load_from_module_spec
    raise errors.ExtensionFailed(key, e) from e
discord.ext.commands.errors.ExtensionFailed: Extension 'datein.tasks' raised an error: AttributeError: module 'discord.app_commands' has no attribute 'group'

During handling of the above exception, another exception occurred:

Traceback (most recent call last):
  File "/usr/local/python/3.12.1/lib/python3.12/site-packages/discord/ext/commands/core.py", line 266, in wrapped
    ret = await coro(*args, **kwargs)
          ^^^^^^^^^^^^^^^^^^^^^^^^^^^
  File "/workspaces/Nexory/datein/developer.py", line 59, in reload
    await self.bot.load_extension(f"datein.{datei_name}")
  File "/usr/local/python/3.12.1/lib/python3.12/site-packages/discord/ext/commands/bot.py", line 1034, in load_extension
    raise errors.ExtensionAlreadyLoaded(name)
discord.ext.commands.errors.ExtensionAlreadyLoaded: Extension 'datein.tasks' is already loaded.

The above exception was the direct cause of the following exception:

Traceback (most recent call last):
  File "/usr/local/python/3.12.1/lib/python3.12/site-packages/discord/ext/commands/bot.py", line 1376, in invoke
    await ctx.command.invoke(ctx)
  File "/usr/local/python/3.12.1/lib/python3.12/site-packages/discord/ext/commands/core.py", line 1064, in invoke
    await injected(*ctx.args, **ctx.kwargs)  # type: ignore
    ^^^^^^^^^^^^^^^^^^^^^^^^^^^^^^^^^^^^^^^
  File "/usr/local/python/3.12.1/lib/python3.12/site-packages/discord/ext/commands/core.py", line 275, in wrapped
    raise CommandInvokeError(exc) from exc
discord.ext.commands.errors.CommandInvokeError: Command raised an exception: ExtensionAlreadyLoaded: Extension 'datein.tasks' is already loaded.
[2026-02-15 20-30-46] [ERROR   ] discord.ext.commands.bot: Ignoring exception in command reload
Traceback (most recent call last):
  File "/usr/local/python/3.12.1/lib/python3.12/site-packages/discord/ext/commands/bot.py", line 962, in _load_from_module_spec
    spec.loader.exec_module(lib)  # type: ignore
    ^^^^^^^^^^^^^^^^^^^^^^^^^^^^
  File "<frozen importlib._bootstrap_external>", line 994, in exec_module
  File "<frozen importlib._bootstrap>", line 488, in _call_with_frames_removed
  File "/workspaces/Nexory/datein/tasks.py", line 91, in <module>
    class tasks(commands.Cog):
  File "/workspaces/Nexory/datein/tasks.py", line 101, in tasks
    @app_commands.group(name="tasks", description="Command Group to create Tasks", guild_only=True)
     ^^^^^^^^^^^^^^^^^^
AttributeError: module 'discord.app_commands' has no attribute 'group'. Did you mean: 'Group'?

The above exception was the direct cause of the following exception:

Traceback (most recent call last):
  File "/workspaces/Nexory/datein/developer.py", line 56, in reload
    await self.bot.reload_extension(f"datein.{datei_name}")
  File "/usr/local/python/3.12.1/lib/python3.12/site-packages/discord/ext/commands/bot.py", line 1144, in reload_extension
    await self.load_extension(name)
  File "/usr/local/python/3.12.1/lib/python3.12/site-packages/discord/ext/commands/bot.py", line 1040, in load_extension
    await self._load_from_module_spec(spec, name)
  File "/usr/local/python/3.12.1/lib/python3.12/site-packages/discord/ext/commands/bot.py", line 965, in _load_from_module_spec
    raise errors.ExtensionFailed(key, e) from e
discord.ext.commands.errors.ExtensionFailed: Extension 'datein.tasks' raised an error: AttributeError: module 'discord.app_commands' has no attribute 'group'

During handling of the above exception, another exception occurred:

Traceback (most recent call last):
  File "/usr/local/python/3.12.1/lib/python3.12/site-packages/discord/ext/commands/core.py", line 266, in wrapped
    ret = await coro(*args, **kwargs)
          ^^^^^^^^^^^^^^^^^^^^^^^^^^^
  File "/workspaces/Nexory/datein/developer.py", line 59, in reload
    await self.bot.load_extension(f"datein.{datei_name}")
  File "/usr/local/python/3.12.1/lib/python3.12/site-packages/discord/ext/commands/bot.py", line 1034, in load_extension
    raise errors.ExtensionAlreadyLoaded(name)
discord.ext.commands.errors.ExtensionAlreadyLoaded: Extension 'datein.tasks' is already loaded.

The above exception was the direct cause of the following exception:

Traceback (most recent call last):
  File "/usr/local/python/3.12.1/lib/python3.12/site-packages/discord/ext/commands/bot.py", line 1376, in invoke
    await ctx.command.invoke(ctx)
  File "/usr/local/python/3.12.1/lib/python3.12/site-packages/discord/ext/commands/core.py", line 1064, in invoke
    await injected(*ctx.args, **ctx.kwargs)  # type: ignore
    ^^^^^^^^^^^^^^^^^^^^^^^^^^^^^^^^^^^^^^^
  File "/usr/local/python/3.12.1/lib/python3.12/site-packages/discord/ext/commands/core.py", line 275, in wrapped
    raise CommandInvokeError(exc) from exc
discord.ext.commands.errors.CommandInvokeError: Command raised an exception: ExtensionAlreadyLoaded: Extension 'datein.tasks' is already loaded.
[2026-02-15 20-31-48] [INFO    ] discord.gateway: Shard ID None has connected to Gateway (Session ID: 0c729d9fab2f067fa381f81328da1af7).
[2026-02-15 20-31-48] [INFO    ] discord.gateway: Shard ID None has connected to Gateway (Session ID: 0c729d9fab2f067fa381f81328da1af7).
[2026-02-15 20-31-52] [INFO    ] discord: Es wurden 2 Befehle synchronisiert. | Ausgeführt von icefreestyler.luca
[2026-02-15 20-31-52] [INFO    ] discord: Es wurden 2 Befehle synchronisiert. | Ausgeführt von icefreestyler.luca
[2026-02-15 20-31-56] [ERROR   ] discord.ext.commands.bot: Ignoring exception in command sync
Traceback (most recent call last):
  File "/usr/local/python/3.12.1/lib/python3.12/site-packages/discord/ext/commands/core.py", line 266, in wrapped
    ret = await coro(*args, **kwargs)
          ^^^^^^^^^^^^^^^^^^^^^^^^^^^
  File "/workspaces/Nexory/datein/developer.py", line 48, in sync
    status_task.start(self.bot)
  File "/usr/local/python/3.12.1/lib/python3.12/site-packages/discord/ext/tasks/__init__.py", line 407, in start
    raise RuntimeError('Task is already launched and is not completed.')
RuntimeError: Task is already launched and is not completed.

The above exception was the direct cause of the following exception:

Traceback (most recent call last):
  File "/usr/local/python/3.12.1/lib/python3.12/site-packages/discord/ext/commands/bot.py", line 1376, in invoke
    await ctx.command.invoke(ctx)
  File "/usr/local/python/3.12.1/lib/python3.12/site-packages/discord/ext/commands/core.py", line 1064, in invoke
    await injected(*ctx.args, **ctx.kwargs)  # type: ignore
    ^^^^^^^^^^^^^^^^^^^^^^^^^^^^^^^^^^^^^^^
  File "/usr/local/python/3.12.1/lib/python3.12/site-packages/discord/ext/commands/core.py", line 275, in wrapped
    raise CommandInvokeError(exc) from exc
discord.ext.commands.errors.CommandInvokeError: Command raised an exception: RuntimeError: Task is already launched and is not completed.
[2026-02-15 20-31-56] [ERROR   ] discord.ext.commands.bot: Ignoring exception in command sync
Traceback (most recent call last):
  File "/usr/local/python/3.12.1/lib/python3.12/site-packages/discord/ext/commands/core.py", line 266, in wrapped
    ret = await coro(*args, **kwargs)
          ^^^^^^^^^^^^^^^^^^^^^^^^^^^
  File "/workspaces/Nexory/datein/developer.py", line 48, in sync
    status_task.start(self.bot)
  File "/usr/local/python/3.12.1/lib/python3.12/site-packages/discord/ext/tasks/__init__.py", line 407, in start
    raise RuntimeError('Task is already launched and is not completed.')
RuntimeError: Task is already launched and is not completed.

The above exception was the direct cause of the following exception:

Traceback (most recent call last):
  File "/usr/local/python/3.12.1/lib/python3.12/site-packages/discord/ext/commands/bot.py", line 1376, in invoke
    await ctx.command.invoke(ctx)
  File "/usr/local/python/3.12.1/lib/python3.12/site-packages/discord/ext/commands/core.py", line 1064, in invoke
    await injected(*ctx.args, **ctx.kwargs)  # type: ignore
    ^^^^^^^^^^^^^^^^^^^^^^^^^^^^^^^^^^^^^^^
  File "/usr/local/python/3.12.1/lib/python3.12/site-packages/discord/ext/commands/core.py", line 275, in wrapped
    raise CommandInvokeError(exc) from exc
discord.ext.commands.errors.CommandInvokeError: Command raised an exception: RuntimeError: Task is already launched and is not completed.
[2026-02-15 20-32-47] [INFO    ] discord: Realoded `tasks.py` | Ausgeführt von icefreestyler.luca(714361420409733171)
[2026-02-15 20-32-47] [INFO    ] discord: Realoded `tasks.py` | Ausgeführt von icefreestyler.luca(714361420409733171)
[2026-02-15 20-32-47] [INFO    ] discord: Realoded `tasks.py` | Ausgeführt von icefreestyler.luca(714361420409733171)
[2026-02-15 20-33-41] [INFO    ] discord: Realoded `tasks.py` | Ausgeführt von icefreestyler.luca(714361420409733171)
[2026-02-15 20-33-41] [INFO    ] discord: Realoded `tasks.py` | Ausgeführt von icefreestyler.luca(714361420409733171)
[2026-02-15 20-33-41] [INFO    ] discord: Realoded `tasks.py` | Ausgeführt von icefreestyler.luca(714361420409733171)
[2026-02-15 20-33-41] [INFO    ] discord: Realoded `tasks.py` | Ausgeführt von icefreestyler.luca(714361420409733171)
[2026-02-15 20-35-10] [INFO    ] discord: Realoded `tasks.py` | Ausgeführt von icefreestyler.luca(714361420409733171)
[2026-02-15 20-35-10] [INFO    ] discord: Realoded `tasks.py` | Ausgeführt von icefreestyler.luca(714361420409733171)
[2026-02-15 20-35-10] [INFO    ] discord: Realoded `tasks.py` | Ausgeführt von icefreestyler.luca(714361420409733171)
[2026-02-15 20-35-10] [INFO    ] discord: Realoded `tasks.py` | Ausgeführt von icefreestyler.luca(714361420409733171)
[2026-02-15 20-35-10] [INFO    ] discord: Realoded `tasks.py` | Ausgeführt von icefreestyler.luca(714361420409733171)
[2026-02-15 20-38-29] [INFO    ] discord: Realoded `tasks.py` | Ausgeführt von icefreestyler.luca(714361420409733171)
[2026-02-15 20-38-29] [INFO    ] discord: Realoded `tasks.py` | Ausgeführt von icefreestyler.luca(714361420409733171)
[2026-02-15 20-38-29] [INFO    ] discord: Realoded `tasks.py` | Ausgeführt von icefreestyler.luca(714361420409733171)
[2026-02-15 20-38-29] [INFO    ] discord: Realoded `tasks.py` | Ausgeführt von icefreestyler.luca(714361420409733171)
[2026-02-15 20-38-29] [INFO    ] discord: Realoded `tasks.py` | Ausgeführt von icefreestyler.luca(714361420409733171)
[2026-02-15 20-38-29] [INFO    ] discord: Realoded `tasks.py` | Ausgeführt von icefreestyler.luca(714361420409733171)
[2026-02-15 20-39-03] [ERROR   ] discord.ext.commands.bot: Ignoring exception in command sync
Traceback (most recent call last):
  File "/usr/local/python/3.12.1/lib/python3.12/site-packages/discord/ext/commands/core.py", line 266, in wrapped
    ret = await coro(*args, **kwargs)
          ^^^^^^^^^^^^^^^^^^^^^^^^^^^
  File "/workspaces/Nexory/datein/developer.py", line 48, in sync
    status_task.start(self.bot)
  File "/usr/local/python/3.12.1/lib/python3.12/site-packages/discord/ext/tasks/__init__.py", line 407, in start
    raise RuntimeError('Task is already launched and is not completed.')
RuntimeError: Task is already launched and is not completed.

The above exception was the direct cause of the following exception:

Traceback (most recent call last):
  File "/usr/local/python/3.12.1/lib/python3.12/site-packages/discord/ext/commands/bot.py", line 1376, in invoke
    await ctx.command.invoke(ctx)
  File "/usr/local/python/3.12.1/lib/python3.12/site-packages/discord/ext/commands/core.py", line 1064, in invoke
    await injected(*ctx.args, **ctx.kwargs)  # type: ignore
    ^^^^^^^^^^^^^^^^^^^^^^^^^^^^^^^^^^^^^^^
  File "/usr/local/python/3.12.1/lib/python3.12/site-packages/discord/ext/commands/core.py", line 275, in wrapped
    raise CommandInvokeError(exc) from exc
discord.ext.commands.errors.CommandInvokeError: Command raised an exception: RuntimeError: Task is already launched and is not completed.
[2026-02-15 20-39-03] [ERROR   ] discord.ext.commands.bot: Ignoring exception in command sync
Traceback (most recent call last):
  File "/usr/local/python/3.12.1/lib/python3.12/site-packages/discord/ext/commands/core.py", line 266, in wrapped
    ret = await coro(*args, **kwargs)
          ^^^^^^^^^^^^^^^^^^^^^^^^^^^
  File "/workspaces/Nexory/datein/developer.py", line 48, in sync
    status_task.start(self.bot)
  File "/usr/local/python/3.12.1/lib/python3.12/site-packages/discord/ext/tasks/__init__.py", line 407, in start
    raise RuntimeError('Task is already launched and is not completed.')
RuntimeError: Task is already launched and is not completed.

The above exception was the direct cause of the following exception:

Traceback (most recent call last):
  File "/usr/local/python/3.12.1/lib/python3.12/site-packages/discord/ext/commands/bot.py", line 1376, in invoke
    await ctx.command.invoke(ctx)
  File "/usr/local/python/3.12.1/lib/python3.12/site-packages/discord/ext/commands/core.py", line 1064, in invoke
    await injected(*ctx.args, **ctx.kwargs)  # type: ignore
    ^^^^^^^^^^^^^^^^^^^^^^^^^^^^^^^^^^^^^^^
  File "/usr/local/python/3.12.1/lib/python3.12/site-packages/discord/ext/commands/core.py", line 275, in wrapped
    raise CommandInvokeError(exc) from exc
discord.ext.commands.errors.CommandInvokeError: Command raised an exception: RuntimeError: Task is already launched and is not completed.
[2026-02-15 20-39-03] [ERROR   ] discord.ext.commands.bot: Ignoring exception in command sync
Traceback (most recent call last):
  File "/usr/local/python/3.12.1/lib/python3.12/site-packages/discord/ext/commands/core.py", line 266, in wrapped
    ret = await coro(*args, **kwargs)
          ^^^^^^^^^^^^^^^^^^^^^^^^^^^
  File "/workspaces/Nexory/datein/developer.py", line 48, in sync
    status_task.start(self.bot)
  File "/usr/local/python/3.12.1/lib/python3.12/site-packages/discord/ext/tasks/__init__.py", line 407, in start
    raise RuntimeError('Task is already launched and is not completed.')
RuntimeError: Task is already launched and is not completed.

The above exception was the direct cause of the following exception:

Traceback (most recent call last):
  File "/usr/local/python/3.12.1/lib/python3.12/site-packages/discord/ext/commands/bot.py", line 1376, in invoke
    await ctx.command.invoke(ctx)
  File "/usr/local/python/3.12.1/lib/python3.12/site-packages/discord/ext/commands/core.py", line 1064, in invoke
    await injected(*ctx.args, **ctx.kwargs)  # type: ignore
    ^^^^^^^^^^^^^^^^^^^^^^^^^^^^^^^^^^^^^^^
  File "/usr/local/python/3.12.1/lib/python3.12/site-packages/discord/ext/commands/core.py", line 275, in wrapped
    raise CommandInvokeError(exc) from exc
discord.ext.commands.errors.CommandInvokeError: Command raised an exception: RuntimeError: Task is already launched and is not completed.
[2026-02-15 20-39-03] [ERROR   ] discord.ext.commands.bot: Ignoring exception in command sync
Traceback (most recent call last):
  File "/usr/local/python/3.12.1/lib/python3.12/site-packages/discord/ext/commands/core.py", line 266, in wrapped
    ret = await coro(*args, **kwargs)
          ^^^^^^^^^^^^^^^^^^^^^^^^^^^
  File "/workspaces/Nexory/datein/developer.py", line 48, in sync
    status_task.start(self.bot)
  File "/usr/local/python/3.12.1/lib/python3.12/site-packages/discord/ext/tasks/__init__.py", line 407, in start
    raise RuntimeError('Task is already launched and is not completed.')
RuntimeError: Task is already launched and is not completed.

The above exception was the direct cause of the following exception:

Traceback (most recent call last):
  File "/usr/local/python/3.12.1/lib/python3.12/site-packages/discord/ext/commands/bot.py", line 1376, in invoke
    await ctx.command.invoke(ctx)
  File "/usr/local/python/3.12.1/lib/python3.12/site-packages/discord/ext/commands/core.py", line 1064, in invoke
    await injected(*ctx.args, **ctx.kwargs)  # type: ignore
    ^^^^^^^^^^^^^^^^^^^^^^^^^^^^^^^^^^^^^^^
  File "/usr/local/python/3.12.1/lib/python3.12/site-packages/discord/ext/commands/core.py", line 275, in wrapped
    raise CommandInvokeError(exc) from exc
discord.ext.commands.errors.CommandInvokeError: Command raised an exception: RuntimeError: Task is already launched and is not completed.
[2026-02-15 20-39-03] [ERROR   ] discord.ext.commands.bot: Ignoring exception in command sync
Traceback (most recent call last):
  File "/usr/local/python/3.12.1/lib/python3.12/site-packages/discord/ext/commands/core.py", line 266, in wrapped
    ret = await coro(*args, **kwargs)
          ^^^^^^^^^^^^^^^^^^^^^^^^^^^
  File "/workspaces/Nexory/datein/developer.py", line 48, in sync
    status_task.start(self.bot)
  File "/usr/local/python/3.12.1/lib/python3.12/site-packages/discord/ext/tasks/__init__.py", line 407, in start
    raise RuntimeError('Task is already launched and is not completed.')
RuntimeError: Task is already launched and is not completed.

The above exception was the direct cause of the following exception:

Traceback (most recent call last):
  File "/usr/local/python/3.12.1/lib/python3.12/site-packages/discord/ext/commands/bot.py", line 1376, in invoke
    await ctx.command.invoke(ctx)
  File "/usr/local/python/3.12.1/lib/python3.12/site-packages/discord/ext/commands/core.py", line 1064, in invoke
    await injected(*ctx.args, **ctx.kwargs)  # type: ignore
    ^^^^^^^^^^^^^^^^^^^^^^^^^^^^^^^^^^^^^^^
  File "/usr/local/python/3.12.1/lib/python3.12/site-packages/discord/ext/commands/core.py", line 275, in wrapped
    raise CommandInvokeError(exc) from exc
discord.ext.commands.errors.CommandInvokeError: Command raised an exception: RuntimeError: Task is already launched and is not completed.
[2026-02-15 20-39-03] [ERROR   ] discord.ext.commands.bot: Ignoring exception in command sync
Traceback (most recent call last):
  File "/usr/local/python/3.12.1/lib/python3.12/site-packages/discord/ext/commands/core.py", line 266, in wrapped
    ret = await coro(*args, **kwargs)
          ^^^^^^^^^^^^^^^^^^^^^^^^^^^
  File "/workspaces/Nexory/datein/developer.py", line 48, in sync
    status_task.start(self.bot)
  File "/usr/local/python/3.12.1/lib/python3.12/site-packages/discord/ext/tasks/__init__.py", line 407, in start
    raise RuntimeError('Task is already launched and is not completed.')
RuntimeError: Task is already launched and is not completed.

The above exception was the direct cause of the following exception:

Traceback (most recent call last):
  File "/usr/local/python/3.12.1/lib/python3.12/site-packages/discord/ext/commands/bot.py", line 1376, in invoke
    await ctx.command.invoke(ctx)
  File "/usr/local/python/3.12.1/lib/python3.12/site-packages/discord/ext/commands/core.py", line 1064, in invoke
    await injected(*ctx.args, **ctx.kwargs)  # type: ignore
    ^^^^^^^^^^^^^^^^^^^^^^^^^^^^^^^^^^^^^^^
  File "/usr/local/python/3.12.1/lib/python3.12/site-packages/discord/ext/commands/core.py", line 275, in wrapped
    raise CommandInvokeError(exc) from exc
discord.ext.commands.errors.CommandInvokeError: Command raised an exception: RuntimeError: Task is already launched and is not completed.
[2026-02-15 20-39-05] [ERROR   ] discord.ext.commands.bot: Ignoring exception in command sync
Traceback (most recent call last):
  File "/usr/local/python/3.12.1/lib/python3.12/site-packages/discord/ext/commands/core.py", line 266, in wrapped
    ret = await coro(*args, **kwargs)
          ^^^^^^^^^^^^^^^^^^^^^^^^^^^
  File "/workspaces/Nexory/datein/developer.py", line 48, in sync
    status_task.start(self.bot)
  File "/usr/local/python/3.12.1/lib/python3.12/site-packages/discord/ext/tasks/__init__.py", line 407, in start
    raise RuntimeError('Task is already launched and is not completed.')
RuntimeError: Task is already launched and is not completed.

The above exception was the direct cause of the following exception:

Traceback (most recent call last):
  File "/usr/local/python/3.12.1/lib/python3.12/site-packages/discord/ext/commands/bot.py", line 1376, in invoke
    await ctx.command.invoke(ctx)
  File "/usr/local/python/3.12.1/lib/python3.12/site-packages/discord/ext/commands/core.py", line 1064, in invoke
    await injected(*ctx.args, **ctx.kwargs)  # type: ignore
    ^^^^^^^^^^^^^^^^^^^^^^^^^^^^^^^^^^^^^^^
  File "/usr/local/python/3.12.1/lib/python3.12/site-packages/discord/ext/commands/core.py", line 275, in wrapped
    raise CommandInvokeError(exc) from exc
discord.ext.commands.errors.CommandInvokeError: Command raised an exception: RuntimeError: Task is already launched and is not completed.
[2026-02-15 20-39-05] [ERROR   ] discord.ext.commands.bot: Ignoring exception in command sync
Traceback (most recent call last):
  File "/usr/local/python/3.12.1/lib/python3.12/site-packages/discord/ext/commands/core.py", line 266, in wrapped
    ret = await coro(*args, **kwargs)
          ^^^^^^^^^^^^^^^^^^^^^^^^^^^
  File "/workspaces/Nexory/datein/developer.py", line 48, in sync
    status_task.start(self.bot)
  File "/usr/local/python/3.12.1/lib/python3.12/site-packages/discord/ext/tasks/__init__.py", line 407, in start
    raise RuntimeError('Task is already launched and is not completed.')
RuntimeError: Task is already launched and is not completed.

The above exception was the direct cause of the following exception:

Traceback (most recent call last):
  File "/usr/local/python/3.12.1/lib/python3.12/site-packages/discord/ext/commands/bot.py", line 1376, in invoke
    await ctx.command.invoke(ctx)
  File "/usr/local/python/3.12.1/lib/python3.12/site-packages/discord/ext/commands/core.py", line 1064, in invoke
    await injected(*ctx.args, **ctx.kwargs)  # type: ignore
    ^^^^^^^^^^^^^^^^^^^^^^^^^^^^^^^^^^^^^^^
  File "/usr/local/python/3.12.1/lib/python3.12/site-packages/discord/ext/commands/core.py", line 275, in wrapped
    raise CommandInvokeError(exc) from exc
discord.ext.commands.errors.CommandInvokeError: Command raised an exception: RuntimeError: Task is already launched and is not completed.
[2026-02-15 20-39-05] [ERROR   ] discord.ext.commands.bot: Ignoring exception in command sync
Traceback (most recent call last):
  File "/usr/local/python/3.12.1/lib/python3.12/site-packages/discord/ext/commands/core.py", line 266, in wrapped
    ret = await coro(*args, **kwargs)
          ^^^^^^^^^^^^^^^^^^^^^^^^^^^
  File "/workspaces/Nexory/datein/developer.py", line 48, in sync
    status_task.start(self.bot)
  File "/usr/local/python/3.12.1/lib/python3.12/site-packages/discord/ext/tasks/__init__.py", line 407, in start
    raise RuntimeError('Task is already launched and is not completed.')
RuntimeError: Task is already launched and is not completed.

The above exception was the direct cause of the following exception:

Traceback (most recent call last):
  File "/usr/local/python/3.12.1/lib/python3.12/site-packages/discord/ext/commands/bot.py", line 1376, in invoke
    await ctx.command.invoke(ctx)
  File "/usr/local/python/3.12.1/lib/python3.12/site-packages/discord/ext/commands/core.py", line 1064, in invoke
    await injected(*ctx.args, **ctx.kwargs)  # type: ignore
    ^^^^^^^^^^^^^^^^^^^^^^^^^^^^^^^^^^^^^^^
  File "/usr/local/python/3.12.1/lib/python3.12/site-packages/discord/ext/commands/core.py", line 275, in wrapped
    raise CommandInvokeError(exc) from exc
discord.ext.commands.errors.CommandInvokeError: Command raised an exception: RuntimeError: Task is already launched and is not completed.
[2026-02-15 20-39-05] [ERROR   ] discord.ext.commands.bot: Ignoring exception in command sync
Traceback (most recent call last):
  File "/usr/local/python/3.12.1/lib/python3.12/site-packages/discord/ext/commands/core.py", line 266, in wrapped
    ret = await coro(*args, **kwargs)
          ^^^^^^^^^^^^^^^^^^^^^^^^^^^
  File "/workspaces/Nexory/datein/developer.py", line 48, in sync
    status_task.start(self.bot)
  File "/usr/local/python/3.12.1/lib/python3.12/site-packages/discord/ext/tasks/__init__.py", line 407, in start
    raise RuntimeError('Task is already launched and is not completed.')
RuntimeError: Task is already launched and is not completed.

The above exception was the direct cause of the following exception:

Traceback (most recent call last):
  File "/usr/local/python/3.12.1/lib/python3.12/site-packages/discord/ext/commands/bot.py", line 1376, in invoke
    await ctx.command.invoke(ctx)
  File "/usr/local/python/3.12.1/lib/python3.12/site-packages/discord/ext/commands/core.py", line 1064, in invoke
    await injected(*ctx.args, **ctx.kwargs)  # type: ignore
    ^^^^^^^^^^^^^^^^^^^^^^^^^^^^^^^^^^^^^^^
  File "/usr/local/python/3.12.1/lib/python3.12/site-packages/discord/ext/commands/core.py", line 275, in wrapped
    raise CommandInvokeError(exc) from exc
discord.ext.commands.errors.CommandInvokeError: Command raised an exception: RuntimeError: Task is already launched and is not completed.
[2026-02-15 20-39-05] [ERROR   ] discord.ext.commands.bot: Ignoring exception in command sync
Traceback (most recent call last):
  File "/usr/local/python/3.12.1/lib/python3.12/site-packages/discord/ext/commands/core.py", line 266, in wrapped
    ret = await coro(*args, **kwargs)
          ^^^^^^^^^^^^^^^^^^^^^^^^^^^
  File "/workspaces/Nexory/datein/developer.py", line 48, in sync
    status_task.start(self.bot)
  File "/usr/local/python/3.12.1/lib/python3.12/site-packages/discord/ext/tasks/__init__.py", line 407, in start
    raise RuntimeError('Task is already launched and is not completed.')
RuntimeError: Task is already launched and is not completed.

The above exception was the direct cause of the following exception:

Traceback (most recent call last):
  File "/usr/local/python/3.12.1/lib/python3.12/site-packages/discord/ext/commands/bot.py", line 1376, in invoke
    await ctx.command.invoke(ctx)
  File "/usr/local/python/3.12.1/lib/python3.12/site-packages/discord/ext/commands/core.py", line 1064, in invoke
    await injected(*ctx.args, **ctx.kwargs)  # type: ignore
    ^^^^^^^^^^^^^^^^^^^^^^^^^^^^^^^^^^^^^^^
  File "/usr/local/python/3.12.1/lib/python3.12/site-packages/discord/ext/commands/core.py", line 275, in wrapped
    raise CommandInvokeError(exc) from exc
discord.ext.commands.errors.CommandInvokeError: Command raised an exception: RuntimeError: Task is already launched and is not completed.
[2026-02-15 20-39-05] [ERROR   ] discord.ext.commands.bot: Ignoring exception in command sync
Traceback (most recent call last):
  File "/usr/local/python/3.12.1/lib/python3.12/site-packages/discord/ext/commands/core.py", line 266, in wrapped
    ret = await coro(*args, **kwargs)
          ^^^^^^^^^^^^^^^^^^^^^^^^^^^
  File "/workspaces/Nexory/datein/developer.py", line 48, in sync
    status_task.start(self.bot)
  File "/usr/local/python/3.12.1/lib/python3.12/site-packages/discord/ext/tasks/__init__.py", line 407, in start
    raise RuntimeError('Task is already launched and is not completed.')
RuntimeError: Task is already launched and is not completed.

The above exception was the direct cause of the following exception:

Traceback (most recent call last):
  File "/usr/local/python/3.12.1/lib/python3.12/site-packages/discord/ext/commands/bot.py", line 1376, in invoke
    await ctx.command.invoke(ctx)
  File "/usr/local/python/3.12.1/lib/python3.12/site-packages/discord/ext/commands/core.py", line 1064, in invoke
    await injected(*ctx.args, **ctx.kwargs)  # type: ignore
    ^^^^^^^^^^^^^^^^^^^^^^^^^^^^^^^^^^^^^^^
  File "/usr/local/python/3.12.1/lib/python3.12/site-packages/discord/ext/commands/core.py", line 275, in wrapped
    raise CommandInvokeError(exc) from exc
discord.ext.commands.errors.CommandInvokeError: Command raised an exception: RuntimeError: Task is already launched and is not completed.
[2026-02-15 20-44-07] [INFO    ] discord.gateway: Shard ID None has connected to Gateway (Session ID: 1e60c3c4fa72470a8859fded2460b4ce).
[2026-02-15 20-44-07] [INFO    ] discord.gateway: Shard ID None has connected to Gateway (Session ID: 1e60c3c4fa72470a8859fded2460b4ce).
[2026-02-15 20-44-13] [INFO    ] discord: Es wurden 2 Befehle synchronisiert. | Ausgeführt von icefreestyler.luca
[2026-02-15 20-44-13] [INFO    ] discord: Es wurden 2 Befehle synchronisiert. | Ausgeführt von icefreestyler.luca
[2026-02-15 20-45-17] [INFO    ] discord: Realoded `tasks.py` | Ausgeführt von icefreestyler.luca(714361420409733171)
[2026-02-15 20-45-17] [INFO    ] discord: Realoded `tasks.py` | Ausgeführt von icefreestyler.luca(714361420409733171)
[2026-02-15 20-45-17] [INFO    ] discord: Realoded `tasks.py` | Ausgeführt von icefreestyler.luca(714361420409733171)
[2026-02-18 19-12-18] [INFO    ] discord.gateway: Shard ID None has connected to Gateway (Session ID: 07c53cfeba6a9a0eb5da6ec9ab6a3684).
[2026-02-18 19-12-18] [INFO    ] discord.gateway: Shard ID None has connected to Gateway (Session ID: 07c53cfeba6a9a0eb5da6ec9ab6a3684).
[2026-02-18 19-14-18] [ERROR   ] discord: Unbekannter Fehler aufgetretten! (1054, "Unknown column 'task_title' in 'field list'")
[2026-02-18 19-14-18] [ERROR   ] discord: Unbekannter Fehler aufgetretten! (1054, "Unknown column 'task_title' in 'field list'")
[2026-02-18 19-16-03] [INFO    ] discord: Realoded `tasks.py` | Ausgeführt von icefreestyler.luca(714361420409733171)
[2026-02-18 19-16-03] [INFO    ] discord: Realoded `tasks.py` | Ausgeführt von icefreestyler.luca(714361420409733171)
[2026-02-18 19-16-03] [INFO    ] discord: Realoded `tasks.py` | Ausgeführt von icefreestyler.luca(714361420409733171)
[2026-02-18 19-16-25] [ERROR   ] discord: Unbekannter Fehler aufgetretten! 'NoneType' object is not subscriptable
[2026-02-18 19-16-25] [ERROR   ] discord: Unbekannter Fehler aufgetretten! 'NoneType' object is not subscriptable
[2026-02-18 19-16-25] [ERROR   ] discord: Unbekannter Fehler aufgetretten! 'NoneType' object is not subscriptable
[2026-02-18 19-17-14] [INFO    ] discord: Realoded `tasks.py` | Ausgeführt von icefreestyler.luca(714361420409733171)
[2026-02-18 19-17-14] [INFO    ] discord: Realoded `tasks.py` | Ausgeführt von icefreestyler.luca(714361420409733171)
[2026-02-18 19-17-14] [INFO    ] discord: Realoded `tasks.py` | Ausgeführt von icefreestyler.luca(714361420409733171)
[2026-02-18 19-17-14] [INFO    ] discord: Realoded `tasks.py` | Ausgeführt von icefreestyler.luca(714361420409733171)
[2026-02-18 19-17-26] [ERROR   ] discord: Unbekannter Fehler aufgetretten! 'NoneType' object is not subscriptable
[2026-02-18 19-17-26] [ERROR   ] discord: Unbekannter Fehler aufgetretten! 'NoneType' object is not subscriptable
[2026-02-18 19-17-26] [ERROR   ] discord: Unbekannter Fehler aufgetretten! 'NoneType' object is not subscriptable
[2026-02-18 19-17-26] [ERROR   ] discord: Unbekannter Fehler aufgetretten! 'NoneType' object is not subscriptable
[2026-02-18 19-18-12] [INFO    ] discord: Realoded `tasks.py` | Ausgeführt von icefreestyler.luca(714361420409733171)
[2026-02-18 19-18-12] [INFO    ] discord: Realoded `tasks.py` | Ausgeführt von icefreestyler.luca(714361420409733171)
[2026-02-18 19-18-12] [INFO    ] discord: Realoded `tasks.py` | Ausgeführt von icefreestyler.luca(714361420409733171)
[2026-02-18 19-18-12] [INFO    ] discord: Realoded `tasks.py` | Ausgeführt von icefreestyler.luca(714361420409733171)
[2026-02-18 19-18-12] [INFO    ] discord: Realoded `tasks.py` | Ausgeführt von icefreestyler.luca(714361420409733171)
[2026-02-18 19-18-21] [ERROR   ] discord: Unbekannter Fehler aufgetretten! 'NoneType' object is not subscriptable
[2026-02-18 19-18-21] [ERROR   ] discord: Unbekannter Fehler aufgetretten! 'NoneType' object is not subscriptable
[2026-02-18 19-18-21] [ERROR   ] discord: Unbekannter Fehler aufgetretten! 'NoneType' object is not subscriptable
[2026-02-18 19-18-21] [ERROR   ] discord: Unbekannter Fehler aufgetretten! 'NoneType' object is not subscriptable
[2026-02-18 19-18-21] [ERROR   ] discord: Unbekannter Fehler aufgetretten! 'NoneType' object is not subscriptable
[2026-02-18 19-19-07] [INFO    ] discord: Realoded `tasks.py` | Ausgeführt von icefreestyler.luca(714361420409733171)
[2026-02-18 19-19-07] [INFO    ] discord: Realoded `tasks.py` | Ausgeführt von icefreestyler.luca(714361420409733171)
[2026-02-18 19-19-07] [INFO    ] discord: Realoded `tasks.py` | Ausgeführt von icefreestyler.luca(714361420409733171)
[2026-02-18 19-19-07] [INFO    ] discord: Realoded `tasks.py` | Ausgeführt von icefreestyler.luca(714361420409733171)
[2026-02-18 19-19-07] [INFO    ] discord: Realoded `tasks.py` | Ausgeführt von icefreestyler.luca(714361420409733171)
[2026-02-18 19-19-07] [INFO    ] discord: Realoded `tasks.py` | Ausgeführt von icefreestyler.luca(714361420409733171)
[2026-02-18 19-19-18] [ERROR   ] discord: Unbekannter Fehler aufgetretten! 'str' object has no attribute 'value'
[2026-02-18 19-19-18] [ERROR   ] discord: Unbekannter Fehler aufgetretten! 'str' object has no attribute 'value'
[2026-02-18 19-19-18] [ERROR   ] discord: Unbekannter Fehler aufgetretten! 'str' object has no attribute 'value'
[2026-02-18 19-19-18] [ERROR   ] discord: Unbekannter Fehler aufgetretten! 'str' object has no attribute 'value'
[2026-02-18 19-19-18] [ERROR   ] discord: Unbekannter Fehler aufgetretten! 'str' object has no attribute 'value'
[2026-02-18 19-19-18] [ERROR   ] discord: Unbekannter Fehler aufgetretten! 'str' object has no attribute 'value'
[2026-02-18 19-19-47] [ERROR   ] discord.ext.commands.bot: Ignoring exception in command None
discord.ext.commands.errors.CommandNotFound: Command "realod" is not found
[2026-02-18 19-19-47] [ERROR   ] discord.ext.commands.bot: Ignoring exception in command None
discord.ext.commands.errors.CommandNotFound: Command "realod" is not found
[2026-02-18 19-19-47] [ERROR   ] discord.ext.commands.bot: Ignoring exception in command None
discord.ext.commands.errors.CommandNotFound: Command "realod" is not found
[2026-02-18 19-19-47] [ERROR   ] discord.ext.commands.bot: Ignoring exception in command None
discord.ext.commands.errors.CommandNotFound: Command "realod" is not found
[2026-02-18 19-19-47] [ERROR   ] discord.ext.commands.bot: Ignoring exception in command None
discord.ext.commands.errors.CommandNotFound: Command "realod" is not found
[2026-02-18 19-19-47] [ERROR   ] discord.ext.commands.bot: Ignoring exception in command None
discord.ext.commands.errors.CommandNotFound: Command "realod" is not found
[2026-02-18 19-19-56] [INFO    ] discord: Realoded `tasks.py` | Ausgeführt von icefreestyler.luca(714361420409733171)
[2026-02-18 19-19-56] [INFO    ] discord: Realoded `tasks.py` | Ausgeführt von icefreestyler.luca(714361420409733171)
[2026-02-18 19-19-56] [INFO    ] discord: Realoded `tasks.py` | Ausgeführt von icefreestyler.luca(714361420409733171)
[2026-02-18 19-19-56] [INFO    ] discord: Realoded `tasks.py` | Ausgeführt von icefreestyler.luca(714361420409733171)
[2026-02-18 19-19-56] [INFO    ] discord: Realoded `tasks.py` | Ausgeführt von icefreestyler.luca(714361420409733171)
[2026-02-18 19-19-56] [INFO    ] discord: Realoded `tasks.py` | Ausgeführt von icefreestyler.luca(714361420409733171)
[2026-02-18 19-19-56] [INFO    ] discord: Realoded `tasks.py` | Ausgeführt von icefreestyler.luca(714361420409733171)
[2026-02-18 19-20-14] [ERROR   ] discord: Unbekannter Fehler aufgetretten! Datenbank Fehler
[2026-02-18 19-20-14] [ERROR   ] discord: Unbekannter Fehler aufgetretten! Datenbank Fehler
[2026-02-18 19-20-14] [ERROR   ] discord: Unbekannter Fehler aufgetretten! Datenbank Fehler
[2026-02-18 19-20-14] [ERROR   ] discord: Unbekannter Fehler aufgetretten! Datenbank Fehler
[2026-02-18 19-20-14] [ERROR   ] discord: Unbekannter Fehler aufgetretten! Datenbank Fehler
[2026-02-18 19-20-14] [ERROR   ] discord: Unbekannter Fehler aufgetretten! Datenbank Fehler
[2026-02-18 19-20-14] [ERROR   ] discord: Unbekannter Fehler aufgetretten! Datenbank Fehler
[2026-02-18 19-22-17] [INFO    ] discord: Realoded `tasks.py` | Ausgeführt von icefreestyler.luca(714361420409733171)
[2026-02-18 19-22-17] [INFO    ] discord: Realoded `tasks.py` | Ausgeführt von icefreestyler.luca(714361420409733171)
[2026-02-18 19-22-17] [INFO    ] discord: Realoded `tasks.py` | Ausgeführt von icefreestyler.luca(714361420409733171)
[2026-02-18 19-22-17] [INFO    ] discord: Realoded `tasks.py` | Ausgeführt von icefreestyler.luca(714361420409733171)
[2026-02-18 19-22-17] [INFO    ] discord: Realoded `tasks.py` | Ausgeführt von icefreestyler.luca(714361420409733171)
[2026-02-18 19-22-17] [INFO    ] discord: Realoded `tasks.py` | Ausgeführt von icefreestyler.luca(714361420409733171)
[2026-02-18 19-22-17] [INFO    ] discord: Realoded `tasks.py` | Ausgeführt von icefreestyler.luca(714361420409733171)
[2026-02-18 19-22-17] [INFO    ] discord: Realoded `tasks.py` | Ausgeführt von icefreestyler.luca(714361420409733171)
[2026-02-18 19-22-57] [ERROR   ] discord: Unbekannter Fehler aufgetretten! Datenbank Fehler
[2026-02-18 19-22-57] [ERROR   ] discord: Unbekannter Fehler aufgetretten! Datenbank Fehler
[2026-02-18 19-22-57] [ERROR   ] discord: Unbekannter Fehler aufgetretten! Datenbank Fehler
[2026-02-18 19-22-57] [ERROR   ] discord: Unbekannter Fehler aufgetretten! Datenbank Fehler
[2026-02-18 19-22-57] [ERROR   ] discord: Unbekannter Fehler aufgetretten! Datenbank Fehler
[2026-02-18 19-22-57] [ERROR   ] discord: Unbekannter Fehler aufgetretten! Datenbank Fehler
[2026-02-18 19-22-57] [ERROR   ] discord: Unbekannter Fehler aufgetretten! Datenbank Fehler
[2026-02-18 19-22-57] [ERROR   ] discord: Unbekannter Fehler aufgetretten! Datenbank Fehler
[2026-02-18 19-28-54] [INFO    ] discord: Realoded `tasks.py` | Ausgeführt von icefreestyler.luca(714361420409733171)
[2026-02-18 19-28-54] [INFO    ] discord: Realoded `tasks.py` | Ausgeführt von icefreestyler.luca(714361420409733171)
[2026-02-18 19-28-54] [INFO    ] discord: Realoded `tasks.py` | Ausgeführt von icefreestyler.luca(714361420409733171)
[2026-02-18 19-28-54] [INFO    ] discord: Realoded `tasks.py` | Ausgeführt von icefreestyler.luca(714361420409733171)
[2026-02-18 19-28-54] [INFO    ] discord: Realoded `tasks.py` | Ausgeführt von icefreestyler.luca(714361420409733171)
[2026-02-18 19-28-54] [INFO    ] discord: Realoded `tasks.py` | Ausgeführt von icefreestyler.luca(714361420409733171)
[2026-02-18 19-28-54] [INFO    ] discord: Realoded `tasks.py` | Ausgeführt von icefreestyler.luca(714361420409733171)
[2026-02-18 19-28-54] [INFO    ] discord: Realoded `tasks.py` | Ausgeführt von icefreestyler.luca(714361420409733171)
[2026-02-18 19-28-54] [INFO    ] discord: Realoded `tasks.py` | Ausgeführt von icefreestyler.luca(714361420409733171)
[2026-02-18 19-30-37] [ERROR   ] discord.ext.commands.bot: Ignoring exception in command None
discord.ext.commands.errors.CommandNotFound: Command "realod" is not found
[2026-02-18 19-30-37] [ERROR   ] discord.ext.commands.bot: Ignoring exception in command None
discord.ext.commands.errors.CommandNotFound: Command "realod" is not found
[2026-02-18 19-30-37] [ERROR   ] discord.ext.commands.bot: Ignoring exception in command None
discord.ext.commands.errors.CommandNotFound: Command "realod" is not found
[2026-02-18 19-30-37] [ERROR   ] discord.ext.commands.bot: Ignoring exception in command None
discord.ext.commands.errors.CommandNotFound: Command "realod" is not found
[2026-02-18 19-30-37] [ERROR   ] discord.ext.commands.bot: Ignoring exception in command None
discord.ext.commands.errors.CommandNotFound: Command "realod" is not found
[2026-02-18 19-30-37] [ERROR   ] discord.ext.commands.bot: Ignoring exception in command None
discord.ext.commands.errors.CommandNotFound: Command "realod" is not found
[2026-02-18 19-30-37] [ERROR   ] discord.ext.commands.bot: Ignoring exception in command None
discord.ext.commands.errors.CommandNotFound: Command "realod" is not found
[2026-02-18 19-30-37] [ERROR   ] discord.ext.commands.bot: Ignoring exception in command None
discord.ext.commands.errors.CommandNotFound: Command "realod" is not found
[2026-02-18 19-30-37] [ERROR   ] discord.ext.commands.bot: Ignoring exception in command None
discord.ext.commands.errors.CommandNotFound: Command "realod" is not found
[2026-02-18 19-30-47] [INFO    ] discord: Realoded `tasks.py` | Ausgeführt von icefreestyler.luca(714361420409733171)
[2026-02-18 19-30-47] [INFO    ] discord: Realoded `tasks.py` | Ausgeführt von icefreestyler.luca(714361420409733171)
[2026-02-18 19-30-47] [INFO    ] discord: Realoded `tasks.py` | Ausgeführt von icefreestyler.luca(714361420409733171)
[2026-02-18 19-30-47] [INFO    ] discord: Realoded `tasks.py` | Ausgeführt von icefreestyler.luca(714361420409733171)
[2026-02-18 19-30-47] [INFO    ] discord: Realoded `tasks.py` | Ausgeführt von icefreestyler.luca(714361420409733171)
[2026-02-18 19-30-47] [INFO    ] discord: Realoded `tasks.py` | Ausgeführt von icefreestyler.luca(714361420409733171)
[2026-02-18 19-30-47] [INFO    ] discord: Realoded `tasks.py` | Ausgeführt von icefreestyler.luca(714361420409733171)
[2026-02-18 19-30-47] [INFO    ] discord: Realoded `tasks.py` | Ausgeführt von icefreestyler.luca(714361420409733171)
[2026-02-18 19-30-47] [INFO    ] discord: Realoded `tasks.py` | Ausgeführt von icefreestyler.luca(714361420409733171)
[2026-02-18 19-30-47] [INFO    ] discord: Realoded `tasks.py` | Ausgeführt von icefreestyler.luca(714361420409733171)
[2026-02-18 19-31-51] [INFO    ] discord.gateway: Shard ID None has connected to Gateway (Session ID: a06612b2c114a2b383cb4b4f6306e300).
[2026-02-18 19-31-51] [INFO    ] discord.gateway: Shard ID None has connected to Gateway (Session ID: a06612b2c114a2b383cb4b4f6306e300).
[2026-02-18 19-34-47] [INFO    ] discord.gateway: Shard ID None has connected to Gateway (Session ID: 25dab18d2832113a83710d1d7dac92e6).
[2026-02-18 19-34-47] [INFO    ] discord.gateway: Shard ID None has connected to Gateway (Session ID: 25dab18d2832113a83710d1d7dac92e6).
[2026-02-18 19-35-01] [INFO    ] discord: Es wurden 0 Befehle synchronisiert. | Ausgeführt von icefreestyler.luca
[2026-02-18 19-35-01] [INFO    ] discord: Es wurden 0 Befehle synchronisiert. | Ausgeführt von icefreestyler.luca
[2026-02-18 19-35-11] [ERROR   ] discord.ext.commands.bot: Ignoring exception in command sync
Traceback (most recent call last):
  File "/usr/local/python/3.12.1/lib/python3.12/site-packages/discord/ext/commands/core.py", line 266, in wrapped
    ret = await coro(*args, **kwargs)
          ^^^^^^^^^^^^^^^^^^^^^^^^^^^
  File "/workspaces/Nexory/datein/developer.py", line 48, in sync
    status_task.start(self.bot)
  File "/usr/local/python/3.12.1/lib/python3.12/site-packages/discord/ext/tasks/__init__.py", line 407, in start
    raise RuntimeError('Task is already launched and is not completed.')
RuntimeError: Task is already launched and is not completed.

The above exception was the direct cause of the following exception:

Traceback (most recent call last):
  File "/usr/local/python/3.12.1/lib/python3.12/site-packages/discord/ext/commands/bot.py", line 1376, in invoke
    await ctx.command.invoke(ctx)
  File "/usr/local/python/3.12.1/lib/python3.12/site-packages/discord/ext/commands/core.py", line 1064, in invoke
    await injected(*ctx.args, **ctx.kwargs)  # type: ignore
    ^^^^^^^^^^^^^^^^^^^^^^^^^^^^^^^^^^^^^^^
  File "/usr/local/python/3.12.1/lib/python3.12/site-packages/discord/ext/commands/core.py", line 275, in wrapped
    raise CommandInvokeError(exc) from exc
discord.ext.commands.errors.CommandInvokeError: Command raised an exception: RuntimeError: Task is already launched and is not completed.
[2026-02-18 19-35-11] [ERROR   ] discord.ext.commands.bot: Ignoring exception in command sync
Traceback (most recent call last):
  File "/usr/local/python/3.12.1/lib/python3.12/site-packages/discord/ext/commands/core.py", line 266, in wrapped
    ret = await coro(*args, **kwargs)
          ^^^^^^^^^^^^^^^^^^^^^^^^^^^
  File "/workspaces/Nexory/datein/developer.py", line 48, in sync
    status_task.start(self.bot)
  File "/usr/local/python/3.12.1/lib/python3.12/site-packages/discord/ext/tasks/__init__.py", line 407, in start
    raise RuntimeError('Task is already launched and is not completed.')
RuntimeError: Task is already launched and is not completed.

The above exception was the direct cause of the following exception:

Traceback (most recent call last):
  File "/usr/local/python/3.12.1/lib/python3.12/site-packages/discord/ext/commands/bot.py", line 1376, in invoke
    await ctx.command.invoke(ctx)
  File "/usr/local/python/3.12.1/lib/python3.12/site-packages/discord/ext/commands/core.py", line 1064, in invoke
    await injected(*ctx.args, **ctx.kwargs)  # type: ignore
    ^^^^^^^^^^^^^^^^^^^^^^^^^^^^^^^^^^^^^^^
  File "/usr/local/python/3.12.1/lib/python3.12/site-packages/discord/ext/commands/core.py", line 275, in wrapped
    raise CommandInvokeError(exc) from exc
discord.ext.commands.errors.CommandInvokeError: Command raised an exception: RuntimeError: Task is already launched and is not completed.
[2026-02-18 19-37-45] [ERROR   ] discord.ext.commands.bot: Ignoring exception in command sync
Traceback (most recent call last):
  File "/usr/local/python/3.12.1/lib/python3.12/site-packages/discord/ext/commands/core.py", line 266, in wrapped
    ret = await coro(*args, **kwargs)
          ^^^^^^^^^^^^^^^^^^^^^^^^^^^
  File "/workspaces/Nexory/datein/developer.py", line 48, in sync
    status_task.start(self.bot)
  File "/usr/local/python/3.12.1/lib/python3.12/site-packages/discord/ext/tasks/__init__.py", line 407, in start
    raise RuntimeError('Task is already launched and is not completed.')
RuntimeError: Task is already launched and is not completed.

The above exception was the direct cause of the following exception:

Traceback (most recent call last):
  File "/usr/local/python/3.12.1/lib/python3.12/site-packages/discord/ext/commands/bot.py", line 1376, in invoke
    await ctx.command.invoke(ctx)
  File "/usr/local/python/3.12.1/lib/python3.12/site-packages/discord/ext/commands/core.py", line 1064, in invoke
    await injected(*ctx.args, **ctx.kwargs)  # type: ignore
    ^^^^^^^^^^^^^^^^^^^^^^^^^^^^^^^^^^^^^^^
  File "/usr/local/python/3.12.1/lib/python3.12/site-packages/discord/ext/commands/core.py", line 275, in wrapped
    raise CommandInvokeError(exc) from exc
discord.ext.commands.errors.CommandInvokeError: Command raised an exception: RuntimeError: Task is already launched and is not completed.
[2026-02-18 19-37-45] [ERROR   ] discord.ext.commands.bot: Ignoring exception in command sync
Traceback (most recent call last):
  File "/usr/local/python/3.12.1/lib/python3.12/site-packages/discord/ext/commands/core.py", line 266, in wrapped
    ret = await coro(*args, **kwargs)
          ^^^^^^^^^^^^^^^^^^^^^^^^^^^
  File "/workspaces/Nexory/datein/developer.py", line 48, in sync
    status_task.start(self.bot)
  File "/usr/local/python/3.12.1/lib/python3.12/site-packages/discord/ext/tasks/__init__.py", line 407, in start
    raise RuntimeError('Task is already launched and is not completed.')
RuntimeError: Task is already launched and is not completed.

The above exception was the direct cause of the following exception:

Traceback (most recent call last):
  File "/usr/local/python/3.12.1/lib/python3.12/site-packages/discord/ext/commands/bot.py", line 1376, in invoke
    await ctx.command.invoke(ctx)
  File "/usr/local/python/3.12.1/lib/python3.12/site-packages/discord/ext/commands/core.py", line 1064, in invoke
    await injected(*ctx.args, **ctx.kwargs)  # type: ignore
    ^^^^^^^^^^^^^^^^^^^^^^^^^^^^^^^^^^^^^^^
  File "/usr/local/python/3.12.1/lib/python3.12/site-packages/discord/ext/commands/core.py", line 275, in wrapped
    raise CommandInvokeError(exc) from exc
discord.ext.commands.errors.CommandInvokeError: Command raised an exception: RuntimeError: Task is already launched and is not completed.
[2026-02-18 19-38-02] [ERROR   ] discord: Unbekannter Fehler aufgetretten! (1146, "Table 's7168_DeadShot.nexory_tasks' doesn't exist")
[2026-02-18 19-38-02] [ERROR   ] discord: Unbekannter Fehler aufgetretten! (1146, "Table 's7168_DeadShot.nexory_tasks' doesn't exist")
[2026-02-18 19-44-41] [INFO    ] discord: Realoded `tasks.py` | Ausgeführt von icefreestyler.luca(714361420409733171)
[2026-02-18 19-44-41] [INFO    ] discord: Realoded `tasks.py` | Ausgeführt von icefreestyler.luca(714361420409733171)
[2026-02-18 19-44-41] [INFO    ] discord: Realoded `tasks.py` | Ausgeführt von icefreestyler.luca(714361420409733171)
[2026-02-18 19-44-45] [ERROR   ] discord.ext.commands.bot: Ignoring exception in command sync
Traceback (most recent call last):
  File "/usr/local/python/3.12.1/lib/python3.12/site-packages/discord/ext/commands/core.py", line 266, in wrapped
    ret = await coro(*args, **kwargs)
          ^^^^^^^^^^^^^^^^^^^^^^^^^^^
  File "/workspaces/Nexory/datein/developer.py", line 48, in sync
    status_task.start(self.bot)
  File "/usr/local/python/3.12.1/lib/python3.12/site-packages/discord/ext/tasks/__init__.py", line 407, in start
    raise RuntimeError('Task is already launched and is not completed.')
RuntimeError: Task is already launched and is not completed.

The above exception was the direct cause of the following exception:

Traceback (most recent call last):
  File "/usr/local/python/3.12.1/lib/python3.12/site-packages/discord/ext/commands/bot.py", line 1376, in invoke
    await ctx.command.invoke(ctx)
  File "/usr/local/python/3.12.1/lib/python3.12/site-packages/discord/ext/commands/core.py", line 1064, in invoke
    await injected(*ctx.args, **ctx.kwargs)  # type: ignore
    ^^^^^^^^^^^^^^^^^^^^^^^^^^^^^^^^^^^^^^^
  File "/usr/local/python/3.12.1/lib/python3.12/site-packages/discord/ext/commands/core.py", line 275, in wrapped
    raise CommandInvokeError(exc) from exc
discord.ext.commands.errors.CommandInvokeError: Command raised an exception: RuntimeError: Task is already launched and is not completed.
[2026-02-18 19-44-45] [ERROR   ] discord.ext.commands.bot: Ignoring exception in command sync
Traceback (most recent call last):
  File "/usr/local/python/3.12.1/lib/python3.12/site-packages/discord/ext/commands/core.py", line 266, in wrapped
    ret = await coro(*args, **kwargs)
          ^^^^^^^^^^^^^^^^^^^^^^^^^^^
  File "/workspaces/Nexory/datein/developer.py", line 48, in sync
    status_task.start(self.bot)
  File "/usr/local/python/3.12.1/lib/python3.12/site-packages/discord/ext/tasks/__init__.py", line 407, in start
    raise RuntimeError('Task is already launched and is not completed.')
RuntimeError: Task is already launched and is not completed.

The above exception was the direct cause of the following exception:

Traceback (most recent call last):
  File "/usr/local/python/3.12.1/lib/python3.12/site-packages/discord/ext/commands/bot.py", line 1376, in invoke
    await ctx.command.invoke(ctx)
  File "/usr/local/python/3.12.1/lib/python3.12/site-packages/discord/ext/commands/core.py", line 1064, in invoke
    await injected(*ctx.args, **ctx.kwargs)  # type: ignore
    ^^^^^^^^^^^^^^^^^^^^^^^^^^^^^^^^^^^^^^^
  File "/usr/local/python/3.12.1/lib/python3.12/site-packages/discord/ext/commands/core.py", line 275, in wrapped
    raise CommandInvokeError(exc) from exc
discord.ext.commands.errors.CommandInvokeError: Command raised an exception: RuntimeError: Task is already launched and is not completed.
[2026-02-18 19-44-45] [ERROR   ] discord.ext.commands.bot: Ignoring exception in command sync
Traceback (most recent call last):
  File "/usr/local/python/3.12.1/lib/python3.12/site-packages/discord/ext/commands/core.py", line 266, in wrapped
    ret = await coro(*args, **kwargs)
          ^^^^^^^^^^^^^^^^^^^^^^^^^^^
  File "/workspaces/Nexory/datein/developer.py", line 48, in sync
    status_task.start(self.bot)
  File "/usr/local/python/3.12.1/lib/python3.12/site-packages/discord/ext/tasks/__init__.py", line 407, in start
    raise RuntimeError('Task is already launched and is not completed.')
RuntimeError: Task is already launched and is not completed.

The above exception was the direct cause of the following exception:

Traceback (most recent call last):
  File "/usr/local/python/3.12.1/lib/python3.12/site-packages/discord/ext/commands/bot.py", line 1376, in invoke
    await ctx.command.invoke(ctx)
  File "/usr/local/python/3.12.1/lib/python3.12/site-packages/discord/ext/commands/core.py", line 1064, in invoke
    await injected(*ctx.args, **ctx.kwargs)  # type: ignore
    ^^^^^^^^^^^^^^^^^^^^^^^^^^^^^^^^^^^^^^^
  File "/usr/local/python/3.12.1/lib/python3.12/site-packages/discord/ext/commands/core.py", line 275, in wrapped
    raise CommandInvokeError(exc) from exc
discord.ext.commands.errors.CommandInvokeError: Command raised an exception: RuntimeError: Task is already launched and is not completed.
[2026-02-18 19-44-47] [ERROR   ] discord.ext.commands.bot: Ignoring exception in command sync
Traceback (most recent call last):
  File "/usr/local/python/3.12.1/lib/python3.12/site-packages/discord/ext/commands/core.py", line 266, in wrapped
    ret = await coro(*args, **kwargs)
          ^^^^^^^^^^^^^^^^^^^^^^^^^^^
  File "/workspaces/Nexory/datein/developer.py", line 48, in sync
    status_task.start(self.bot)
  File "/usr/local/python/3.12.1/lib/python3.12/site-packages/discord/ext/tasks/__init__.py", line 407, in start
    raise RuntimeError('Task is already launched and is not completed.')
RuntimeError: Task is already launched and is not completed.

The above exception was the direct cause of the following exception:

Traceback (most recent call last):
  File "/usr/local/python/3.12.1/lib/python3.12/site-packages/discord/ext/commands/bot.py", line 1376, in invoke
    await ctx.command.invoke(ctx)
  File "/usr/local/python/3.12.1/lib/python3.12/site-packages/discord/ext/commands/core.py", line 1064, in invoke
    await injected(*ctx.args, **ctx.kwargs)  # type: ignore
    ^^^^^^^^^^^^^^^^^^^^^^^^^^^^^^^^^^^^^^^
  File "/usr/local/python/3.12.1/lib/python3.12/site-packages/discord/ext/commands/core.py", line 275, in wrapped
    raise CommandInvokeError(exc) from exc
discord.ext.commands.errors.CommandInvokeError: Command raised an exception: RuntimeError: Task is already launched and is not completed.
[2026-02-18 19-44-47] [ERROR   ] discord.ext.commands.bot: Ignoring exception in command sync
Traceback (most recent call last):
  File "/usr/local/python/3.12.1/lib/python3.12/site-packages/discord/ext/commands/core.py", line 266, in wrapped
    ret = await coro(*args, **kwargs)
          ^^^^^^^^^^^^^^^^^^^^^^^^^^^
  File "/workspaces/Nexory/datein/developer.py", line 48, in sync
    status_task.start(self.bot)
  File "/usr/local/python/3.12.1/lib/python3.12/site-packages/discord/ext/tasks/__init__.py", line 407, in start
    raise RuntimeError('Task is already launched and is not completed.')
RuntimeError: Task is already launched and is not completed.

The above exception was the direct cause of the following exception:

Traceback (most recent call last):
  File "/usr/local/python/3.12.1/lib/python3.12/site-packages/discord/ext/commands/bot.py", line 1376, in invoke
    await ctx.command.invoke(ctx)
  File "/usr/local/python/3.12.1/lib/python3.12/site-packages/discord/ext/commands/core.py", line 1064, in invoke
    await injected(*ctx.args, **ctx.kwargs)  # type: ignore
    ^^^^^^^^^^^^^^^^^^^^^^^^^^^^^^^^^^^^^^^
  File "/usr/local/python/3.12.1/lib/python3.12/site-packages/discord/ext/commands/core.py", line 275, in wrapped
    raise CommandInvokeError(exc) from exc
discord.ext.commands.errors.CommandInvokeError: Command raised an exception: RuntimeError: Task is already launched and is not completed.
[2026-02-18 19-44-47] [ERROR   ] discord.ext.commands.bot: Ignoring exception in command sync
Traceback (most recent call last):
  File "/usr/local/python/3.12.1/lib/python3.12/site-packages/discord/ext/commands/core.py", line 266, in wrapped
    ret = await coro(*args, **kwargs)
          ^^^^^^^^^^^^^^^^^^^^^^^^^^^
  File "/workspaces/Nexory/datein/developer.py", line 48, in sync
    status_task.start(self.bot)
  File "/usr/local/python/3.12.1/lib/python3.12/site-packages/discord/ext/tasks/__init__.py", line 407, in start
    raise RuntimeError('Task is already launched and is not completed.')
RuntimeError: Task is already launched and is not completed.

The above exception was the direct cause of the following exception:

Traceback (most recent call last):
  File "/usr/local/python/3.12.1/lib/python3.12/site-packages/discord/ext/commands/bot.py", line 1376, in invoke
    await ctx.command.invoke(ctx)
  File "/usr/local/python/3.12.1/lib/python3.12/site-packages/discord/ext/commands/core.py", line 1064, in invoke
    await injected(*ctx.args, **ctx.kwargs)  # type: ignore
    ^^^^^^^^^^^^^^^^^^^^^^^^^^^^^^^^^^^^^^^
  File "/usr/local/python/3.12.1/lib/python3.12/site-packages/discord/ext/commands/core.py", line 275, in wrapped
    raise CommandInvokeError(exc) from exc
discord.ext.commands.errors.CommandInvokeError: Command raised an exception: RuntimeError: Task is already launched and is not completed.
[2026-02-18 19-45-16] [ERROR   ] discord.app_commands.tree: Ignoring exception in command 'create'
Traceback (most recent call last):
  File "/usr/local/python/3.12.1/lib/python3.12/site-packages/discord/app_commands/commands.py", line 858, in _do_call
    return await self._callback(self.binding, interaction, **params)  # type: ignore
           ^^^^^^^^^^^^^^^^^^^^^^^^^^^^^^^^^^^^^^^^^^^^^^^^^^^^^^^^^
  File "/workspaces/Nexory/datein/tasks.py", line 167, in create_guild
    await interaction.response.send_modal(CreateModal("guild"))
                                          ^^^^^^^^^^^^^^^^^^^^
TypeError: CreateModal.__init__() takes 1 positional argument but 2 were given

The above exception was the direct cause of the following exception:

Traceback (most recent call last):
  File "/usr/local/python/3.12.1/lib/python3.12/site-packages/discord/app_commands/tree.py", line 1297, in _call
    await command._invoke_with_namespace(interaction, namespace)
  File "/usr/local/python/3.12.1/lib/python3.12/site-packages/discord/app_commands/commands.py", line 884, in _invoke_with_namespace
    return await self._do_call(interaction, transformed_values)
           ^^^^^^^^^^^^^^^^^^^^^^^^^^^^^^^^^^^^^^^^^^^^^^^^^^^^
  File "/usr/local/python/3.12.1/lib/python3.12/site-packages/discord/app_commands/commands.py", line 873, in _do_call
    raise CommandInvokeError(self, e) from e
discord.app_commands.errors.CommandInvokeError: Command 'create' raised an exception: TypeError: CreateModal.__init__() takes 1 positional argument but 2 were given
[2026-02-18 19-45-16] [ERROR   ] discord.app_commands.tree: Ignoring exception in command 'create'
Traceback (most recent call last):
  File "/usr/local/python/3.12.1/lib/python3.12/site-packages/discord/app_commands/commands.py", line 858, in _do_call
    return await self._callback(self.binding, interaction, **params)  # type: ignore
           ^^^^^^^^^^^^^^^^^^^^^^^^^^^^^^^^^^^^^^^^^^^^^^^^^^^^^^^^^
  File "/workspaces/Nexory/datein/tasks.py", line 167, in create_guild
    await interaction.response.send_modal(CreateModal("guild"))
                                          ^^^^^^^^^^^^^^^^^^^^
TypeError: CreateModal.__init__() takes 1 positional argument but 2 were given

The above exception was the direct cause of the following exception:

Traceback (most recent call last):
  File "/usr/local/python/3.12.1/lib/python3.12/site-packages/discord/app_commands/tree.py", line 1297, in _call
    await command._invoke_with_namespace(interaction, namespace)
  File "/usr/local/python/3.12.1/lib/python3.12/site-packages/discord/app_commands/commands.py", line 884, in _invoke_with_namespace
    return await self._do_call(interaction, transformed_values)
           ^^^^^^^^^^^^^^^^^^^^^^^^^^^^^^^^^^^^^^^^^^^^^^^^^^^^
  File "/usr/local/python/3.12.1/lib/python3.12/site-packages/discord/app_commands/commands.py", line 873, in _do_call
    raise CommandInvokeError(self, e) from e
discord.app_commands.errors.CommandInvokeError: Command 'create' raised an exception: TypeError: CreateModal.__init__() takes 1 positional argument but 2 were given
[2026-02-18 19-45-16] [ERROR   ] discord.app_commands.tree: Ignoring exception in command 'create'
Traceback (most recent call last):
  File "/usr/local/python/3.12.1/lib/python3.12/site-packages/discord/app_commands/commands.py", line 858, in _do_call
    return await self._callback(self.binding, interaction, **params)  # type: ignore
           ^^^^^^^^^^^^^^^^^^^^^^^^^^^^^^^^^^^^^^^^^^^^^^^^^^^^^^^^^
  File "/workspaces/Nexory/datein/tasks.py", line 167, in create_guild
    await interaction.response.send_modal(CreateModal("guild"))
                                          ^^^^^^^^^^^^^^^^^^^^
TypeError: CreateModal.__init__() takes 1 positional argument but 2 were given

The above exception was the direct cause of the following exception:

Traceback (most recent call last):
  File "/usr/local/python/3.12.1/lib/python3.12/site-packages/discord/app_commands/tree.py", line 1297, in _call
    await command._invoke_with_namespace(interaction, namespace)
  File "/usr/local/python/3.12.1/lib/python3.12/site-packages/discord/app_commands/commands.py", line 884, in _invoke_with_namespace
    return await self._do_call(interaction, transformed_values)
           ^^^^^^^^^^^^^^^^^^^^^^^^^^^^^^^^^^^^^^^^^^^^^^^^^^^^
  File "/usr/local/python/3.12.1/lib/python3.12/site-packages/discord/app_commands/commands.py", line 873, in _do_call
    raise CommandInvokeError(self, e) from e
discord.app_commands.errors.CommandInvokeError: Command 'create' raised an exception: TypeError: CreateModal.__init__() takes 1 positional argument but 2 were given
[2026-02-18 19-48-13] [INFO    ] discord: Realoded `tasks.py` | Ausgeführt von icefreestyler.luca(714361420409733171)
[2026-02-18 19-48-13] [INFO    ] discord: Realoded `tasks.py` | Ausgeführt von icefreestyler.luca(714361420409733171)
[2026-02-18 19-48-13] [INFO    ] discord: Realoded `tasks.py` | Ausgeführt von icefreestyler.luca(714361420409733171)
[2026-02-18 19-48-13] [INFO    ] discord: Realoded `tasks.py` | Ausgeführt von icefreestyler.luca(714361420409733171)
[2026-02-18 19-50-55] [INFO    ] discord: Realoded `tasks.py` | Ausgeführt von icefreestyler.luca(714361420409733171)
[2026-02-18 19-50-55] [INFO    ] discord: Realoded `tasks.py` | Ausgeführt von icefreestyler.luca(714361420409733171)
[2026-02-18 19-50-55] [INFO    ] discord: Realoded `tasks.py` | Ausgeführt von icefreestyler.luca(714361420409733171)
[2026-02-18 19-50-55] [INFO    ] discord: Realoded `tasks.py` | Ausgeführt von icefreestyler.luca(714361420409733171)
[2026-02-18 19-50-55] [INFO    ] discord: Realoded `tasks.py` | Ausgeführt von icefreestyler.luca(714361420409733171)
[2026-02-18 19-51-44] [ERROR   ] discord.ext.commands.bot: Ignoring exception in command sync
Traceback (most recent call last):
  File "/usr/local/python/3.12.1/lib/python3.12/site-packages/discord/ext/commands/core.py", line 266, in wrapped
    ret = await coro(*args, **kwargs)
          ^^^^^^^^^^^^^^^^^^^^^^^^^^^
  File "/workspaces/Nexory/datein/developer.py", line 48, in sync
    status_task.start(self.bot)
  File "/usr/local/python/3.12.1/lib/python3.12/site-packages/discord/ext/tasks/__init__.py", line 407, in start
    raise RuntimeError('Task is already launched and is not completed.')
RuntimeError: Task is already launched and is not completed.

The above exception was the direct cause of the following exception:

Traceback (most recent call last):
  File "/usr/local/python/3.12.1/lib/python3.12/site-packages/discord/ext/commands/bot.py", line 1376, in invoke
    await ctx.command.invoke(ctx)
  File "/usr/local/python/3.12.1/lib/python3.12/site-packages/discord/ext/commands/core.py", line 1064, in invoke
    await injected(*ctx.args, **ctx.kwargs)  # type: ignore
    ^^^^^^^^^^^^^^^^^^^^^^^^^^^^^^^^^^^^^^^
  File "/usr/local/python/3.12.1/lib/python3.12/site-packages/discord/ext/commands/core.py", line 275, in wrapped
    raise CommandInvokeError(exc) from exc
discord.ext.commands.errors.CommandInvokeError: Command raised an exception: RuntimeError: Task is already launched and is not completed.
[2026-02-18 19-51-44] [ERROR   ] discord.ext.commands.bot: Ignoring exception in command sync
Traceback (most recent call last):
  File "/usr/local/python/3.12.1/lib/python3.12/site-packages/discord/ext/commands/core.py", line 266, in wrapped
    ret = await coro(*args, **kwargs)
          ^^^^^^^^^^^^^^^^^^^^^^^^^^^
  File "/workspaces/Nexory/datein/developer.py", line 48, in sync
    status_task.start(self.bot)
  File "/usr/local/python/3.12.1/lib/python3.12/site-packages/discord/ext/tasks/__init__.py", line 407, in start
    raise RuntimeError('Task is already launched and is not completed.')
RuntimeError: Task is already launched and is not completed.

The above exception was the direct cause of the following exception:

Traceback (most recent call last):
  File "/usr/local/python/3.12.1/lib/python3.12/site-packages/discord/ext/commands/bot.py", line 1376, in invoke
    await ctx.command.invoke(ctx)
  File "/usr/local/python/3.12.1/lib/python3.12/site-packages/discord/ext/commands/core.py", line 1064, in invoke
    await injected(*ctx.args, **ctx.kwargs)  # type: ignore
    ^^^^^^^^^^^^^^^^^^^^^^^^^^^^^^^^^^^^^^^
  File "/usr/local/python/3.12.1/lib/python3.12/site-packages/discord/ext/commands/core.py", line 275, in wrapped
    raise CommandInvokeError(exc) from exc
discord.ext.commands.errors.CommandInvokeError: Command raised an exception: RuntimeError: Task is already launched and is not completed.
[2026-02-18 19-51-44] [ERROR   ] discord.ext.commands.bot: Ignoring exception in command sync
Traceback (most recent call last):
  File "/usr/local/python/3.12.1/lib/python3.12/site-packages/discord/ext/commands/core.py", line 266, in wrapped
    ret = await coro(*args, **kwargs)
          ^^^^^^^^^^^^^^^^^^^^^^^^^^^
  File "/workspaces/Nexory/datein/developer.py", line 48, in sync
    status_task.start(self.bot)
  File "/usr/local/python/3.12.1/lib/python3.12/site-packages/discord/ext/tasks/__init__.py", line 407, in start
    raise RuntimeError('Task is already launched and is not completed.')
RuntimeError: Task is already launched and is not completed.

The above exception was the direct cause of the following exception:

Traceback (most recent call last):
  File "/usr/local/python/3.12.1/lib/python3.12/site-packages/discord/ext/commands/bot.py", line 1376, in invoke
    await ctx.command.invoke(ctx)
  File "/usr/local/python/3.12.1/lib/python3.12/site-packages/discord/ext/commands/core.py", line 1064, in invoke
    await injected(*ctx.args, **ctx.kwargs)  # type: ignore
    ^^^^^^^^^^^^^^^^^^^^^^^^^^^^^^^^^^^^^^^
  File "/usr/local/python/3.12.1/lib/python3.12/site-packages/discord/ext/commands/core.py", line 275, in wrapped
    raise CommandInvokeError(exc) from exc
discord.ext.commands.errors.CommandInvokeError: Command raised an exception: RuntimeError: Task is already launched and is not completed.
[2026-02-18 19-51-44] [ERROR   ] discord.ext.commands.bot: Ignoring exception in command sync
Traceback (most recent call last):
  File "/usr/local/python/3.12.1/lib/python3.12/site-packages/discord/ext/commands/core.py", line 266, in wrapped
    ret = await coro(*args, **kwargs)
          ^^^^^^^^^^^^^^^^^^^^^^^^^^^
  File "/workspaces/Nexory/datein/developer.py", line 48, in sync
    status_task.start(self.bot)
  File "/usr/local/python/3.12.1/lib/python3.12/site-packages/discord/ext/tasks/__init__.py", line 407, in start
    raise RuntimeError('Task is already launched and is not completed.')
RuntimeError: Task is already launched and is not completed.

The above exception was the direct cause of the following exception:

Traceback (most recent call last):
  File "/usr/local/python/3.12.1/lib/python3.12/site-packages/discord/ext/commands/bot.py", line 1376, in invoke
    await ctx.command.invoke(ctx)
  File "/usr/local/python/3.12.1/lib/python3.12/site-packages/discord/ext/commands/core.py", line 1064, in invoke
    await injected(*ctx.args, **ctx.kwargs)  # type: ignore
    ^^^^^^^^^^^^^^^^^^^^^^^^^^^^^^^^^^^^^^^
  File "/usr/local/python/3.12.1/lib/python3.12/site-packages/discord/ext/commands/core.py", line 275, in wrapped
    raise CommandInvokeError(exc) from exc
discord.ext.commands.errors.CommandInvokeError: Command raised an exception: RuntimeError: Task is already launched and is not completed.
[2026-02-18 19-51-44] [ERROR   ] discord.ext.commands.bot: Ignoring exception in command sync
Traceback (most recent call last):
  File "/usr/local/python/3.12.1/lib/python3.12/site-packages/discord/ext/commands/core.py", line 266, in wrapped
    ret = await coro(*args, **kwargs)
          ^^^^^^^^^^^^^^^^^^^^^^^^^^^
  File "/workspaces/Nexory/datein/developer.py", line 48, in sync
    status_task.start(self.bot)
  File "/usr/local/python/3.12.1/lib/python3.12/site-packages/discord/ext/tasks/__init__.py", line 407, in start
    raise RuntimeError('Task is already launched and is not completed.')
RuntimeError: Task is already launched and is not completed.

The above exception was the direct cause of the following exception:

Traceback (most recent call last):
  File "/usr/local/python/3.12.1/lib/python3.12/site-packages/discord/ext/commands/bot.py", line 1376, in invoke
    await ctx.command.invoke(ctx)
  File "/usr/local/python/3.12.1/lib/python3.12/site-packages/discord/ext/commands/core.py", line 1064, in invoke
    await injected(*ctx.args, **ctx.kwargs)  # type: ignore
    ^^^^^^^^^^^^^^^^^^^^^^^^^^^^^^^^^^^^^^^
  File "/usr/local/python/3.12.1/lib/python3.12/site-packages/discord/ext/commands/core.py", line 275, in wrapped
    raise CommandInvokeError(exc) from exc
discord.ext.commands.errors.CommandInvokeError: Command raised an exception: RuntimeError: Task is already launched and is not completed.
[2026-02-18 19-51-47] [ERROR   ] discord.ext.commands.bot: Ignoring exception in command sync
Traceback (most recent call last):
  File "/usr/local/python/3.12.1/lib/python3.12/site-packages/discord/ext/commands/core.py", line 266, in wrapped
    ret = await coro(*args, **kwargs)
          ^^^^^^^^^^^^^^^^^^^^^^^^^^^
  File "/workspaces/Nexory/datein/developer.py", line 48, in sync
    status_task.start(self.bot)
  File "/usr/local/python/3.12.1/lib/python3.12/site-packages/discord/ext/tasks/__init__.py", line 407, in start
    raise RuntimeError('Task is already launched and is not completed.')
RuntimeError: Task is already launched and is not completed.

The above exception was the direct cause of the following exception:

Traceback (most recent call last):
  File "/usr/local/python/3.12.1/lib/python3.12/site-packages/discord/ext/commands/bot.py", line 1376, in invoke
    await ctx.command.invoke(ctx)
  File "/usr/local/python/3.12.1/lib/python3.12/site-packages/discord/ext/commands/core.py", line 1064, in invoke
    await injected(*ctx.args, **ctx.kwargs)  # type: ignore
    ^^^^^^^^^^^^^^^^^^^^^^^^^^^^^^^^^^^^^^^
  File "/usr/local/python/3.12.1/lib/python3.12/site-packages/discord/ext/commands/core.py", line 275, in wrapped
    raise CommandInvokeError(exc) from exc
discord.ext.commands.errors.CommandInvokeError: Command raised an exception: RuntimeError: Task is already launched and is not completed.
[2026-02-18 19-51-47] [ERROR   ] discord.ext.commands.bot: Ignoring exception in command sync
Traceback (most recent call last):
  File "/usr/local/python/3.12.1/lib/python3.12/site-packages/discord/ext/commands/core.py", line 266, in wrapped
    ret = await coro(*args, **kwargs)
          ^^^^^^^^^^^^^^^^^^^^^^^^^^^
  File "/workspaces/Nexory/datein/developer.py", line 48, in sync
    status_task.start(self.bot)
  File "/usr/local/python/3.12.1/lib/python3.12/site-packages/discord/ext/tasks/__init__.py", line 407, in start
    raise RuntimeError('Task is already launched and is not completed.')
RuntimeError: Task is already launched and is not completed.

The above exception was the direct cause of the following exception:

Traceback (most recent call last):
  File "/usr/local/python/3.12.1/lib/python3.12/site-packages/discord/ext/commands/bot.py", line 1376, in invoke
    await ctx.command.invoke(ctx)
  File "/usr/local/python/3.12.1/lib/python3.12/site-packages/discord/ext/commands/core.py", line 1064, in invoke
    await injected(*ctx.args, **ctx.kwargs)  # type: ignore
    ^^^^^^^^^^^^^^^^^^^^^^^^^^^^^^^^^^^^^^^
  File "/usr/local/python/3.12.1/lib/python3.12/site-packages/discord/ext/commands/core.py", line 275, in wrapped
    raise CommandInvokeError(exc) from exc
discord.ext.commands.errors.CommandInvokeError: Command raised an exception: RuntimeError: Task is already launched and is not completed.
[2026-02-18 19-51-47] [ERROR   ] discord.ext.commands.bot: Ignoring exception in command sync
Traceback (most recent call last):
  File "/usr/local/python/3.12.1/lib/python3.12/site-packages/discord/ext/commands/core.py", line 266, in wrapped
    ret = await coro(*args, **kwargs)
          ^^^^^^^^^^^^^^^^^^^^^^^^^^^
  File "/workspaces/Nexory/datein/developer.py", line 48, in sync
    status_task.start(self.bot)
  File "/usr/local/python/3.12.1/lib/python3.12/site-packages/discord/ext/tasks/__init__.py", line 407, in start
    raise RuntimeError('Task is already launched and is not completed.')
RuntimeError: Task is already launched and is not completed.

The above exception was the direct cause of the following exception:

Traceback (most recent call last):
  File "/usr/local/python/3.12.1/lib/python3.12/site-packages/discord/ext/commands/bot.py", line 1376, in invoke
    await ctx.command.invoke(ctx)
  File "/usr/local/python/3.12.1/lib/python3.12/site-packages/discord/ext/commands/core.py", line 1064, in invoke
    await injected(*ctx.args, **ctx.kwargs)  # type: ignore
    ^^^^^^^^^^^^^^^^^^^^^^^^^^^^^^^^^^^^^^^
  File "/usr/local/python/3.12.1/lib/python3.12/site-packages/discord/ext/commands/core.py", line 275, in wrapped
    raise CommandInvokeError(exc) from exc
discord.ext.commands.errors.CommandInvokeError: Command raised an exception: RuntimeError: Task is already launched and is not completed.
[2026-02-18 19-51-47] [ERROR   ] discord.ext.commands.bot: Ignoring exception in command sync
Traceback (most recent call last):
  File "/usr/local/python/3.12.1/lib/python3.12/site-packages/discord/ext/commands/core.py", line 266, in wrapped
    ret = await coro(*args, **kwargs)
          ^^^^^^^^^^^^^^^^^^^^^^^^^^^
  File "/workspaces/Nexory/datein/developer.py", line 48, in sync
    status_task.start(self.bot)
  File "/usr/local/python/3.12.1/lib/python3.12/site-packages/discord/ext/tasks/__init__.py", line 407, in start
    raise RuntimeError('Task is already launched and is not completed.')
RuntimeError: Task is already launched and is not completed.

The above exception was the direct cause of the following exception:

Traceback (most recent call last):
  File "/usr/local/python/3.12.1/lib/python3.12/site-packages/discord/ext/commands/bot.py", line 1376, in invoke
    await ctx.command.invoke(ctx)
  File "/usr/local/python/3.12.1/lib/python3.12/site-packages/discord/ext/commands/core.py", line 1064, in invoke
    await injected(*ctx.args, **ctx.kwargs)  # type: ignore
    ^^^^^^^^^^^^^^^^^^^^^^^^^^^^^^^^^^^^^^^
  File "/usr/local/python/3.12.1/lib/python3.12/site-packages/discord/ext/commands/core.py", line 275, in wrapped
    raise CommandInvokeError(exc) from exc
discord.ext.commands.errors.CommandInvokeError: Command raised an exception: RuntimeError: Task is already launched and is not completed.
[2026-02-18 19-51-47] [ERROR   ] discord.ext.commands.bot: Ignoring exception in command sync
Traceback (most recent call last):
  File "/usr/local/python/3.12.1/lib/python3.12/site-packages/discord/ext/commands/core.py", line 266, in wrapped
    ret = await coro(*args, **kwargs)
          ^^^^^^^^^^^^^^^^^^^^^^^^^^^
  File "/workspaces/Nexory/datein/developer.py", line 48, in sync
    status_task.start(self.bot)
  File "/usr/local/python/3.12.1/lib/python3.12/site-packages/discord/ext/tasks/__init__.py", line 407, in start
    raise RuntimeError('Task is already launched and is not completed.')
RuntimeError: Task is already launched and is not completed.

The above exception was the direct cause of the following exception:

Traceback (most recent call last):
  File "/usr/local/python/3.12.1/lib/python3.12/site-packages/discord/ext/commands/bot.py", line 1376, in invoke
    await ctx.command.invoke(ctx)
  File "/usr/local/python/3.12.1/lib/python3.12/site-packages/discord/ext/commands/core.py", line 1064, in invoke
    await injected(*ctx.args, **ctx.kwargs)  # type: ignore
    ^^^^^^^^^^^^^^^^^^^^^^^^^^^^^^^^^^^^^^^
  File "/usr/local/python/3.12.1/lib/python3.12/site-packages/discord/ext/commands/core.py", line 275, in wrapped
    raise CommandInvokeError(exc) from exc
discord.ext.commands.errors.CommandInvokeError: Command raised an exception: RuntimeError: Task is already launched and is not completed.
[2026-02-18 19-58-22] [INFO    ] discord.gateway: Shard ID None has connected to Gateway (Session ID: e01e4ac298b7385e0b8029d24321cd94).
[2026-02-18 19-58-22] [INFO    ] discord.gateway: Shard ID None has connected to Gateway (Session ID: e01e4ac298b7385e0b8029d24321cd94).
[2026-02-18 20-01-31] [ERROR   ] discord.ext.commands.bot: Ignoring exception in command reload
Traceback (most recent call last):
  File "/usr/local/python/3.12.1/lib/python3.12/site-packages/discord/ext/commands/bot.py", line 962, in _load_from_module_spec
    spec.loader.exec_module(lib)  # type: ignore
    ^^^^^^^^^^^^^^^^^^^^^^^^^^^^
  File "<frozen importlib._bootstrap_external>", line 994, in exec_module
  File "<frozen importlib._bootstrap>", line 488, in _call_with_frames_removed
  File "/workspaces/Nexory/datein/tasks.py", line 132, in <module>
    class tasks(commands.Cog):
  File "/workspaces/Nexory/datein/tasks.py", line 178, in tasks
    @tasks_group.command(name="delete", description="Delete a Guild-Task by its title")
     ^^^^^^^^^^^^^^^^^^^^^^^^^^^^^^^^^^^^^^^^^^^^^^^^^^^^^^^^^^^^^^^^^^^^^^^^^^^^^^^^^^
  File "/usr/local/python/3.12.1/lib/python3.12/site-packages/discord/app_commands/commands.py", line 2013, in decorator
    self.add_command(command)
  File "/usr/local/python/3.12.1/lib/python3.12/site-packages/discord/app_commands/commands.py", line 1919, in add_command
    raise CommandAlreadyRegistered(command.name, guild_id=None)
discord.app_commands.errors.CommandAlreadyRegistered: Command 'delete' already registered.

The above exception was the direct cause of the following exception:

Traceback (most recent call last):
  File "/workspaces/Nexory/datein/developer.py", line 56, in reload
    await self.bot.reload_extension(f"datein.{datei_name}")
  File "/usr/local/python/3.12.1/lib/python3.12/site-packages/discord/ext/commands/bot.py", line 1144, in reload_extension
    await self.load_extension(name)
  File "/usr/local/python/3.12.1/lib/python3.12/site-packages/discord/ext/commands/bot.py", line 1040, in load_extension
    await self._load_from_module_spec(spec, name)
  File "/usr/local/python/3.12.1/lib/python3.12/site-packages/discord/ext/commands/bot.py", line 965, in _load_from_module_spec
    raise errors.ExtensionFailed(key, e) from e
discord.ext.commands.errors.ExtensionFailed: Extension 'datein.tasks' raised an error: CommandAlreadyRegistered: Command 'delete' already registered.

During handling of the above exception, another exception occurred:

Traceback (most recent call last):
  File "/usr/local/python/3.12.1/lib/python3.12/site-packages/discord/ext/commands/core.py", line 266, in wrapped
    ret = await coro(*args, **kwargs)
          ^^^^^^^^^^^^^^^^^^^^^^^^^^^
  File "/workspaces/Nexory/datein/developer.py", line 59, in reload
    await self.bot.load_extension(f"datein.{datei_name}")
  File "/usr/local/python/3.12.1/lib/python3.12/site-packages/discord/ext/commands/bot.py", line 1034, in load_extension
    raise errors.ExtensionAlreadyLoaded(name)
discord.ext.commands.errors.ExtensionAlreadyLoaded: Extension 'datein.tasks' is already loaded.

The above exception was the direct cause of the following exception:

Traceback (most recent call last):
  File "/usr/local/python/3.12.1/lib/python3.12/site-packages/discord/ext/commands/bot.py", line 1376, in invoke
    await ctx.command.invoke(ctx)
  File "/usr/local/python/3.12.1/lib/python3.12/site-packages/discord/ext/commands/core.py", line 1064, in invoke
    await injected(*ctx.args, **ctx.kwargs)  # type: ignore
    ^^^^^^^^^^^^^^^^^^^^^^^^^^^^^^^^^^^^^^^
  File "/usr/local/python/3.12.1/lib/python3.12/site-packages/discord/ext/commands/core.py", line 275, in wrapped
    raise CommandInvokeError(exc) from exc
discord.ext.commands.errors.CommandInvokeError: Command raised an exception: ExtensionAlreadyLoaded: Extension 'datein.tasks' is already loaded.
[2026-02-18 20-01-31] [ERROR   ] discord.ext.commands.bot: Ignoring exception in command reload
Traceback (most recent call last):
  File "/usr/local/python/3.12.1/lib/python3.12/site-packages/discord/ext/commands/bot.py", line 962, in _load_from_module_spec
    spec.loader.exec_module(lib)  # type: ignore
    ^^^^^^^^^^^^^^^^^^^^^^^^^^^^
  File "<frozen importlib._bootstrap_external>", line 994, in exec_module
  File "<frozen importlib._bootstrap>", line 488, in _call_with_frames_removed
  File "/workspaces/Nexory/datein/tasks.py", line 132, in <module>
    class tasks(commands.Cog):
  File "/workspaces/Nexory/datein/tasks.py", line 178, in tasks
    @tasks_group.command(name="delete", description="Delete a Guild-Task by its title")
     ^^^^^^^^^^^^^^^^^^^^^^^^^^^^^^^^^^^^^^^^^^^^^^^^^^^^^^^^^^^^^^^^^^^^^^^^^^^^^^^^^^
  File "/usr/local/python/3.12.1/lib/python3.12/site-packages/discord/app_commands/commands.py", line 2013, in decorator
    self.add_command(command)
  File "/usr/local/python/3.12.1/lib/python3.12/site-packages/discord/app_commands/commands.py", line 1919, in add_command
    raise CommandAlreadyRegistered(command.name, guild_id=None)
discord.app_commands.errors.CommandAlreadyRegistered: Command 'delete' already registered.

The above exception was the direct cause of the following exception:

Traceback (most recent call last):
  File "/workspaces/Nexory/datein/developer.py", line 56, in reload
    await self.bot.reload_extension(f"datein.{datei_name}")
  File "/usr/local/python/3.12.1/lib/python3.12/site-packages/discord/ext/commands/bot.py", line 1144, in reload_extension
    await self.load_extension(name)
  File "/usr/local/python/3.12.1/lib/python3.12/site-packages/discord/ext/commands/bot.py", line 1040, in load_extension
    await self._load_from_module_spec(spec, name)
  File "/usr/local/python/3.12.1/lib/python3.12/site-packages/discord/ext/commands/bot.py", line 965, in _load_from_module_spec
    raise errors.ExtensionFailed(key, e) from e
discord.ext.commands.errors.ExtensionFailed: Extension 'datein.tasks' raised an error: CommandAlreadyRegistered: Command 'delete' already registered.

During handling of the above exception, another exception occurred:

Traceback (most recent call last):
  File "/usr/local/python/3.12.1/lib/python3.12/site-packages/discord/ext/commands/core.py", line 266, in wrapped
    ret = await coro(*args, **kwargs)
          ^^^^^^^^^^^^^^^^^^^^^^^^^^^
  File "/workspaces/Nexory/datein/developer.py", line 59, in reload
    await self.bot.load_extension(f"datein.{datei_name}")
  File "/usr/local/python/3.12.1/lib/python3.12/site-packages/discord/ext/commands/bot.py", line 1034, in load_extension
    raise errors.ExtensionAlreadyLoaded(name)
discord.ext.commands.errors.ExtensionAlreadyLoaded: Extension 'datein.tasks' is already loaded.

The above exception was the direct cause of the following exception:

Traceback (most recent call last):
  File "/usr/local/python/3.12.1/lib/python3.12/site-packages/discord/ext/commands/bot.py", line 1376, in invoke
    await ctx.command.invoke(ctx)
  File "/usr/local/python/3.12.1/lib/python3.12/site-packages/discord/ext/commands/core.py", line 1064, in invoke
    await injected(*ctx.args, **ctx.kwargs)  # type: ignore
    ^^^^^^^^^^^^^^^^^^^^^^^^^^^^^^^^^^^^^^^
  File "/usr/local/python/3.12.1/lib/python3.12/site-packages/discord/ext/commands/core.py", line 275, in wrapped
    raise CommandInvokeError(exc) from exc
discord.ext.commands.errors.CommandInvokeError: Command raised an exception: ExtensionAlreadyLoaded: Extension 'datein.tasks' is already loaded.
[2026-02-18 20-01-31] [ERROR   ] discord.ext.commands.bot: Ignoring exception in command reload
Traceback (most recent call last):
  File "/usr/local/python/3.12.1/lib/python3.12/site-packages/discord/ext/commands/bot.py", line 962, in _load_from_module_spec
    spec.loader.exec_module(lib)  # type: ignore
    ^^^^^^^^^^^^^^^^^^^^^^^^^^^^
  File "<frozen importlib._bootstrap_external>", line 994, in exec_module
  File "<frozen importlib._bootstrap>", line 488, in _call_with_frames_removed
  File "/workspaces/Nexory/datein/tasks.py", line 132, in <module>
    class tasks(commands.Cog):
  File "/workspaces/Nexory/datein/tasks.py", line 178, in tasks
    @tasks_group.command(name="delete", description="Delete a Guild-Task by its title")
     ^^^^^^^^^^^^^^^^^^^^^^^^^^^^^^^^^^^^^^^^^^^^^^^^^^^^^^^^^^^^^^^^^^^^^^^^^^^^^^^^^^
  File "/usr/local/python/3.12.1/lib/python3.12/site-packages/discord/app_commands/commands.py", line 2013, in decorator
    self.add_command(command)
  File "/usr/local/python/3.12.1/lib/python3.12/site-packages/discord/app_commands/commands.py", line 1919, in add_command
    raise CommandAlreadyRegistered(command.name, guild_id=None)
discord.app_commands.errors.CommandAlreadyRegistered: Command 'delete' already registered.

The above exception was the direct cause of the following exception:

Traceback (most recent call last):
  File "/workspaces/Nexory/datein/developer.py", line 56, in reload
    await self.bot.reload_extension(f"datein.{datei_name}")
  File "/usr/local/python/3.12.1/lib/python3.12/site-packages/discord/ext/commands/bot.py", line 1144, in reload_extension
    await self.load_extension(name)
  File "/usr/local/python/3.12.1/lib/python3.12/site-packages/discord/ext/commands/bot.py", line 1040, in load_extension
    await self._load_from_module_spec(spec, name)
  File "/usr/local/python/3.12.1/lib/python3.12/site-packages/discord/ext/commands/bot.py", line 965, in _load_from_module_spec
    raise errors.ExtensionFailed(key, e) from e
discord.ext.commands.errors.ExtensionFailed: Extension 'datein.tasks' raised an error: CommandAlreadyRegistered: Command 'delete' already registered.

During handling of the above exception, another exception occurred:

Traceback (most recent call last):
  File "/usr/local/python/3.12.1/lib/python3.12/site-packages/discord/ext/commands/core.py", line 266, in wrapped
    ret = await coro(*args, **kwargs)
          ^^^^^^^^^^^^^^^^^^^^^^^^^^^
  File "/workspaces/Nexory/datein/developer.py", line 59, in reload
    await self.bot.load_extension(f"datein.{datei_name}")
  File "/usr/local/python/3.12.1/lib/python3.12/site-packages/discord/ext/commands/bot.py", line 1034, in load_extension
    raise errors.ExtensionAlreadyLoaded(name)
discord.ext.commands.errors.ExtensionAlreadyLoaded: Extension 'datein.tasks' is already loaded.

The above exception was the direct cause of the following exception:

Traceback (most recent call last):
  File "/usr/local/python/3.12.1/lib/python3.12/site-packages/discord/ext/commands/bot.py", line 1376, in invoke
    await ctx.command.invoke(ctx)
  File "/usr/local/python/3.12.1/lib/python3.12/site-packages/discord/ext/commands/core.py", line 1064, in invoke
    await injected(*ctx.args, **ctx.kwargs)  # type: ignore
    ^^^^^^^^^^^^^^^^^^^^^^^^^^^^^^^^^^^^^^^
  File "/usr/local/python/3.12.1/lib/python3.12/site-packages/discord/ext/commands/core.py", line 275, in wrapped
    raise CommandInvokeError(exc) from exc
discord.ext.commands.errors.CommandInvokeError: Command raised an exception: ExtensionAlreadyLoaded: Extension 'datein.tasks' is already loaded.
[2026-02-18 20-01-50] [ERROR   ] discord.ext.commands.bot: Ignoring exception in command reload
Traceback (most recent call last):
  File "/usr/local/python/3.12.1/lib/python3.12/site-packages/discord/ext/commands/bot.py", line 962, in _load_from_module_spec
    spec.loader.exec_module(lib)  # type: ignore
    ^^^^^^^^^^^^^^^^^^^^^^^^^^^^
  File "<frozen importlib._bootstrap_external>", line 994, in exec_module
  File "<frozen importlib._bootstrap>", line 488, in _call_with_frames_removed
  File "/workspaces/Nexory/datein/tasks.py", line 132, in <module>
    class tasks(commands.Cog):
  File "/workspaces/Nexory/datein/tasks.py", line 178, in tasks
    @tasks_group.command(name="delete", description="Delete a Guild-Task by its title")
     ^^^^^^^^^^^^^^^^^^^^^^^^^^^^^^^^^^^^^^^^^^^^^^^^^^^^^^^^^^^^^^^^^^^^^^^^^^^^^^^^^^
  File "/usr/local/python/3.12.1/lib/python3.12/site-packages/discord/app_commands/commands.py", line 2013, in decorator
    self.add_command(command)
  File "/usr/local/python/3.12.1/lib/python3.12/site-packages/discord/app_commands/commands.py", line 1919, in add_command
    raise CommandAlreadyRegistered(command.name, guild_id=None)
discord.app_commands.errors.CommandAlreadyRegistered: Command 'delete' already registered.

The above exception was the direct cause of the following exception:

Traceback (most recent call last):
  File "/workspaces/Nexory/datein/developer.py", line 56, in reload
    await self.bot.reload_extension(f"datein.{datei_name}")
  File "/usr/local/python/3.12.1/lib/python3.12/site-packages/discord/ext/commands/bot.py", line 1144, in reload_extension
    await self.load_extension(name)
  File "/usr/local/python/3.12.1/lib/python3.12/site-packages/discord/ext/commands/bot.py", line 1040, in load_extension
    await self._load_from_module_spec(spec, name)
  File "/usr/local/python/3.12.1/lib/python3.12/site-packages/discord/ext/commands/bot.py", line 965, in _load_from_module_spec
    raise errors.ExtensionFailed(key, e) from e
discord.ext.commands.errors.ExtensionFailed: Extension 'datein.tasks' raised an error: CommandAlreadyRegistered: Command 'delete' already registered.

During handling of the above exception, another exception occurred:

Traceback (most recent call last):
  File "/usr/local/python/3.12.1/lib/python3.12/site-packages/discord/ext/commands/core.py", line 266, in wrapped
    ret = await coro(*args, **kwargs)
          ^^^^^^^^^^^^^^^^^^^^^^^^^^^
  File "/workspaces/Nexory/datein/developer.py", line 59, in reload
    await self.bot.load_extension(f"datein.{datei_name}")
  File "/usr/local/python/3.12.1/lib/python3.12/site-packages/discord/ext/commands/bot.py", line 1034, in load_extension
    raise errors.ExtensionAlreadyLoaded(name)
discord.ext.commands.errors.ExtensionAlreadyLoaded: Extension 'datein.tasks' is already loaded.

The above exception was the direct cause of the following exception:

Traceback (most recent call last):
  File "/usr/local/python/3.12.1/lib/python3.12/site-packages/discord/ext/commands/bot.py", line 1376, in invoke
    await ctx.command.invoke(ctx)
  File "/usr/local/python/3.12.1/lib/python3.12/site-packages/discord/ext/commands/core.py", line 1064, in invoke
    await injected(*ctx.args, **ctx.kwargs)  # type: ignore
    ^^^^^^^^^^^^^^^^^^^^^^^^^^^^^^^^^^^^^^^
  File "/usr/local/python/3.12.1/lib/python3.12/site-packages/discord/ext/commands/core.py", line 275, in wrapped
    raise CommandInvokeError(exc) from exc
discord.ext.commands.errors.CommandInvokeError: Command raised an exception: ExtensionAlreadyLoaded: Extension 'datein.tasks' is already loaded.
[2026-02-18 20-01-50] [ERROR   ] discord.ext.commands.bot: Ignoring exception in command reload
Traceback (most recent call last):
  File "/usr/local/python/3.12.1/lib/python3.12/site-packages/discord/ext/commands/bot.py", line 962, in _load_from_module_spec
    spec.loader.exec_module(lib)  # type: ignore
    ^^^^^^^^^^^^^^^^^^^^^^^^^^^^
  File "<frozen importlib._bootstrap_external>", line 994, in exec_module
  File "<frozen importlib._bootstrap>", line 488, in _call_with_frames_removed
  File "/workspaces/Nexory/datein/tasks.py", line 132, in <module>
    class tasks(commands.Cog):
  File "/workspaces/Nexory/datein/tasks.py", line 178, in tasks
    @tasks_group.command(name="delete", description="Delete a Guild-Task by its title")
     ^^^^^^^^^^^^^^^^^^^^^^^^^^^^^^^^^^^^^^^^^^^^^^^^^^^^^^^^^^^^^^^^^^^^^^^^^^^^^^^^^^
  File "/usr/local/python/3.12.1/lib/python3.12/site-packages/discord/app_commands/commands.py", line 2013, in decorator
    self.add_command(command)
  File "/usr/local/python/3.12.1/lib/python3.12/site-packages/discord/app_commands/commands.py", line 1919, in add_command
    raise CommandAlreadyRegistered(command.name, guild_id=None)
discord.app_commands.errors.CommandAlreadyRegistered: Command 'delete' already registered.

The above exception was the direct cause of the following exception:

Traceback (most recent call last):
  File "/workspaces/Nexory/datein/developer.py", line 56, in reload
    await self.bot.reload_extension(f"datein.{datei_name}")
  File "/usr/local/python/3.12.1/lib/python3.12/site-packages/discord/ext/commands/bot.py", line 1144, in reload_extension
    await self.load_extension(name)
  File "/usr/local/python/3.12.1/lib/python3.12/site-packages/discord/ext/commands/bot.py", line 1040, in load_extension
    await self._load_from_module_spec(spec, name)
  File "/usr/local/python/3.12.1/lib/python3.12/site-packages/discord/ext/commands/bot.py", line 965, in _load_from_module_spec
    raise errors.ExtensionFailed(key, e) from e
discord.ext.commands.errors.ExtensionFailed: Extension 'datein.tasks' raised an error: CommandAlreadyRegistered: Command 'delete' already registered.

During handling of the above exception, another exception occurred:

Traceback (most recent call last):
  File "/usr/local/python/3.12.1/lib/python3.12/site-packages/discord/ext/commands/core.py", line 266, in wrapped
    ret = await coro(*args, **kwargs)
          ^^^^^^^^^^^^^^^^^^^^^^^^^^^
  File "/workspaces/Nexory/datein/developer.py", line 59, in reload
    await self.bot.load_extension(f"datein.{datei_name}")
  File "/usr/local/python/3.12.1/lib/python3.12/site-packages/discord/ext/commands/bot.py", line 1034, in load_extension
    raise errors.ExtensionAlreadyLoaded(name)
discord.ext.commands.errors.ExtensionAlreadyLoaded: Extension 'datein.tasks' is already loaded.

The above exception was the direct cause of the following exception:

Traceback (most recent call last):
  File "/usr/local/python/3.12.1/lib/python3.12/site-packages/discord/ext/commands/bot.py", line 1376, in invoke
    await ctx.command.invoke(ctx)
  File "/usr/local/python/3.12.1/lib/python3.12/site-packages/discord/ext/commands/core.py", line 1064, in invoke
    await injected(*ctx.args, **ctx.kwargs)  # type: ignore
    ^^^^^^^^^^^^^^^^^^^^^^^^^^^^^^^^^^^^^^^
  File "/usr/local/python/3.12.1/lib/python3.12/site-packages/discord/ext/commands/core.py", line 275, in wrapped
    raise CommandInvokeError(exc) from exc
discord.ext.commands.errors.CommandInvokeError: Command raised an exception: ExtensionAlreadyLoaded: Extension 'datein.tasks' is already loaded.
[2026-02-18 20-01-50] [ERROR   ] discord.ext.commands.bot: Ignoring exception in command reload
Traceback (most recent call last):
  File "/usr/local/python/3.12.1/lib/python3.12/site-packages/discord/ext/commands/bot.py", line 962, in _load_from_module_spec
    spec.loader.exec_module(lib)  # type: ignore
    ^^^^^^^^^^^^^^^^^^^^^^^^^^^^
  File "<frozen importlib._bootstrap_external>", line 994, in exec_module
  File "<frozen importlib._bootstrap>", line 488, in _call_with_frames_removed
  File "/workspaces/Nexory/datein/tasks.py", line 132, in <module>
    class tasks(commands.Cog):
  File "/workspaces/Nexory/datein/tasks.py", line 178, in tasks
    @tasks_group.command(name="delete", description="Delete a Guild-Task by its title")
     ^^^^^^^^^^^^^^^^^^^^^^^^^^^^^^^^^^^^^^^^^^^^^^^^^^^^^^^^^^^^^^^^^^^^^^^^^^^^^^^^^^
  File "/usr/local/python/3.12.1/lib/python3.12/site-packages/discord/app_commands/commands.py", line 2013, in decorator
    self.add_command(command)
  File "/usr/local/python/3.12.1/lib/python3.12/site-packages/discord/app_commands/commands.py", line 1919, in add_command
    raise CommandAlreadyRegistered(command.name, guild_id=None)
discord.app_commands.errors.CommandAlreadyRegistered: Command 'delete' already registered.

The above exception was the direct cause of the following exception:

Traceback (most recent call last):
  File "/workspaces/Nexory/datein/developer.py", line 56, in reload
    await self.bot.reload_extension(f"datein.{datei_name}")
  File "/usr/local/python/3.12.1/lib/python3.12/site-packages/discord/ext/commands/bot.py", line 1144, in reload_extension
    await self.load_extension(name)
  File "/usr/local/python/3.12.1/lib/python3.12/site-packages/discord/ext/commands/bot.py", line 1040, in load_extension
    await self._load_from_module_spec(spec, name)
  File "/usr/local/python/3.12.1/lib/python3.12/site-packages/discord/ext/commands/bot.py", line 965, in _load_from_module_spec
    raise errors.ExtensionFailed(key, e) from e
discord.ext.commands.errors.ExtensionFailed: Extension 'datein.tasks' raised an error: CommandAlreadyRegistered: Command 'delete' already registered.

During handling of the above exception, another exception occurred:

Traceback (most recent call last):
  File "/usr/local/python/3.12.1/lib/python3.12/site-packages/discord/ext/commands/core.py", line 266, in wrapped
    ret = await coro(*args, **kwargs)
          ^^^^^^^^^^^^^^^^^^^^^^^^^^^
  File "/workspaces/Nexory/datein/developer.py", line 59, in reload
    await self.bot.load_extension(f"datein.{datei_name}")
  File "/usr/local/python/3.12.1/lib/python3.12/site-packages/discord/ext/commands/bot.py", line 1034, in load_extension
    raise errors.ExtensionAlreadyLoaded(name)
discord.ext.commands.errors.ExtensionAlreadyLoaded: Extension 'datein.tasks' is already loaded.

The above exception was the direct cause of the following exception:

Traceback (most recent call last):
  File "/usr/local/python/3.12.1/lib/python3.12/site-packages/discord/ext/commands/bot.py", line 1376, in invoke
    await ctx.command.invoke(ctx)
  File "/usr/local/python/3.12.1/lib/python3.12/site-packages/discord/ext/commands/core.py", line 1064, in invoke
    await injected(*ctx.args, **ctx.kwargs)  # type: ignore
    ^^^^^^^^^^^^^^^^^^^^^^^^^^^^^^^^^^^^^^^
  File "/usr/local/python/3.12.1/lib/python3.12/site-packages/discord/ext/commands/core.py", line 275, in wrapped
    raise CommandInvokeError(exc) from exc
discord.ext.commands.errors.CommandInvokeError: Command raised an exception: ExtensionAlreadyLoaded: Extension 'datein.tasks' is already loaded.
[2026-02-18 20-01-50] [ERROR   ] discord.ext.commands.bot: Ignoring exception in command reload
Traceback (most recent call last):
  File "/usr/local/python/3.12.1/lib/python3.12/site-packages/discord/ext/commands/bot.py", line 962, in _load_from_module_spec
    spec.loader.exec_module(lib)  # type: ignore
    ^^^^^^^^^^^^^^^^^^^^^^^^^^^^
  File "<frozen importlib._bootstrap_external>", line 994, in exec_module
  File "<frozen importlib._bootstrap>", line 488, in _call_with_frames_removed
  File "/workspaces/Nexory/datein/tasks.py", line 132, in <module>
    class tasks(commands.Cog):
  File "/workspaces/Nexory/datein/tasks.py", line 178, in tasks
    @tasks_group.command(name="delete", description="Delete a Guild-Task by its title")
     ^^^^^^^^^^^^^^^^^^^^^^^^^^^^^^^^^^^^^^^^^^^^^^^^^^^^^^^^^^^^^^^^^^^^^^^^^^^^^^^^^^
  File "/usr/local/python/3.12.1/lib/python3.12/site-packages/discord/app_commands/commands.py", line 2013, in decorator
    self.add_command(command)
  File "/usr/local/python/3.12.1/lib/python3.12/site-packages/discord/app_commands/commands.py", line 1919, in add_command
    raise CommandAlreadyRegistered(command.name, guild_id=None)
discord.app_commands.errors.CommandAlreadyRegistered: Command 'delete' already registered.

The above exception was the direct cause of the following exception:

Traceback (most recent call last):
  File "/workspaces/Nexory/datein/developer.py", line 56, in reload
    await self.bot.reload_extension(f"datein.{datei_name}")
  File "/usr/local/python/3.12.1/lib/python3.12/site-packages/discord/ext/commands/bot.py", line 1144, in reload_extension
    await self.load_extension(name)
  File "/usr/local/python/3.12.1/lib/python3.12/site-packages/discord/ext/commands/bot.py", line 1040, in load_extension
    await self._load_from_module_spec(spec, name)
  File "/usr/local/python/3.12.1/lib/python3.12/site-packages/discord/ext/commands/bot.py", line 965, in _load_from_module_spec
    raise errors.ExtensionFailed(key, e) from e
discord.ext.commands.errors.ExtensionFailed: Extension 'datein.tasks' raised an error: CommandAlreadyRegistered: Command 'delete' already registered.

During handling of the above exception, another exception occurred:

Traceback (most recent call last):
  File "/usr/local/python/3.12.1/lib/python3.12/site-packages/discord/ext/commands/core.py", line 266, in wrapped
    ret = await coro(*args, **kwargs)
          ^^^^^^^^^^^^^^^^^^^^^^^^^^^
  File "/workspaces/Nexory/datein/developer.py", line 59, in reload
    await self.bot.load_extension(f"datein.{datei_name}")
  File "/usr/local/python/3.12.1/lib/python3.12/site-packages/discord/ext/commands/bot.py", line 1034, in load_extension
    raise errors.ExtensionAlreadyLoaded(name)
discord.ext.commands.errors.ExtensionAlreadyLoaded: Extension 'datein.tasks' is already loaded.

The above exception was the direct cause of the following exception:

Traceback (most recent call last):
  File "/usr/local/python/3.12.1/lib/python3.12/site-packages/discord/ext/commands/bot.py", line 1376, in invoke
    await ctx.command.invoke(ctx)
  File "/usr/local/python/3.12.1/lib/python3.12/site-packages/discord/ext/commands/core.py", line 1064, in invoke
    await injected(*ctx.args, **ctx.kwargs)  # type: ignore
    ^^^^^^^^^^^^^^^^^^^^^^^^^^^^^^^^^^^^^^^
  File "/usr/local/python/3.12.1/lib/python3.12/site-packages/discord/ext/commands/core.py", line 275, in wrapped
    raise CommandInvokeError(exc) from exc
discord.ext.commands.errors.CommandInvokeError: Command raised an exception: ExtensionAlreadyLoaded: Extension 'datein.tasks' is already loaded.
[2026-02-18 20-02-33] [ERROR   ] discord.ext.commands.bot: Ignoring exception in command reload
Traceback (most recent call last):
  File "/usr/local/python/3.12.1/lib/python3.12/site-packages/discord/ext/commands/bot.py", line 962, in _load_from_module_spec
    spec.loader.exec_module(lib)  # type: ignore
    ^^^^^^^^^^^^^^^^^^^^^^^^^^^^
  File "<frozen importlib._bootstrap_external>", line 994, in exec_module
  File "<frozen importlib._bootstrap>", line 488, in _call_with_frames_removed
  File "/workspaces/Nexory/datein/tasks.py", line 132, in <module>
    class tasks(commands.Cog):
  File "/workspaces/Nexory/datein/tasks.py", line 178, in tasks
    @tasks_group.command(name="delete", description="Delete a Guild-Task by its title")
     ^^^^^^^^^^^^^^^^^^^^^^^^^^^^^^^^^^^^^^^^^^^^^^^^^^^^^^^^^^^^^^^^^^^^^^^^^^^^^^^^^^
  File "/usr/local/python/3.12.1/lib/python3.12/site-packages/discord/app_commands/commands.py", line 2013, in decorator
    self.add_command(command)
  File "/usr/local/python/3.12.1/lib/python3.12/site-packages/discord/app_commands/commands.py", line 1919, in add_command
    raise CommandAlreadyRegistered(command.name, guild_id=None)
discord.app_commands.errors.CommandAlreadyRegistered: Command 'delete' already registered.

The above exception was the direct cause of the following exception:

Traceback (most recent call last):
  File "/workspaces/Nexory/datein/developer.py", line 56, in reload
    await self.bot.reload_extension(f"datein.{datei_name}")
  File "/usr/local/python/3.12.1/lib/python3.12/site-packages/discord/ext/commands/bot.py", line 1144, in reload_extension
    await self.load_extension(name)
  File "/usr/local/python/3.12.1/lib/python3.12/site-packages/discord/ext/commands/bot.py", line 1040, in load_extension
    await self._load_from_module_spec(spec, name)
  File "/usr/local/python/3.12.1/lib/python3.12/site-packages/discord/ext/commands/bot.py", line 965, in _load_from_module_spec
    raise errors.ExtensionFailed(key, e) from e
discord.ext.commands.errors.ExtensionFailed: Extension 'datein.tasks' raised an error: CommandAlreadyRegistered: Command 'delete' already registered.

During handling of the above exception, another exception occurred:

Traceback (most recent call last):
  File "/usr/local/python/3.12.1/lib/python3.12/site-packages/discord/ext/commands/core.py", line 266, in wrapped
    ret = await coro(*args, **kwargs)
          ^^^^^^^^^^^^^^^^^^^^^^^^^^^
  File "/workspaces/Nexory/datein/developer.py", line 59, in reload
    await self.bot.load_extension(f"datein.{datei_name}")
  File "/usr/local/python/3.12.1/lib/python3.12/site-packages/discord/ext/commands/bot.py", line 1034, in load_extension
    raise errors.ExtensionAlreadyLoaded(name)
discord.ext.commands.errors.ExtensionAlreadyLoaded: Extension 'datein.tasks' is already loaded.

The above exception was the direct cause of the following exception:

Traceback (most recent call last):
  File "/usr/local/python/3.12.1/lib/python3.12/site-packages/discord/ext/commands/bot.py", line 1376, in invoke
    await ctx.command.invoke(ctx)
  File "/usr/local/python/3.12.1/lib/python3.12/site-packages/discord/ext/commands/core.py", line 1064, in invoke
    await injected(*ctx.args, **ctx.kwargs)  # type: ignore
    ^^^^^^^^^^^^^^^^^^^^^^^^^^^^^^^^^^^^^^^
  File "/usr/local/python/3.12.1/lib/python3.12/site-packages/discord/ext/commands/core.py", line 275, in wrapped
    raise CommandInvokeError(exc) from exc
discord.ext.commands.errors.CommandInvokeError: Command raised an exception: ExtensionAlreadyLoaded: Extension 'datein.tasks' is already loaded.
[2026-02-18 20-02-33] [ERROR   ] discord.ext.commands.bot: Ignoring exception in command reload
Traceback (most recent call last):
  File "/usr/local/python/3.12.1/lib/python3.12/site-packages/discord/ext/commands/bot.py", line 962, in _load_from_module_spec
    spec.loader.exec_module(lib)  # type: ignore
    ^^^^^^^^^^^^^^^^^^^^^^^^^^^^
  File "<frozen importlib._bootstrap_external>", line 994, in exec_module
  File "<frozen importlib._bootstrap>", line 488, in _call_with_frames_removed
  File "/workspaces/Nexory/datein/tasks.py", line 132, in <module>
    class tasks(commands.Cog):
  File "/workspaces/Nexory/datein/tasks.py", line 178, in tasks
    @tasks_group.command(name="delete", description="Delete a Guild-Task by its title")
     ^^^^^^^^^^^^^^^^^^^^^^^^^^^^^^^^^^^^^^^^^^^^^^^^^^^^^^^^^^^^^^^^^^^^^^^^^^^^^^^^^^
  File "/usr/local/python/3.12.1/lib/python3.12/site-packages/discord/app_commands/commands.py", line 2013, in decorator
    self.add_command(command)
  File "/usr/local/python/3.12.1/lib/python3.12/site-packages/discord/app_commands/commands.py", line 1919, in add_command
    raise CommandAlreadyRegistered(command.name, guild_id=None)
discord.app_commands.errors.CommandAlreadyRegistered: Command 'delete' already registered.

The above exception was the direct cause of the following exception:

Traceback (most recent call last):
  File "/workspaces/Nexory/datein/developer.py", line 56, in reload
    await self.bot.reload_extension(f"datein.{datei_name}")
  File "/usr/local/python/3.12.1/lib/python3.12/site-packages/discord/ext/commands/bot.py", line 1144, in reload_extension
    await self.load_extension(name)
  File "/usr/local/python/3.12.1/lib/python3.12/site-packages/discord/ext/commands/bot.py", line 1040, in load_extension
    await self._load_from_module_spec(spec, name)
  File "/usr/local/python/3.12.1/lib/python3.12/site-packages/discord/ext/commands/bot.py", line 965, in _load_from_module_spec
    raise errors.ExtensionFailed(key, e) from e
discord.ext.commands.errors.ExtensionFailed: Extension 'datein.tasks' raised an error: CommandAlreadyRegistered: Command 'delete' already registered.

During handling of the above exception, another exception occurred:

Traceback (most recent call last):
  File "/usr/local/python/3.12.1/lib/python3.12/site-packages/discord/ext/commands/core.py", line 266, in wrapped
    ret = await coro(*args, **kwargs)
          ^^^^^^^^^^^^^^^^^^^^^^^^^^^
  File "/workspaces/Nexory/datein/developer.py", line 59, in reload
    await self.bot.load_extension(f"datein.{datei_name}")
  File "/usr/local/python/3.12.1/lib/python3.12/site-packages/discord/ext/commands/bot.py", line 1034, in load_extension
    raise errors.ExtensionAlreadyLoaded(name)
discord.ext.commands.errors.ExtensionAlreadyLoaded: Extension 'datein.tasks' is already loaded.

The above exception was the direct cause of the following exception:

Traceback (most recent call last):
  File "/usr/local/python/3.12.1/lib/python3.12/site-packages/discord/ext/commands/bot.py", line 1376, in invoke
    await ctx.command.invoke(ctx)
  File "/usr/local/python/3.12.1/lib/python3.12/site-packages/discord/ext/commands/core.py", line 1064, in invoke
    await injected(*ctx.args, **ctx.kwargs)  # type: ignore
    ^^^^^^^^^^^^^^^^^^^^^^^^^^^^^^^^^^^^^^^
  File "/usr/local/python/3.12.1/lib/python3.12/site-packages/discord/ext/commands/core.py", line 275, in wrapped
    raise CommandInvokeError(exc) from exc
discord.ext.commands.errors.CommandInvokeError: Command raised an exception: ExtensionAlreadyLoaded: Extension 'datein.tasks' is already loaded.
[2026-02-18 20-02-33] [ERROR   ] discord.ext.commands.bot: Ignoring exception in command reload
Traceback (most recent call last):
  File "/usr/local/python/3.12.1/lib/python3.12/site-packages/discord/ext/commands/bot.py", line 962, in _load_from_module_spec
    spec.loader.exec_module(lib)  # type: ignore
    ^^^^^^^^^^^^^^^^^^^^^^^^^^^^
  File "<frozen importlib._bootstrap_external>", line 994, in exec_module
  File "<frozen importlib._bootstrap>", line 488, in _call_with_frames_removed
  File "/workspaces/Nexory/datein/tasks.py", line 132, in <module>
    class tasks(commands.Cog):
  File "/workspaces/Nexory/datein/tasks.py", line 178, in tasks
    @tasks_group.command(name="delete", description="Delete a Guild-Task by its title")
     ^^^^^^^^^^^^^^^^^^^^^^^^^^^^^^^^^^^^^^^^^^^^^^^^^^^^^^^^^^^^^^^^^^^^^^^^^^^^^^^^^^
  File "/usr/local/python/3.12.1/lib/python3.12/site-packages/discord/app_commands/commands.py", line 2013, in decorator
    self.add_command(command)
  File "/usr/local/python/3.12.1/lib/python3.12/site-packages/discord/app_commands/commands.py", line 1919, in add_command
    raise CommandAlreadyRegistered(command.name, guild_id=None)
discord.app_commands.errors.CommandAlreadyRegistered: Command 'delete' already registered.

The above exception was the direct cause of the following exception:

Traceback (most recent call last):
  File "/workspaces/Nexory/datein/developer.py", line 56, in reload
    await self.bot.reload_extension(f"datein.{datei_name}")
  File "/usr/local/python/3.12.1/lib/python3.12/site-packages/discord/ext/commands/bot.py", line 1144, in reload_extension
    await self.load_extension(name)
  File "/usr/local/python/3.12.1/lib/python3.12/site-packages/discord/ext/commands/bot.py", line 1040, in load_extension
    await self._load_from_module_spec(spec, name)
  File "/usr/local/python/3.12.1/lib/python3.12/site-packages/discord/ext/commands/bot.py", line 965, in _load_from_module_spec
    raise errors.ExtensionFailed(key, e) from e
discord.ext.commands.errors.ExtensionFailed: Extension 'datein.tasks' raised an error: CommandAlreadyRegistered: Command 'delete' already registered.

During handling of the above exception, another exception occurred:

Traceback (most recent call last):
  File "/usr/local/python/3.12.1/lib/python3.12/site-packages/discord/ext/commands/core.py", line 266, in wrapped
    ret = await coro(*args, **kwargs)
          ^^^^^^^^^^^^^^^^^^^^^^^^^^^
  File "/workspaces/Nexory/datein/developer.py", line 59, in reload
    await self.bot.load_extension(f"datein.{datei_name}")
  File "/usr/local/python/3.12.1/lib/python3.12/site-packages/discord/ext/commands/bot.py", line 1034, in load_extension
    raise errors.ExtensionAlreadyLoaded(name)
discord.ext.commands.errors.ExtensionAlreadyLoaded: Extension 'datein.tasks' is already loaded.

The above exception was the direct cause of the following exception:

Traceback (most recent call last):
  File "/usr/local/python/3.12.1/lib/python3.12/site-packages/discord/ext/commands/bot.py", line 1376, in invoke
    await ctx.command.invoke(ctx)
  File "/usr/local/python/3.12.1/lib/python3.12/site-packages/discord/ext/commands/core.py", line 1064, in invoke
    await injected(*ctx.args, **ctx.kwargs)  # type: ignore
    ^^^^^^^^^^^^^^^^^^^^^^^^^^^^^^^^^^^^^^^
  File "/usr/local/python/3.12.1/lib/python3.12/site-packages/discord/ext/commands/core.py", line 275, in wrapped
    raise CommandInvokeError(exc) from exc
discord.ext.commands.errors.CommandInvokeError: Command raised an exception: ExtensionAlreadyLoaded: Extension 'datein.tasks' is already loaded.
[2026-02-18 20-02-33] [ERROR   ] discord.ext.commands.bot: Ignoring exception in command reload
Traceback (most recent call last):
  File "/usr/local/python/3.12.1/lib/python3.12/site-packages/discord/ext/commands/bot.py", line 962, in _load_from_module_spec
    spec.loader.exec_module(lib)  # type: ignore
    ^^^^^^^^^^^^^^^^^^^^^^^^^^^^
  File "<frozen importlib._bootstrap_external>", line 994, in exec_module
  File "<frozen importlib._bootstrap>", line 488, in _call_with_frames_removed
  File "/workspaces/Nexory/datein/tasks.py", line 132, in <module>
    class tasks(commands.Cog):
  File "/workspaces/Nexory/datein/tasks.py", line 178, in tasks
    @tasks_group.command(name="delete", description="Delete a Guild-Task by its title")
     ^^^^^^^^^^^^^^^^^^^^^^^^^^^^^^^^^^^^^^^^^^^^^^^^^^^^^^^^^^^^^^^^^^^^^^^^^^^^^^^^^^
  File "/usr/local/python/3.12.1/lib/python3.12/site-packages/discord/app_commands/commands.py", line 2013, in decorator
    self.add_command(command)
  File "/usr/local/python/3.12.1/lib/python3.12/site-packages/discord/app_commands/commands.py", line 1919, in add_command
    raise CommandAlreadyRegistered(command.name, guild_id=None)
discord.app_commands.errors.CommandAlreadyRegistered: Command 'delete' already registered.

The above exception was the direct cause of the following exception:

Traceback (most recent call last):
  File "/workspaces/Nexory/datein/developer.py", line 56, in reload
    await self.bot.reload_extension(f"datein.{datei_name}")
  File "/usr/local/python/3.12.1/lib/python3.12/site-packages/discord/ext/commands/bot.py", line 1144, in reload_extension
    await self.load_extension(name)
  File "/usr/local/python/3.12.1/lib/python3.12/site-packages/discord/ext/commands/bot.py", line 1040, in load_extension
    await self._load_from_module_spec(spec, name)
  File "/usr/local/python/3.12.1/lib/python3.12/site-packages/discord/ext/commands/bot.py", line 965, in _load_from_module_spec
    raise errors.ExtensionFailed(key, e) from e
discord.ext.commands.errors.ExtensionFailed: Extension 'datein.tasks' raised an error: CommandAlreadyRegistered: Command 'delete' already registered.

During handling of the above exception, another exception occurred:

Traceback (most recent call last):
  File "/usr/local/python/3.12.1/lib/python3.12/site-packages/discord/ext/commands/core.py", line 266, in wrapped
    ret = await coro(*args, **kwargs)
          ^^^^^^^^^^^^^^^^^^^^^^^^^^^
  File "/workspaces/Nexory/datein/developer.py", line 59, in reload
    await self.bot.load_extension(f"datein.{datei_name}")
  File "/usr/local/python/3.12.1/lib/python3.12/site-packages/discord/ext/commands/bot.py", line 1034, in load_extension
    raise errors.ExtensionAlreadyLoaded(name)
discord.ext.commands.errors.ExtensionAlreadyLoaded: Extension 'datein.tasks' is already loaded.

The above exception was the direct cause of the following exception:

Traceback (most recent call last):
  File "/usr/local/python/3.12.1/lib/python3.12/site-packages/discord/ext/commands/bot.py", line 1376, in invoke
    await ctx.command.invoke(ctx)
  File "/usr/local/python/3.12.1/lib/python3.12/site-packages/discord/ext/commands/core.py", line 1064, in invoke
    await injected(*ctx.args, **ctx.kwargs)  # type: ignore
    ^^^^^^^^^^^^^^^^^^^^^^^^^^^^^^^^^^^^^^^
  File "/usr/local/python/3.12.1/lib/python3.12/site-packages/discord/ext/commands/core.py", line 275, in wrapped
    raise CommandInvokeError(exc) from exc
discord.ext.commands.errors.CommandInvokeError: Command raised an exception: ExtensionAlreadyLoaded: Extension 'datein.tasks' is already loaded.
[2026-02-18 20-02-33] [ERROR   ] discord.ext.commands.bot: Ignoring exception in command reload
Traceback (most recent call last):
  File "/usr/local/python/3.12.1/lib/python3.12/site-packages/discord/ext/commands/bot.py", line 962, in _load_from_module_spec
    spec.loader.exec_module(lib)  # type: ignore
    ^^^^^^^^^^^^^^^^^^^^^^^^^^^^
  File "<frozen importlib._bootstrap_external>", line 994, in exec_module
  File "<frozen importlib._bootstrap>", line 488, in _call_with_frames_removed
  File "/workspaces/Nexory/datein/tasks.py", line 132, in <module>
    class tasks(commands.Cog):
  File "/workspaces/Nexory/datein/tasks.py", line 178, in tasks
    @tasks_group.command(name="delete", description="Delete a Guild-Task by its title")
     ^^^^^^^^^^^^^^^^^^^^^^^^^^^^^^^^^^^^^^^^^^^^^^^^^^^^^^^^^^^^^^^^^^^^^^^^^^^^^^^^^^
  File "/usr/local/python/3.12.1/lib/python3.12/site-packages/discord/app_commands/commands.py", line 2013, in decorator
    self.add_command(command)
  File "/usr/local/python/3.12.1/lib/python3.12/site-packages/discord/app_commands/commands.py", line 1919, in add_command
    raise CommandAlreadyRegistered(command.name, guild_id=None)
discord.app_commands.errors.CommandAlreadyRegistered: Command 'delete' already registered.

The above exception was the direct cause of the following exception:

Traceback (most recent call last):
  File "/workspaces/Nexory/datein/developer.py", line 56, in reload
    await self.bot.reload_extension(f"datein.{datei_name}")
  File "/usr/local/python/3.12.1/lib/python3.12/site-packages/discord/ext/commands/bot.py", line 1144, in reload_extension
    await self.load_extension(name)
  File "/usr/local/python/3.12.1/lib/python3.12/site-packages/discord/ext/commands/bot.py", line 1040, in load_extension
    await self._load_from_module_spec(spec, name)
  File "/usr/local/python/3.12.1/lib/python3.12/site-packages/discord/ext/commands/bot.py", line 965, in _load_from_module_spec
    raise errors.ExtensionFailed(key, e) from e
discord.ext.commands.errors.ExtensionFailed: Extension 'datein.tasks' raised an error: CommandAlreadyRegistered: Command 'delete' already registered.

During handling of the above exception, another exception occurred:

Traceback (most recent call last):
  File "/usr/local/python/3.12.1/lib/python3.12/site-packages/discord/ext/commands/core.py", line 266, in wrapped
    ret = await coro(*args, **kwargs)
          ^^^^^^^^^^^^^^^^^^^^^^^^^^^
  File "/workspaces/Nexory/datein/developer.py", line 59, in reload
    await self.bot.load_extension(f"datein.{datei_name}")
  File "/usr/local/python/3.12.1/lib/python3.12/site-packages/discord/ext/commands/bot.py", line 1034, in load_extension
    raise errors.ExtensionAlreadyLoaded(name)
discord.ext.commands.errors.ExtensionAlreadyLoaded: Extension 'datein.tasks' is already loaded.

The above exception was the direct cause of the following exception:

Traceback (most recent call last):
  File "/usr/local/python/3.12.1/lib/python3.12/site-packages/discord/ext/commands/bot.py", line 1376, in invoke
    await ctx.command.invoke(ctx)
  File "/usr/local/python/3.12.1/lib/python3.12/site-packages/discord/ext/commands/core.py", line 1064, in invoke
    await injected(*ctx.args, **ctx.kwargs)  # type: ignore
    ^^^^^^^^^^^^^^^^^^^^^^^^^^^^^^^^^^^^^^^
  File "/usr/local/python/3.12.1/lib/python3.12/site-packages/discord/ext/commands/core.py", line 275, in wrapped
    raise CommandInvokeError(exc) from exc
discord.ext.commands.errors.CommandInvokeError: Command raised an exception: ExtensionAlreadyLoaded: Extension 'datein.tasks' is already loaded.
[2026-02-18 20-02-54] [INFO    ] discord: Es wurden 3 Befehle synchronisiert. | Ausgeführt von icefreestyler.luca
[2026-02-18 20-02-54] [INFO    ] discord: Es wurden 3 Befehle synchronisiert. | Ausgeführt von icefreestyler.luca
[2026-02-18 20-02-54] [INFO    ] discord: Es wurden 3 Befehle synchronisiert. | Ausgeführt von icefreestyler.luca
[2026-02-18 20-02-54] [INFO    ] discord: Es wurden 3 Befehle synchronisiert. | Ausgeführt von icefreestyler.luca
[2026-02-18 20-02-54] [INFO    ] discord: Es wurden 3 Befehle synchronisiert. | Ausgeführt von icefreestyler.luca
[2026-02-18 20-03-02] [ERROR   ] discord.ext.commands.bot: Ignoring exception in command sync
Traceback (most recent call last):
  File "/usr/local/python/3.12.1/lib/python3.12/site-packages/discord/ext/commands/core.py", line 266, in wrapped
    ret = await coro(*args, **kwargs)
          ^^^^^^^^^^^^^^^^^^^^^^^^^^^
  File "/workspaces/Nexory/datein/developer.py", line 48, in sync
    status_task.start(self.bot)
  File "/usr/local/python/3.12.1/lib/python3.12/site-packages/discord/ext/tasks/__init__.py", line 407, in start
    raise RuntimeError('Task is already launched and is not completed.')
RuntimeError: Task is already launched and is not completed.

The above exception was the direct cause of the following exception:

Traceback (most recent call last):
  File "/usr/local/python/3.12.1/lib/python3.12/site-packages/discord/ext/commands/bot.py", line 1376, in invoke
    await ctx.command.invoke(ctx)
  File "/usr/local/python/3.12.1/lib/python3.12/site-packages/discord/ext/commands/core.py", line 1064, in invoke
    await injected(*ctx.args, **ctx.kwargs)  # type: ignore
    ^^^^^^^^^^^^^^^^^^^^^^^^^^^^^^^^^^^^^^^
  File "/usr/local/python/3.12.1/lib/python3.12/site-packages/discord/ext/commands/core.py", line 275, in wrapped
    raise CommandInvokeError(exc) from exc
discord.ext.commands.errors.CommandInvokeError: Command raised an exception: RuntimeError: Task is already launched and is not completed.
[2026-02-18 20-03-02] [ERROR   ] discord.ext.commands.bot: Ignoring exception in command sync
Traceback (most recent call last):
  File "/usr/local/python/3.12.1/lib/python3.12/site-packages/discord/ext/commands/core.py", line 266, in wrapped
    ret = await coro(*args, **kwargs)
          ^^^^^^^^^^^^^^^^^^^^^^^^^^^
  File "/workspaces/Nexory/datein/developer.py", line 48, in sync
    status_task.start(self.bot)
  File "/usr/local/python/3.12.1/lib/python3.12/site-packages/discord/ext/tasks/__init__.py", line 407, in start
    raise RuntimeError('Task is already launched and is not completed.')
RuntimeError: Task is already launched and is not completed.

The above exception was the direct cause of the following exception:

Traceback (most recent call last):
  File "/usr/local/python/3.12.1/lib/python3.12/site-packages/discord/ext/commands/bot.py", line 1376, in invoke
    await ctx.command.invoke(ctx)
  File "/usr/local/python/3.12.1/lib/python3.12/site-packages/discord/ext/commands/core.py", line 1064, in invoke
    await injected(*ctx.args, **ctx.kwargs)  # type: ignore
    ^^^^^^^^^^^^^^^^^^^^^^^^^^^^^^^^^^^^^^^
  File "/usr/local/python/3.12.1/lib/python3.12/site-packages/discord/ext/commands/core.py", line 275, in wrapped
    raise CommandInvokeError(exc) from exc
discord.ext.commands.errors.CommandInvokeError: Command raised an exception: RuntimeError: Task is already launched and is not completed.
[2026-02-18 20-03-02] [ERROR   ] discord.ext.commands.bot: Ignoring exception in command sync
Traceback (most recent call last):
  File "/usr/local/python/3.12.1/lib/python3.12/site-packages/discord/ext/commands/core.py", line 266, in wrapped
    ret = await coro(*args, **kwargs)
          ^^^^^^^^^^^^^^^^^^^^^^^^^^^
  File "/workspaces/Nexory/datein/developer.py", line 48, in sync
    status_task.start(self.bot)
  File "/usr/local/python/3.12.1/lib/python3.12/site-packages/discord/ext/tasks/__init__.py", line 407, in start
    raise RuntimeError('Task is already launched and is not completed.')
RuntimeError: Task is already launched and is not completed.

The above exception was the direct cause of the following exception:

Traceback (most recent call last):
  File "/usr/local/python/3.12.1/lib/python3.12/site-packages/discord/ext/commands/bot.py", line 1376, in invoke
    await ctx.command.invoke(ctx)
  File "/usr/local/python/3.12.1/lib/python3.12/site-packages/discord/ext/commands/core.py", line 1064, in invoke
    await injected(*ctx.args, **ctx.kwargs)  # type: ignore
    ^^^^^^^^^^^^^^^^^^^^^^^^^^^^^^^^^^^^^^^
  File "/usr/local/python/3.12.1/lib/python3.12/site-packages/discord/ext/commands/core.py", line 275, in wrapped
    raise CommandInvokeError(exc) from exc
discord.ext.commands.errors.CommandInvokeError: Command raised an exception: RuntimeError: Task is already launched and is not completed.
[2026-02-18 20-03-02] [ERROR   ] discord.ext.commands.bot: Ignoring exception in command sync
Traceback (most recent call last):
  File "/usr/local/python/3.12.1/lib/python3.12/site-packages/discord/ext/commands/core.py", line 266, in wrapped
    ret = await coro(*args, **kwargs)
          ^^^^^^^^^^^^^^^^^^^^^^^^^^^
  File "/workspaces/Nexory/datein/developer.py", line 48, in sync
    status_task.start(self.bot)
  File "/usr/local/python/3.12.1/lib/python3.12/site-packages/discord/ext/tasks/__init__.py", line 407, in start
    raise RuntimeError('Task is already launched and is not completed.')
RuntimeError: Task is already launched and is not completed.

The above exception was the direct cause of the following exception:

Traceback (most recent call last):
  File "/usr/local/python/3.12.1/lib/python3.12/site-packages/discord/ext/commands/bot.py", line 1376, in invoke
    await ctx.command.invoke(ctx)
  File "/usr/local/python/3.12.1/lib/python3.12/site-packages/discord/ext/commands/core.py", line 1064, in invoke
    await injected(*ctx.args, **ctx.kwargs)  # type: ignore
    ^^^^^^^^^^^^^^^^^^^^^^^^^^^^^^^^^^^^^^^
  File "/usr/local/python/3.12.1/lib/python3.12/site-packages/discord/ext/commands/core.py", line 275, in wrapped
    raise CommandInvokeError(exc) from exc
discord.ext.commands.errors.CommandInvokeError: Command raised an exception: RuntimeError: Task is already launched and is not completed.
[2026-02-18 20-03-02] [ERROR   ] discord.ext.commands.bot: Ignoring exception in command sync
Traceback (most recent call last):
  File "/usr/local/python/3.12.1/lib/python3.12/site-packages/discord/ext/commands/core.py", line 266, in wrapped
    ret = await coro(*args, **kwargs)
          ^^^^^^^^^^^^^^^^^^^^^^^^^^^
  File "/workspaces/Nexory/datein/developer.py", line 48, in sync
    status_task.start(self.bot)
  File "/usr/local/python/3.12.1/lib/python3.12/site-packages/discord/ext/tasks/__init__.py", line 407, in start
    raise RuntimeError('Task is already launched and is not completed.')
RuntimeError: Task is already launched and is not completed.

The above exception was the direct cause of the following exception:

Traceback (most recent call last):
  File "/usr/local/python/3.12.1/lib/python3.12/site-packages/discord/ext/commands/bot.py", line 1376, in invoke
    await ctx.command.invoke(ctx)
  File "/usr/local/python/3.12.1/lib/python3.12/site-packages/discord/ext/commands/core.py", line 1064, in invoke
    await injected(*ctx.args, **ctx.kwargs)  # type: ignore
    ^^^^^^^^^^^^^^^^^^^^^^^^^^^^^^^^^^^^^^^
  File "/usr/local/python/3.12.1/lib/python3.12/site-packages/discord/ext/commands/core.py", line 275, in wrapped
    raise CommandInvokeError(exc) from exc
discord.ext.commands.errors.CommandInvokeError: Command raised an exception: RuntimeError: Task is already launched and is not completed.
[2026-02-18 20-03-38] [ERROR   ] discord.ext.commands.bot: Ignoring exception in command reload
Traceback (most recent call last):
  File "/usr/local/python/3.12.1/lib/python3.12/site-packages/discord/ext/commands/bot.py", line 962, in _load_from_module_spec
    spec.loader.exec_module(lib)  # type: ignore
    ^^^^^^^^^^^^^^^^^^^^^^^^^^^^
  File "<frozen importlib._bootstrap_external>", line 994, in exec_module
  File "<frozen importlib._bootstrap>", line 488, in _call_with_frames_removed
  File "/workspaces/Nexory/datein/tasks.py", line 132, in <module>
    class tasks(commands.Cog):
  File "/workspaces/Nexory/datein/tasks.py", line 178, in tasks
    @tasks_group.command(name="delete", description="Delete a Guild-Task by its title")
     ^^^^^^^^^^^^^^^^^^^^^^^^^^^^^^^^^^^^^^^^^^^^^^^^^^^^^^^^^^^^^^^^^^^^^^^^^^^^^^^^^^
  File "/usr/local/python/3.12.1/lib/python3.12/site-packages/discord/app_commands/commands.py", line 2013, in decorator
    self.add_command(command)
  File "/usr/local/python/3.12.1/lib/python3.12/site-packages/discord/app_commands/commands.py", line 1919, in add_command
    raise CommandAlreadyRegistered(command.name, guild_id=None)
discord.app_commands.errors.CommandAlreadyRegistered: Command 'delete' already registered.

The above exception was the direct cause of the following exception:

Traceback (most recent call last):
  File "/workspaces/Nexory/datein/developer.py", line 56, in reload
    await self.bot.reload_extension(f"datein.{datei_name}")
  File "/usr/local/python/3.12.1/lib/python3.12/site-packages/discord/ext/commands/bot.py", line 1144, in reload_extension
    await self.load_extension(name)
  File "/usr/local/python/3.12.1/lib/python3.12/site-packages/discord/ext/commands/bot.py", line 1040, in load_extension
    await self._load_from_module_spec(spec, name)
  File "/usr/local/python/3.12.1/lib/python3.12/site-packages/discord/ext/commands/bot.py", line 965, in _load_from_module_spec
    raise errors.ExtensionFailed(key, e) from e
discord.ext.commands.errors.ExtensionFailed: Extension 'datein.tasks' raised an error: CommandAlreadyRegistered: Command 'delete' already registered.

During handling of the above exception, another exception occurred:

Traceback (most recent call last):
  File "/usr/local/python/3.12.1/lib/python3.12/site-packages/discord/ext/commands/core.py", line 266, in wrapped
    ret = await coro(*args, **kwargs)
          ^^^^^^^^^^^^^^^^^^^^^^^^^^^
  File "/workspaces/Nexory/datein/developer.py", line 59, in reload
    await self.bot.load_extension(f"datein.{datei_name}")
  File "/usr/local/python/3.12.1/lib/python3.12/site-packages/discord/ext/commands/bot.py", line 1034, in load_extension
    raise errors.ExtensionAlreadyLoaded(name)
discord.ext.commands.errors.ExtensionAlreadyLoaded: Extension 'datein.tasks' is already loaded.

The above exception was the direct cause of the following exception:

Traceback (most recent call last):
  File "/usr/local/python/3.12.1/lib/python3.12/site-packages/discord/ext/commands/bot.py", line 1376, in invoke
    await ctx.command.invoke(ctx)
  File "/usr/local/python/3.12.1/lib/python3.12/site-packages/discord/ext/commands/core.py", line 1064, in invoke
    await injected(*ctx.args, **ctx.kwargs)  # type: ignore
    ^^^^^^^^^^^^^^^^^^^^^^^^^^^^^^^^^^^^^^^
  File "/usr/local/python/3.12.1/lib/python3.12/site-packages/discord/ext/commands/core.py", line 275, in wrapped
    raise CommandInvokeError(exc) from exc
discord.ext.commands.errors.CommandInvokeError: Command raised an exception: ExtensionAlreadyLoaded: Extension 'datein.tasks' is already loaded.
[2026-02-18 20-03-38] [ERROR   ] discord.ext.commands.bot: Ignoring exception in command reload
Traceback (most recent call last):
  File "/usr/local/python/3.12.1/lib/python3.12/site-packages/discord/ext/commands/bot.py", line 962, in _load_from_module_spec
    spec.loader.exec_module(lib)  # type: ignore
    ^^^^^^^^^^^^^^^^^^^^^^^^^^^^
  File "<frozen importlib._bootstrap_external>", line 994, in exec_module
  File "<frozen importlib._bootstrap>", line 488, in _call_with_frames_removed
  File "/workspaces/Nexory/datein/tasks.py", line 132, in <module>
    class tasks(commands.Cog):
  File "/workspaces/Nexory/datein/tasks.py", line 178, in tasks
    @tasks_group.command(name="delete", description="Delete a Guild-Task by its title")
     ^^^^^^^^^^^^^^^^^^^^^^^^^^^^^^^^^^^^^^^^^^^^^^^^^^^^^^^^^^^^^^^^^^^^^^^^^^^^^^^^^^
  File "/usr/local/python/3.12.1/lib/python3.12/site-packages/discord/app_commands/commands.py", line 2013, in decorator
    self.add_command(command)
  File "/usr/local/python/3.12.1/lib/python3.12/site-packages/discord/app_commands/commands.py", line 1919, in add_command
    raise CommandAlreadyRegistered(command.name, guild_id=None)
discord.app_commands.errors.CommandAlreadyRegistered: Command 'delete' already registered.

The above exception was the direct cause of the following exception:

Traceback (most recent call last):
  File "/workspaces/Nexory/datein/developer.py", line 56, in reload
    await self.bot.reload_extension(f"datein.{datei_name}")
  File "/usr/local/python/3.12.1/lib/python3.12/site-packages/discord/ext/commands/bot.py", line 1144, in reload_extension
    await self.load_extension(name)
  File "/usr/local/python/3.12.1/lib/python3.12/site-packages/discord/ext/commands/bot.py", line 1040, in load_extension
    await self._load_from_module_spec(spec, name)
  File "/usr/local/python/3.12.1/lib/python3.12/site-packages/discord/ext/commands/bot.py", line 965, in _load_from_module_spec
    raise errors.ExtensionFailed(key, e) from e
discord.ext.commands.errors.ExtensionFailed: Extension 'datein.tasks' raised an error: CommandAlreadyRegistered: Command 'delete' already registered.

During handling of the above exception, another exception occurred:

Traceback (most recent call last):
  File "/usr/local/python/3.12.1/lib/python3.12/site-packages/discord/ext/commands/core.py", line 266, in wrapped
    ret = await coro(*args, **kwargs)
          ^^^^^^^^^^^^^^^^^^^^^^^^^^^
  File "/workspaces/Nexory/datein/developer.py", line 59, in reload
    await self.bot.load_extension(f"datein.{datei_name}")
  File "/usr/local/python/3.12.1/lib/python3.12/site-packages/discord/ext/commands/bot.py", line 1034, in load_extension
    raise errors.ExtensionAlreadyLoaded(name)
discord.ext.commands.errors.ExtensionAlreadyLoaded: Extension 'datein.tasks' is already loaded.

The above exception was the direct cause of the following exception:

Traceback (most recent call last):
  File "/usr/local/python/3.12.1/lib/python3.12/site-packages/discord/ext/commands/bot.py", line 1376, in invoke
    await ctx.command.invoke(ctx)
  File "/usr/local/python/3.12.1/lib/python3.12/site-packages/discord/ext/commands/core.py", line 1064, in invoke
    await injected(*ctx.args, **ctx.kwargs)  # type: ignore
    ^^^^^^^^^^^^^^^^^^^^^^^^^^^^^^^^^^^^^^^
  File "/usr/local/python/3.12.1/lib/python3.12/site-packages/discord/ext/commands/core.py", line 275, in wrapped
    raise CommandInvokeError(exc) from exc
discord.ext.commands.errors.CommandInvokeError: Command raised an exception: ExtensionAlreadyLoaded: Extension 'datein.tasks' is already loaded.
[2026-02-18 20-03-38] [ERROR   ] discord.ext.commands.bot: Ignoring exception in command reload
Traceback (most recent call last):
  File "/usr/local/python/3.12.1/lib/python3.12/site-packages/discord/ext/commands/bot.py", line 962, in _load_from_module_spec
    spec.loader.exec_module(lib)  # type: ignore
    ^^^^^^^^^^^^^^^^^^^^^^^^^^^^
  File "<frozen importlib._bootstrap_external>", line 994, in exec_module
  File "<frozen importlib._bootstrap>", line 488, in _call_with_frames_removed
  File "/workspaces/Nexory/datein/tasks.py", line 132, in <module>
    class tasks(commands.Cog):
  File "/workspaces/Nexory/datein/tasks.py", line 178, in tasks
    @tasks_group.command(name="delete", description="Delete a Guild-Task by its title")
     ^^^^^^^^^^^^^^^^^^^^^^^^^^^^^^^^^^^^^^^^^^^^^^^^^^^^^^^^^^^^^^^^^^^^^^^^^^^^^^^^^^
  File "/usr/local/python/3.12.1/lib/python3.12/site-packages/discord/app_commands/commands.py", line 2013, in decorator
    self.add_command(command)
  File "/usr/local/python/3.12.1/lib/python3.12/site-packages/discord/app_commands/commands.py", line 1919, in add_command
    raise CommandAlreadyRegistered(command.name, guild_id=None)
discord.app_commands.errors.CommandAlreadyRegistered: Command 'delete' already registered.

The above exception was the direct cause of the following exception:

Traceback (most recent call last):
  File "/workspaces/Nexory/datein/developer.py", line 56, in reload
    await self.bot.reload_extension(f"datein.{datei_name}")
  File "/usr/local/python/3.12.1/lib/python3.12/site-packages/discord/ext/commands/bot.py", line 1144, in reload_extension
    await self.load_extension(name)
  File "/usr/local/python/3.12.1/lib/python3.12/site-packages/discord/ext/commands/bot.py", line 1040, in load_extension
    await self._load_from_module_spec(spec, name)
  File "/usr/local/python/3.12.1/lib/python3.12/site-packages/discord/ext/commands/bot.py", line 965, in _load_from_module_spec
    raise errors.ExtensionFailed(key, e) from e
discord.ext.commands.errors.ExtensionFailed: Extension 'datein.tasks' raised an error: CommandAlreadyRegistered: Command 'delete' already registered.

During handling of the above exception, another exception occurred:

Traceback (most recent call last):
  File "/usr/local/python/3.12.1/lib/python3.12/site-packages/discord/ext/commands/core.py", line 266, in wrapped
    ret = await coro(*args, **kwargs)
          ^^^^^^^^^^^^^^^^^^^^^^^^^^^
  File "/workspaces/Nexory/datein/developer.py", line 59, in reload
    await self.bot.load_extension(f"datein.{datei_name}")
  File "/usr/local/python/3.12.1/lib/python3.12/site-packages/discord/ext/commands/bot.py", line 1034, in load_extension
    raise errors.ExtensionAlreadyLoaded(name)
discord.ext.commands.errors.ExtensionAlreadyLoaded: Extension 'datein.tasks' is already loaded.

The above exception was the direct cause of the following exception:

Traceback (most recent call last):
  File "/usr/local/python/3.12.1/lib/python3.12/site-packages/discord/ext/commands/bot.py", line 1376, in invoke
    await ctx.command.invoke(ctx)
  File "/usr/local/python/3.12.1/lib/python3.12/site-packages/discord/ext/commands/core.py", line 1064, in invoke
    await injected(*ctx.args, **ctx.kwargs)  # type: ignore
    ^^^^^^^^^^^^^^^^^^^^^^^^^^^^^^^^^^^^^^^
  File "/usr/local/python/3.12.1/lib/python3.12/site-packages/discord/ext/commands/core.py", line 275, in wrapped
    raise CommandInvokeError(exc) from exc
discord.ext.commands.errors.CommandInvokeError: Command raised an exception: ExtensionAlreadyLoaded: Extension 'datein.tasks' is already loaded.
[2026-02-18 20-03-38] [ERROR   ] discord.ext.commands.bot: Ignoring exception in command reload
Traceback (most recent call last):
  File "/usr/local/python/3.12.1/lib/python3.12/site-packages/discord/ext/commands/bot.py", line 962, in _load_from_module_spec
    spec.loader.exec_module(lib)  # type: ignore
    ^^^^^^^^^^^^^^^^^^^^^^^^^^^^
  File "<frozen importlib._bootstrap_external>", line 994, in exec_module
  File "<frozen importlib._bootstrap>", line 488, in _call_with_frames_removed
  File "/workspaces/Nexory/datein/tasks.py", line 132, in <module>
    class tasks(commands.Cog):
  File "/workspaces/Nexory/datein/tasks.py", line 178, in tasks
    @tasks_group.command(name="delete", description="Delete a Guild-Task by its title")
     ^^^^^^^^^^^^^^^^^^^^^^^^^^^^^^^^^^^^^^^^^^^^^^^^^^^^^^^^^^^^^^^^^^^^^^^^^^^^^^^^^^
  File "/usr/local/python/3.12.1/lib/python3.12/site-packages/discord/app_commands/commands.py", line 2013, in decorator
    self.add_command(command)
  File "/usr/local/python/3.12.1/lib/python3.12/site-packages/discord/app_commands/commands.py", line 1919, in add_command
    raise CommandAlreadyRegistered(command.name, guild_id=None)
discord.app_commands.errors.CommandAlreadyRegistered: Command 'delete' already registered.

The above exception was the direct cause of the following exception:

Traceback (most recent call last):
  File "/workspaces/Nexory/datein/developer.py", line 56, in reload
    await self.bot.reload_extension(f"datein.{datei_name}")
  File "/usr/local/python/3.12.1/lib/python3.12/site-packages/discord/ext/commands/bot.py", line 1144, in reload_extension
    await self.load_extension(name)
  File "/usr/local/python/3.12.1/lib/python3.12/site-packages/discord/ext/commands/bot.py", line 1040, in load_extension
    await self._load_from_module_spec(spec, name)
  File "/usr/local/python/3.12.1/lib/python3.12/site-packages/discord/ext/commands/bot.py", line 965, in _load_from_module_spec
    raise errors.ExtensionFailed(key, e) from e
discord.ext.commands.errors.ExtensionFailed: Extension 'datein.tasks' raised an error: CommandAlreadyRegistered: Command 'delete' already registered.

During handling of the above exception, another exception occurred:

Traceback (most recent call last):
  File "/usr/local/python/3.12.1/lib/python3.12/site-packages/discord/ext/commands/core.py", line 266, in wrapped
    ret = await coro(*args, **kwargs)
          ^^^^^^^^^^^^^^^^^^^^^^^^^^^
  File "/workspaces/Nexory/datein/developer.py", line 59, in reload
    await self.bot.load_extension(f"datein.{datei_name}")
  File "/usr/local/python/3.12.1/lib/python3.12/site-packages/discord/ext/commands/bot.py", line 1034, in load_extension
    raise errors.ExtensionAlreadyLoaded(name)
discord.ext.commands.errors.ExtensionAlreadyLoaded: Extension 'datein.tasks' is already loaded.

The above exception was the direct cause of the following exception:

Traceback (most recent call last):
  File "/usr/local/python/3.12.1/lib/python3.12/site-packages/discord/ext/commands/bot.py", line 1376, in invoke
    await ctx.command.invoke(ctx)
  File "/usr/local/python/3.12.1/lib/python3.12/site-packages/discord/ext/commands/core.py", line 1064, in invoke
    await injected(*ctx.args, **ctx.kwargs)  # type: ignore
    ^^^^^^^^^^^^^^^^^^^^^^^^^^^^^^^^^^^^^^^
  File "/usr/local/python/3.12.1/lib/python3.12/site-packages/discord/ext/commands/core.py", line 275, in wrapped
    raise CommandInvokeError(exc) from exc
discord.ext.commands.errors.CommandInvokeError: Command raised an exception: ExtensionAlreadyLoaded: Extension 'datein.tasks' is already loaded.
[2026-02-18 20-03-38] [ERROR   ] discord.ext.commands.bot: Ignoring exception in command reload
Traceback (most recent call last):
  File "/usr/local/python/3.12.1/lib/python3.12/site-packages/discord/ext/commands/bot.py", line 962, in _load_from_module_spec
    spec.loader.exec_module(lib)  # type: ignore
    ^^^^^^^^^^^^^^^^^^^^^^^^^^^^
  File "<frozen importlib._bootstrap_external>", line 994, in exec_module
  File "<frozen importlib._bootstrap>", line 488, in _call_with_frames_removed
  File "/workspaces/Nexory/datein/tasks.py", line 132, in <module>
    class tasks(commands.Cog):
  File "/workspaces/Nexory/datein/tasks.py", line 178, in tasks
    @tasks_group.command(name="delete", description="Delete a Guild-Task by its title")
     ^^^^^^^^^^^^^^^^^^^^^^^^^^^^^^^^^^^^^^^^^^^^^^^^^^^^^^^^^^^^^^^^^^^^^^^^^^^^^^^^^^
  File "/usr/local/python/3.12.1/lib/python3.12/site-packages/discord/app_commands/commands.py", line 2013, in decorator
    self.add_command(command)
  File "/usr/local/python/3.12.1/lib/python3.12/site-packages/discord/app_commands/commands.py", line 1919, in add_command
    raise CommandAlreadyRegistered(command.name, guild_id=None)
discord.app_commands.errors.CommandAlreadyRegistered: Command 'delete' already registered.

The above exception was the direct cause of the following exception:

Traceback (most recent call last):
  File "/workspaces/Nexory/datein/developer.py", line 56, in reload
    await self.bot.reload_extension(f"datein.{datei_name}")
  File "/usr/local/python/3.12.1/lib/python3.12/site-packages/discord/ext/commands/bot.py", line 1144, in reload_extension
    await self.load_extension(name)
  File "/usr/local/python/3.12.1/lib/python3.12/site-packages/discord/ext/commands/bot.py", line 1040, in load_extension
    await self._load_from_module_spec(spec, name)
  File "/usr/local/python/3.12.1/lib/python3.12/site-packages/discord/ext/commands/bot.py", line 965, in _load_from_module_spec
    raise errors.ExtensionFailed(key, e) from e
discord.ext.commands.errors.ExtensionFailed: Extension 'datein.tasks' raised an error: CommandAlreadyRegistered: Command 'delete' already registered.

During handling of the above exception, another exception occurred:

Traceback (most recent call last):
  File "/usr/local/python/3.12.1/lib/python3.12/site-packages/discord/ext/commands/core.py", line 266, in wrapped
    ret = await coro(*args, **kwargs)
          ^^^^^^^^^^^^^^^^^^^^^^^^^^^
  File "/workspaces/Nexory/datein/developer.py", line 59, in reload
    await self.bot.load_extension(f"datein.{datei_name}")
  File "/usr/local/python/3.12.1/lib/python3.12/site-packages/discord/ext/commands/bot.py", line 1034, in load_extension
    raise errors.ExtensionAlreadyLoaded(name)
discord.ext.commands.errors.ExtensionAlreadyLoaded: Extension 'datein.tasks' is already loaded.

The above exception was the direct cause of the following exception:

Traceback (most recent call last):
  File "/usr/local/python/3.12.1/lib/python3.12/site-packages/discord/ext/commands/bot.py", line 1376, in invoke
    await ctx.command.invoke(ctx)
  File "/usr/local/python/3.12.1/lib/python3.12/site-packages/discord/ext/commands/core.py", line 1064, in invoke
    await injected(*ctx.args, **ctx.kwargs)  # type: ignore
    ^^^^^^^^^^^^^^^^^^^^^^^^^^^^^^^^^^^^^^^
  File "/usr/local/python/3.12.1/lib/python3.12/site-packages/discord/ext/commands/core.py", line 275, in wrapped
    raise CommandInvokeError(exc) from exc
discord.ext.commands.errors.CommandInvokeError: Command raised an exception: ExtensionAlreadyLoaded: Extension 'datein.tasks' is already loaded.
[2026-02-18 20-03-38] [ERROR   ] discord.ext.commands.bot: Ignoring exception in command reload
Traceback (most recent call last):
  File "/usr/local/python/3.12.1/lib/python3.12/site-packages/discord/ext/commands/bot.py", line 962, in _load_from_module_spec
    spec.loader.exec_module(lib)  # type: ignore
    ^^^^^^^^^^^^^^^^^^^^^^^^^^^^
  File "<frozen importlib._bootstrap_external>", line 994, in exec_module
  File "<frozen importlib._bootstrap>", line 488, in _call_with_frames_removed
  File "/workspaces/Nexory/datein/tasks.py", line 132, in <module>
    class tasks(commands.Cog):
  File "/workspaces/Nexory/datein/tasks.py", line 178, in tasks
    @tasks_group.command(name="delete", description="Delete a Guild-Task by its title")
     ^^^^^^^^^^^^^^^^^^^^^^^^^^^^^^^^^^^^^^^^^^^^^^^^^^^^^^^^^^^^^^^^^^^^^^^^^^^^^^^^^^
  File "/usr/local/python/3.12.1/lib/python3.12/site-packages/discord/app_commands/commands.py", line 2013, in decorator
    self.add_command(command)
  File "/usr/local/python/3.12.1/lib/python3.12/site-packages/discord/app_commands/commands.py", line 1919, in add_command
    raise CommandAlreadyRegistered(command.name, guild_id=None)
discord.app_commands.errors.CommandAlreadyRegistered: Command 'delete' already registered.

The above exception was the direct cause of the following exception:

Traceback (most recent call last):
  File "/workspaces/Nexory/datein/developer.py", line 56, in reload
    await self.bot.reload_extension(f"datein.{datei_name}")
  File "/usr/local/python/3.12.1/lib/python3.12/site-packages/discord/ext/commands/bot.py", line 1144, in reload_extension
    await self.load_extension(name)
  File "/usr/local/python/3.12.1/lib/python3.12/site-packages/discord/ext/commands/bot.py", line 1040, in load_extension
    await self._load_from_module_spec(spec, name)
  File "/usr/local/python/3.12.1/lib/python3.12/site-packages/discord/ext/commands/bot.py", line 965, in _load_from_module_spec
    raise errors.ExtensionFailed(key, e) from e
discord.ext.commands.errors.ExtensionFailed: Extension 'datein.tasks' raised an error: CommandAlreadyRegistered: Command 'delete' already registered.

During handling of the above exception, another exception occurred:

Traceback (most recent call last):
  File "/usr/local/python/3.12.1/lib/python3.12/site-packages/discord/ext/commands/core.py", line 266, in wrapped
    ret = await coro(*args, **kwargs)
          ^^^^^^^^^^^^^^^^^^^^^^^^^^^
  File "/workspaces/Nexory/datein/developer.py", line 59, in reload
    await self.bot.load_extension(f"datein.{datei_name}")
  File "/usr/local/python/3.12.1/lib/python3.12/site-packages/discord/ext/commands/bot.py", line 1034, in load_extension
    raise errors.ExtensionAlreadyLoaded(name)
discord.ext.commands.errors.ExtensionAlreadyLoaded: Extension 'datein.tasks' is already loaded.

The above exception was the direct cause of the following exception:

Traceback (most recent call last):
  File "/usr/local/python/3.12.1/lib/python3.12/site-packages/discord/ext/commands/bot.py", line 1376, in invoke
    await ctx.command.invoke(ctx)
  File "/usr/local/python/3.12.1/lib/python3.12/site-packages/discord/ext/commands/core.py", line 1064, in invoke
    await injected(*ctx.args, **ctx.kwargs)  # type: ignore
    ^^^^^^^^^^^^^^^^^^^^^^^^^^^^^^^^^^^^^^^
  File "/usr/local/python/3.12.1/lib/python3.12/site-packages/discord/ext/commands/core.py", line 275, in wrapped
    raise CommandInvokeError(exc) from exc
discord.ext.commands.errors.CommandInvokeError: Command raised an exception: ExtensionAlreadyLoaded: Extension 'datein.tasks' is already loaded.
[2026-02-18 20-07-38] [ERROR   ] discord.ext.commands.bot: Ignoring exception in command reload
Traceback (most recent call last):
  File "/usr/local/python/3.12.1/lib/python3.12/site-packages/discord/ext/commands/bot.py", line 962, in _load_from_module_spec
    spec.loader.exec_module(lib)  # type: ignore
    ^^^^^^^^^^^^^^^^^^^^^^^^^^^^
  File "<frozen importlib._bootstrap_external>", line 994, in exec_module
  File "<frozen importlib._bootstrap>", line 488, in _call_with_frames_removed
  File "/workspaces/Nexory/datein/tasks.py", line 132, in <module>
    class tasks(commands.Cog):
  File "/workspaces/Nexory/datein/tasks.py", line 178, in tasks
    @tasks_group.command(name="delete", description="Delete a Guild-Task by its title")
     ^^^^^^^^^^^^^^^^^^^^^^^^^^^^^^^^^^^^^^^^^^^^^^^^^^^^^^^^^^^^^^^^^^^^^^^^^^^^^^^^^^
  File "/usr/local/python/3.12.1/lib/python3.12/site-packages/discord/app_commands/commands.py", line 2013, in decorator
    self.add_command(command)
  File "/usr/local/python/3.12.1/lib/python3.12/site-packages/discord/app_commands/commands.py", line 1919, in add_command
    raise CommandAlreadyRegistered(command.name, guild_id=None)
discord.app_commands.errors.CommandAlreadyRegistered: Command 'delete' already registered.

The above exception was the direct cause of the following exception:

Traceback (most recent call last):
  File "/workspaces/Nexory/datein/developer.py", line 56, in reload
    await self.bot.reload_extension(f"datein.{datei_name}")
  File "/usr/local/python/3.12.1/lib/python3.12/site-packages/discord/ext/commands/bot.py", line 1144, in reload_extension
    await self.load_extension(name)
  File "/usr/local/python/3.12.1/lib/python3.12/site-packages/discord/ext/commands/bot.py", line 1040, in load_extension
    await self._load_from_module_spec(spec, name)
  File "/usr/local/python/3.12.1/lib/python3.12/site-packages/discord/ext/commands/bot.py", line 965, in _load_from_module_spec
    raise errors.ExtensionFailed(key, e) from e
discord.ext.commands.errors.ExtensionFailed: Extension 'datein.tasks' raised an error: CommandAlreadyRegistered: Command 'delete' already registered.

During handling of the above exception, another exception occurred:

Traceback (most recent call last):
  File "/usr/local/python/3.12.1/lib/python3.12/site-packages/discord/ext/commands/core.py", line 266, in wrapped
    ret = await coro(*args, **kwargs)
          ^^^^^^^^^^^^^^^^^^^^^^^^^^^
  File "/workspaces/Nexory/datein/developer.py", line 59, in reload
    await self.bot.load_extension(f"datein.{datei_name}")
  File "/usr/local/python/3.12.1/lib/python3.12/site-packages/discord/ext/commands/bot.py", line 1034, in load_extension
    raise errors.ExtensionAlreadyLoaded(name)
discord.ext.commands.errors.ExtensionAlreadyLoaded: Extension 'datein.tasks' is already loaded.

The above exception was the direct cause of the following exception:

Traceback (most recent call last):
  File "/usr/local/python/3.12.1/lib/python3.12/site-packages/discord/ext/commands/bot.py", line 1376, in invoke
    await ctx.command.invoke(ctx)
  File "/usr/local/python/3.12.1/lib/python3.12/site-packages/discord/ext/commands/core.py", line 1064, in invoke
    await injected(*ctx.args, **ctx.kwargs)  # type: ignore
    ^^^^^^^^^^^^^^^^^^^^^^^^^^^^^^^^^^^^^^^
  File "/usr/local/python/3.12.1/lib/python3.12/site-packages/discord/ext/commands/core.py", line 275, in wrapped
    raise CommandInvokeError(exc) from exc
discord.ext.commands.errors.CommandInvokeError: Command raised an exception: ExtensionAlreadyLoaded: Extension 'datein.tasks' is already loaded.
[2026-02-18 20-07-38] [ERROR   ] discord.ext.commands.bot: Ignoring exception in command reload
Traceback (most recent call last):
  File "/usr/local/python/3.12.1/lib/python3.12/site-packages/discord/ext/commands/bot.py", line 962, in _load_from_module_spec
    spec.loader.exec_module(lib)  # type: ignore
    ^^^^^^^^^^^^^^^^^^^^^^^^^^^^
  File "<frozen importlib._bootstrap_external>", line 994, in exec_module
  File "<frozen importlib._bootstrap>", line 488, in _call_with_frames_removed
  File "/workspaces/Nexory/datein/tasks.py", line 132, in <module>
    class tasks(commands.Cog):
  File "/workspaces/Nexory/datein/tasks.py", line 178, in tasks
    @tasks_group.command(name="delete", description="Delete a Guild-Task by its title")
     ^^^^^^^^^^^^^^^^^^^^^^^^^^^^^^^^^^^^^^^^^^^^^^^^^^^^^^^^^^^^^^^^^^^^^^^^^^^^^^^^^^
  File "/usr/local/python/3.12.1/lib/python3.12/site-packages/discord/app_commands/commands.py", line 2013, in decorator
    self.add_command(command)
  File "/usr/local/python/3.12.1/lib/python3.12/site-packages/discord/app_commands/commands.py", line 1919, in add_command
    raise CommandAlreadyRegistered(command.name, guild_id=None)
discord.app_commands.errors.CommandAlreadyRegistered: Command 'delete' already registered.

The above exception was the direct cause of the following exception:

Traceback (most recent call last):
  File "/workspaces/Nexory/datein/developer.py", line 56, in reload
    await self.bot.reload_extension(f"datein.{datei_name}")
  File "/usr/local/python/3.12.1/lib/python3.12/site-packages/discord/ext/commands/bot.py", line 1144, in reload_extension
    await self.load_extension(name)
  File "/usr/local/python/3.12.1/lib/python3.12/site-packages/discord/ext/commands/bot.py", line 1040, in load_extension
    await self._load_from_module_spec(spec, name)
  File "/usr/local/python/3.12.1/lib/python3.12/site-packages/discord/ext/commands/bot.py", line 965, in _load_from_module_spec
    raise errors.ExtensionFailed(key, e) from e
discord.ext.commands.errors.ExtensionFailed: Extension 'datein.tasks' raised an error: CommandAlreadyRegistered: Command 'delete' already registered.

During handling of the above exception, another exception occurred:

Traceback (most recent call last):
  File "/usr/local/python/3.12.1/lib/python3.12/site-packages/discord/ext/commands/core.py", line 266, in wrapped
    ret = await coro(*args, **kwargs)
          ^^^^^^^^^^^^^^^^^^^^^^^^^^^
  File "/workspaces/Nexory/datein/developer.py", line 59, in reload
    await self.bot.load_extension(f"datein.{datei_name}")
  File "/usr/local/python/3.12.1/lib/python3.12/site-packages/discord/ext/commands/bot.py", line 1034, in load_extension
    raise errors.ExtensionAlreadyLoaded(name)
discord.ext.commands.errors.ExtensionAlreadyLoaded: Extension 'datein.tasks' is already loaded.

The above exception was the direct cause of the following exception:

Traceback (most recent call last):
  File "/usr/local/python/3.12.1/lib/python3.12/site-packages/discord/ext/commands/bot.py", line 1376, in invoke
    await ctx.command.invoke(ctx)
  File "/usr/local/python/3.12.1/lib/python3.12/site-packages/discord/ext/commands/core.py", line 1064, in invoke
    await injected(*ctx.args, **ctx.kwargs)  # type: ignore
    ^^^^^^^^^^^^^^^^^^^^^^^^^^^^^^^^^^^^^^^
  File "/usr/local/python/3.12.1/lib/python3.12/site-packages/discord/ext/commands/core.py", line 275, in wrapped
    raise CommandInvokeError(exc) from exc
discord.ext.commands.errors.CommandInvokeError: Command raised an exception: ExtensionAlreadyLoaded: Extension 'datein.tasks' is already loaded.
[2026-02-18 20-07-38] [ERROR   ] discord.ext.commands.bot: Ignoring exception in command reload
Traceback (most recent call last):
  File "/usr/local/python/3.12.1/lib/python3.12/site-packages/discord/ext/commands/bot.py", line 962, in _load_from_module_spec
    spec.loader.exec_module(lib)  # type: ignore
    ^^^^^^^^^^^^^^^^^^^^^^^^^^^^
  File "<frozen importlib._bootstrap_external>", line 994, in exec_module
  File "<frozen importlib._bootstrap>", line 488, in _call_with_frames_removed
  File "/workspaces/Nexory/datein/tasks.py", line 132, in <module>
    class tasks(commands.Cog):
  File "/workspaces/Nexory/datein/tasks.py", line 178, in tasks
    @tasks_group.command(name="delete", description="Delete a Guild-Task by its title")
     ^^^^^^^^^^^^^^^^^^^^^^^^^^^^^^^^^^^^^^^^^^^^^^^^^^^^^^^^^^^^^^^^^^^^^^^^^^^^^^^^^^
  File "/usr/local/python/3.12.1/lib/python3.12/site-packages/discord/app_commands/commands.py", line 2013, in decorator
    self.add_command(command)
  File "/usr/local/python/3.12.1/lib/python3.12/site-packages/discord/app_commands/commands.py", line 1919, in add_command
    raise CommandAlreadyRegistered(command.name, guild_id=None)
discord.app_commands.errors.CommandAlreadyRegistered: Command 'delete' already registered.

The above exception was the direct cause of the following exception:

Traceback (most recent call last):
  File "/workspaces/Nexory/datein/developer.py", line 56, in reload
    await self.bot.reload_extension(f"datein.{datei_name}")
  File "/usr/local/python/3.12.1/lib/python3.12/site-packages/discord/ext/commands/bot.py", line 1144, in reload_extension
    await self.load_extension(name)
  File "/usr/local/python/3.12.1/lib/python3.12/site-packages/discord/ext/commands/bot.py", line 1040, in load_extension
    await self._load_from_module_spec(spec, name)
  File "/usr/local/python/3.12.1/lib/python3.12/site-packages/discord/ext/commands/bot.py", line 965, in _load_from_module_spec
    raise errors.ExtensionFailed(key, e) from e
discord.ext.commands.errors.ExtensionFailed: Extension 'datein.tasks' raised an error: CommandAlreadyRegistered: Command 'delete' already registered.

During handling of the above exception, another exception occurred:

Traceback (most recent call last):
  File "/usr/local/python/3.12.1/lib/python3.12/site-packages/discord/ext/commands/core.py", line 266, in wrapped
    ret = await coro(*args, **kwargs)
          ^^^^^^^^^^^^^^^^^^^^^^^^^^^
  File "/workspaces/Nexory/datein/developer.py", line 59, in reload
    await self.bot.load_extension(f"datein.{datei_name}")
  File "/usr/local/python/3.12.1/lib/python3.12/site-packages/discord/ext/commands/bot.py", line 1034, in load_extension
    raise errors.ExtensionAlreadyLoaded(name)
discord.ext.commands.errors.ExtensionAlreadyLoaded: Extension 'datein.tasks' is already loaded.

The above exception was the direct cause of the following exception:

Traceback (most recent call last):
  File "/usr/local/python/3.12.1/lib/python3.12/site-packages/discord/ext/commands/bot.py", line 1376, in invoke
    await ctx.command.invoke(ctx)
  File "/usr/local/python/3.12.1/lib/python3.12/site-packages/discord/ext/commands/core.py", line 1064, in invoke
    await injected(*ctx.args, **ctx.kwargs)  # type: ignore
    ^^^^^^^^^^^^^^^^^^^^^^^^^^^^^^^^^^^^^^^
  File "/usr/local/python/3.12.1/lib/python3.12/site-packages/discord/ext/commands/core.py", line 275, in wrapped
    raise CommandInvokeError(exc) from exc
discord.ext.commands.errors.CommandInvokeError: Command raised an exception: ExtensionAlreadyLoaded: Extension 'datein.tasks' is already loaded.
[2026-02-18 20-07-38] [ERROR   ] discord.ext.commands.bot: Ignoring exception in command reload
Traceback (most recent call last):
  File "/usr/local/python/3.12.1/lib/python3.12/site-packages/discord/ext/commands/bot.py", line 962, in _load_from_module_spec
    spec.loader.exec_module(lib)  # type: ignore
    ^^^^^^^^^^^^^^^^^^^^^^^^^^^^
  File "<frozen importlib._bootstrap_external>", line 994, in exec_module
  File "<frozen importlib._bootstrap>", line 488, in _call_with_frames_removed
  File "/workspaces/Nexory/datein/tasks.py", line 132, in <module>
    class tasks(commands.Cog):
  File "/workspaces/Nexory/datein/tasks.py", line 178, in tasks
    @tasks_group.command(name="delete", description="Delete a Guild-Task by its title")
     ^^^^^^^^^^^^^^^^^^^^^^^^^^^^^^^^^^^^^^^^^^^^^^^^^^^^^^^^^^^^^^^^^^^^^^^^^^^^^^^^^^
  File "/usr/local/python/3.12.1/lib/python3.12/site-packages/discord/app_commands/commands.py", line 2013, in decorator
    self.add_command(command)
  File "/usr/local/python/3.12.1/lib/python3.12/site-packages/discord/app_commands/commands.py", line 1919, in add_command
    raise CommandAlreadyRegistered(command.name, guild_id=None)
discord.app_commands.errors.CommandAlreadyRegistered: Command 'delete' already registered.

The above exception was the direct cause of the following exception:

Traceback (most recent call last):
  File "/workspaces/Nexory/datein/developer.py", line 56, in reload
    await self.bot.reload_extension(f"datein.{datei_name}")
  File "/usr/local/python/3.12.1/lib/python3.12/site-packages/discord/ext/commands/bot.py", line 1144, in reload_extension
    await self.load_extension(name)
  File "/usr/local/python/3.12.1/lib/python3.12/site-packages/discord/ext/commands/bot.py", line 1040, in load_extension
    await self._load_from_module_spec(spec, name)
  File "/usr/local/python/3.12.1/lib/python3.12/site-packages/discord/ext/commands/bot.py", line 965, in _load_from_module_spec
    raise errors.ExtensionFailed(key, e) from e
discord.ext.commands.errors.ExtensionFailed: Extension 'datein.tasks' raised an error: CommandAlreadyRegistered: Command 'delete' already registered.

During handling of the above exception, another exception occurred:

Traceback (most recent call last):
  File "/usr/local/python/3.12.1/lib/python3.12/site-packages/discord/ext/commands/core.py", line 266, in wrapped
    ret = await coro(*args, **kwargs)
          ^^^^^^^^^^^^^^^^^^^^^^^^^^^
  File "/workspaces/Nexory/datein/developer.py", line 59, in reload
    await self.bot.load_extension(f"datein.{datei_name}")
  File "/usr/local/python/3.12.1/lib/python3.12/site-packages/discord/ext/commands/bot.py", line 1034, in load_extension
    raise errors.ExtensionAlreadyLoaded(name)
discord.ext.commands.errors.ExtensionAlreadyLoaded: Extension 'datein.tasks' is already loaded.

The above exception was the direct cause of the following exception:

Traceback (most recent call last):
  File "/usr/local/python/3.12.1/lib/python3.12/site-packages/discord/ext/commands/bot.py", line 1376, in invoke
    await ctx.command.invoke(ctx)
  File "/usr/local/python/3.12.1/lib/python3.12/site-packages/discord/ext/commands/core.py", line 1064, in invoke
    await injected(*ctx.args, **ctx.kwargs)  # type: ignore
    ^^^^^^^^^^^^^^^^^^^^^^^^^^^^^^^^^^^^^^^
  File "/usr/local/python/3.12.1/lib/python3.12/site-packages/discord/ext/commands/core.py", line 275, in wrapped
    raise CommandInvokeError(exc) from exc
discord.ext.commands.errors.CommandInvokeError: Command raised an exception: ExtensionAlreadyLoaded: Extension 'datein.tasks' is already loaded.
[2026-02-18 20-07-38] [ERROR   ] discord.ext.commands.bot: Ignoring exception in command reload
Traceback (most recent call last):
  File "/usr/local/python/3.12.1/lib/python3.12/site-packages/discord/ext/commands/bot.py", line 962, in _load_from_module_spec
    spec.loader.exec_module(lib)  # type: ignore
    ^^^^^^^^^^^^^^^^^^^^^^^^^^^^
  File "<frozen importlib._bootstrap_external>", line 994, in exec_module
  File "<frozen importlib._bootstrap>", line 488, in _call_with_frames_removed
  File "/workspaces/Nexory/datein/tasks.py", line 132, in <module>
    class tasks(commands.Cog):
  File "/workspaces/Nexory/datein/tasks.py", line 178, in tasks
    @tasks_group.command(name="delete", description="Delete a Guild-Task by its title")
     ^^^^^^^^^^^^^^^^^^^^^^^^^^^^^^^^^^^^^^^^^^^^^^^^^^^^^^^^^^^^^^^^^^^^^^^^^^^^^^^^^^
  File "/usr/local/python/3.12.1/lib/python3.12/site-packages/discord/app_commands/commands.py", line 2013, in decorator
    self.add_command(command)
  File "/usr/local/python/3.12.1/lib/python3.12/site-packages/discord/app_commands/commands.py", line 1919, in add_command
    raise CommandAlreadyRegistered(command.name, guild_id=None)
discord.app_commands.errors.CommandAlreadyRegistered: Command 'delete' already registered.

The above exception was the direct cause of the following exception:

Traceback (most recent call last):
  File "/workspaces/Nexory/datein/developer.py", line 56, in reload
    await self.bot.reload_extension(f"datein.{datei_name}")
  File "/usr/local/python/3.12.1/lib/python3.12/site-packages/discord/ext/commands/bot.py", line 1144, in reload_extension
    await self.load_extension(name)
  File "/usr/local/python/3.12.1/lib/python3.12/site-packages/discord/ext/commands/bot.py", line 1040, in load_extension
    await self._load_from_module_spec(spec, name)
  File "/usr/local/python/3.12.1/lib/python3.12/site-packages/discord/ext/commands/bot.py", line 965, in _load_from_module_spec
    raise errors.ExtensionFailed(key, e) from e
discord.ext.commands.errors.ExtensionFailed: Extension 'datein.tasks' raised an error: CommandAlreadyRegistered: Command 'delete' already registered.

During handling of the above exception, another exception occurred:

Traceback (most recent call last):
  File "/usr/local/python/3.12.1/lib/python3.12/site-packages/discord/ext/commands/core.py", line 266, in wrapped
    ret = await coro(*args, **kwargs)
          ^^^^^^^^^^^^^^^^^^^^^^^^^^^
  File "/workspaces/Nexory/datein/developer.py", line 59, in reload
    await self.bot.load_extension(f"datein.{datei_name}")
  File "/usr/local/python/3.12.1/lib/python3.12/site-packages/discord/ext/commands/bot.py", line 1034, in load_extension
    raise errors.ExtensionAlreadyLoaded(name)
discord.ext.commands.errors.ExtensionAlreadyLoaded: Extension 'datein.tasks' is already loaded.

The above exception was the direct cause of the following exception:

Traceback (most recent call last):
  File "/usr/local/python/3.12.1/lib/python3.12/site-packages/discord/ext/commands/bot.py", line 1376, in invoke
    await ctx.command.invoke(ctx)
  File "/usr/local/python/3.12.1/lib/python3.12/site-packages/discord/ext/commands/core.py", line 1064, in invoke
    await injected(*ctx.args, **ctx.kwargs)  # type: ignore
    ^^^^^^^^^^^^^^^^^^^^^^^^^^^^^^^^^^^^^^^
  File "/usr/local/python/3.12.1/lib/python3.12/site-packages/discord/ext/commands/core.py", line 275, in wrapped
    raise CommandInvokeError(exc) from exc
discord.ext.commands.errors.CommandInvokeError: Command raised an exception: ExtensionAlreadyLoaded: Extension 'datein.tasks' is already loaded.
[2026-02-18 20-07-38] [ERROR   ] discord.ext.commands.bot: Ignoring exception in command reload
Traceback (most recent call last):
  File "/usr/local/python/3.12.1/lib/python3.12/site-packages/discord/ext/commands/bot.py", line 962, in _load_from_module_spec
    spec.loader.exec_module(lib)  # type: ignore
    ^^^^^^^^^^^^^^^^^^^^^^^^^^^^
  File "<frozen importlib._bootstrap_external>", line 994, in exec_module
  File "<frozen importlib._bootstrap>", line 488, in _call_with_frames_removed
  File "/workspaces/Nexory/datein/tasks.py", line 132, in <module>
    class tasks(commands.Cog):
  File "/workspaces/Nexory/datein/tasks.py", line 178, in tasks
    @tasks_group.command(name="delete", description="Delete a Guild-Task by its title")
     ^^^^^^^^^^^^^^^^^^^^^^^^^^^^^^^^^^^^^^^^^^^^^^^^^^^^^^^^^^^^^^^^^^^^^^^^^^^^^^^^^^
  File "/usr/local/python/3.12.1/lib/python3.12/site-packages/discord/app_commands/commands.py", line 2013, in decorator
    self.add_command(command)
  File "/usr/local/python/3.12.1/lib/python3.12/site-packages/discord/app_commands/commands.py", line 1919, in add_command
    raise CommandAlreadyRegistered(command.name, guild_id=None)
discord.app_commands.errors.CommandAlreadyRegistered: Command 'delete' already registered.

The above exception was the direct cause of the following exception:

Traceback (most recent call last):
  File "/workspaces/Nexory/datein/developer.py", line 56, in reload
    await self.bot.reload_extension(f"datein.{datei_name}")
  File "/usr/local/python/3.12.1/lib/python3.12/site-packages/discord/ext/commands/bot.py", line 1144, in reload_extension
    await self.load_extension(name)
  File "/usr/local/python/3.12.1/lib/python3.12/site-packages/discord/ext/commands/bot.py", line 1040, in load_extension
    await self._load_from_module_spec(spec, name)
  File "/usr/local/python/3.12.1/lib/python3.12/site-packages/discord/ext/commands/bot.py", line 965, in _load_from_module_spec
    raise errors.ExtensionFailed(key, e) from e
discord.ext.commands.errors.ExtensionFailed: Extension 'datein.tasks' raised an error: CommandAlreadyRegistered: Command 'delete' already registered.

During handling of the above exception, another exception occurred:

Traceback (most recent call last):
  File "/usr/local/python/3.12.1/lib/python3.12/site-packages/discord/ext/commands/core.py", line 266, in wrapped
    ret = await coro(*args, **kwargs)
          ^^^^^^^^^^^^^^^^^^^^^^^^^^^
  File "/workspaces/Nexory/datein/developer.py", line 59, in reload
    await self.bot.load_extension(f"datein.{datei_name}")
  File "/usr/local/python/3.12.1/lib/python3.12/site-packages/discord/ext/commands/bot.py", line 1034, in load_extension
    raise errors.ExtensionAlreadyLoaded(name)
discord.ext.commands.errors.ExtensionAlreadyLoaded: Extension 'datein.tasks' is already loaded.

The above exception was the direct cause of the following exception:

Traceback (most recent call last):
  File "/usr/local/python/3.12.1/lib/python3.12/site-packages/discord/ext/commands/bot.py", line 1376, in invoke
    await ctx.command.invoke(ctx)
  File "/usr/local/python/3.12.1/lib/python3.12/site-packages/discord/ext/commands/core.py", line 1064, in invoke
    await injected(*ctx.args, **ctx.kwargs)  # type: ignore
    ^^^^^^^^^^^^^^^^^^^^^^^^^^^^^^^^^^^^^^^
  File "/usr/local/python/3.12.1/lib/python3.12/site-packages/discord/ext/commands/core.py", line 275, in wrapped
    raise CommandInvokeError(exc) from exc
discord.ext.commands.errors.CommandInvokeError: Command raised an exception: ExtensionAlreadyLoaded: Extension 'datein.tasks' is already loaded.
[2026-02-18 20-07-38] [ERROR   ] discord.ext.commands.bot: Ignoring exception in command reload
Traceback (most recent call last):
  File "/usr/local/python/3.12.1/lib/python3.12/site-packages/discord/ext/commands/bot.py", line 962, in _load_from_module_spec
    spec.loader.exec_module(lib)  # type: ignore
    ^^^^^^^^^^^^^^^^^^^^^^^^^^^^
  File "<frozen importlib._bootstrap_external>", line 994, in exec_module
  File "<frozen importlib._bootstrap>", line 488, in _call_with_frames_removed
  File "/workspaces/Nexory/datein/tasks.py", line 132, in <module>
    class tasks(commands.Cog):
  File "/workspaces/Nexory/datein/tasks.py", line 178, in tasks
    @tasks_group.command(name="delete", description="Delete a Guild-Task by its title")
     ^^^^^^^^^^^^^^^^^^^^^^^^^^^^^^^^^^^^^^^^^^^^^^^^^^^^^^^^^^^^^^^^^^^^^^^^^^^^^^^^^^
  File "/usr/local/python/3.12.1/lib/python3.12/site-packages/discord/app_commands/commands.py", line 2013, in decorator
    self.add_command(command)
  File "/usr/local/python/3.12.1/lib/python3.12/site-packages/discord/app_commands/commands.py", line 1919, in add_command
    raise CommandAlreadyRegistered(command.name, guild_id=None)
discord.app_commands.errors.CommandAlreadyRegistered: Command 'delete' already registered.

The above exception was the direct cause of the following exception:

Traceback (most recent call last):
  File "/workspaces/Nexory/datein/developer.py", line 56, in reload
    await self.bot.reload_extension(f"datein.{datei_name}")
  File "/usr/local/python/3.12.1/lib/python3.12/site-packages/discord/ext/commands/bot.py", line 1144, in reload_extension
    await self.load_extension(name)
  File "/usr/local/python/3.12.1/lib/python3.12/site-packages/discord/ext/commands/bot.py", line 1040, in load_extension
    await self._load_from_module_spec(spec, name)
  File "/usr/local/python/3.12.1/lib/python3.12/site-packages/discord/ext/commands/bot.py", line 965, in _load_from_module_spec
    raise errors.ExtensionFailed(key, e) from e
discord.ext.commands.errors.ExtensionFailed: Extension 'datein.tasks' raised an error: CommandAlreadyRegistered: Command 'delete' already registered.

During handling of the above exception, another exception occurred:

Traceback (most recent call last):
  File "/usr/local/python/3.12.1/lib/python3.12/site-packages/discord/ext/commands/core.py", line 266, in wrapped
    ret = await coro(*args, **kwargs)
          ^^^^^^^^^^^^^^^^^^^^^^^^^^^
  File "/workspaces/Nexory/datein/developer.py", line 59, in reload
    await self.bot.load_extension(f"datein.{datei_name}")
  File "/usr/local/python/3.12.1/lib/python3.12/site-packages/discord/ext/commands/bot.py", line 1034, in load_extension
    raise errors.ExtensionAlreadyLoaded(name)
discord.ext.commands.errors.ExtensionAlreadyLoaded: Extension 'datein.tasks' is already loaded.

The above exception was the direct cause of the following exception:

Traceback (most recent call last):
  File "/usr/local/python/3.12.1/lib/python3.12/site-packages/discord/ext/commands/bot.py", line 1376, in invoke
    await ctx.command.invoke(ctx)
  File "/usr/local/python/3.12.1/lib/python3.12/site-packages/discord/ext/commands/core.py", line 1064, in invoke
    await injected(*ctx.args, **ctx.kwargs)  # type: ignore
    ^^^^^^^^^^^^^^^^^^^^^^^^^^^^^^^^^^^^^^^
  File "/usr/local/python/3.12.1/lib/python3.12/site-packages/discord/ext/commands/core.py", line 275, in wrapped
    raise CommandInvokeError(exc) from exc
discord.ext.commands.errors.CommandInvokeError: Command raised an exception: ExtensionAlreadyLoaded: Extension 'datein.tasks' is already loaded.
